#
# A fatal error has been detected by the Java Runtime Environment:
#
#  SIGSEGV (0xb) at pc=0x00007f2d806ef1c7, pid=29003, tid=0x00007f2df149a700
#
# JRE version: Java(TM) SE Runtime Environment (8.0_92-b14) (build 1.8.0_92-b14)
# Java VM: Java HotSpot(TM) 64-Bit Server VM (25.92-b14 mixed mode linux-amd64 compressed oops)
# Problematic frame:
# C  [libJCudaRuntime-linux-x86_64.so+0x471c7]  cudart::contextStateManager::getRuntimeContextState(cudart::contextState**, bool)+0x37
#
# Failed to write core dump. Core dumps have been disabled. To enable core dumping, try "ulimit -c unlimited" before starting Java again
#
# If you would like to submit a bug report, please visit:
#   http://bugreport.java.com/bugreport/crash.jsp
# The crash happened outside the Java Virtual Machine in native code.
# See problematic frame for where to report the bug.
#

---------------  T H R E A D  ---------------

Current thread (0x00007f2de800c800):  JavaThread "main" [_thread_in_native, id=29009, stack(0x00007f2df139a000,0x00007f2df149b000)]

siginfo: si_signo: 11 (SIGSEGV), si_code: 1 (SEGV_MAPERR), si_addr: 0x0000000000000000

Registers:
RAX=0x00007f2de81440a0, RBX=0x0000000000000001, RCX=0x0000000000000003, RDX=0x0000000000000000
RSP=0x00007f2df14991c0, RBP=0x0000001915491600, RSI=0x00007f2df1499210, RDI=0x0000000000000000
R8 =0x0000000001f1b8ee, R9 =0x00000003e297d820, R10=0x00007f2dd95c458f, R11=0x00000000000ce8e8
R12=0x0000000000000000, R13=0x00007f2df1499210, R14=0x0000001915491600, R15=0x00007f2de800c800
RIP=0x00007f2d806ef1c7, EFLAGS=0x0000000000010206, CSGSFS=0x0000000000000033, ERR=0x0000000000000004
  TRAPNO=0x000000000000000e

Top of Stack: (sp=0x00007f2df14991c0)
0x00007f2df14991c0:   0000000000000000 0000000000000000
0x00007f2df14991d0:   000000007c6daf87 0000001915491600
0x00007f2df14991e0:   0000000000000000 0000000000000007
0x00007f2df14991f0:   0000001915491600 00007f2d806e2e1c
0x00007f2df1499200:   00007f2de86bdf30 00007f2da49a9481
0x00007f2df1499210:   0000000000000000 00007f2d806cea5e
0x00007f2df1499220:   00007f2da610daf8 00007f2d8070ec09
0x00007f2df1499230:   00007f2d807145e0 000000007c6daf87
0x00007f2df1499240:   00007f2de81440a0 00007f2d80701f41
0x00007f2df1499250:   00007f2de800c800 0000000000000000
0x00007f2df1499260:   00007f2df14992a0 00007f2deffa3907
0x00007f2df1499270:   00007f2df1499360 000000007c6daf87
0x00007f2df1499280:   0000000000000000 0000000000000007
0x00007f2df1499290:   00007f2df1499390 00007f2de800c800
0x00007f2df14992a0:   00007f2df14992d0 00007f2d806c56db
0x00007f2df14992b0:   00007f2de800c800 0000000000000062
0x00007f2df14992c0:   00007f2df1499360 00007f2de800c9f8
0x00007f2df14992d0:   00007f2df1499310 00007f2d80711927
0x00007f2df14992e0:   0000000000000000 00000000e800c9f8
0x00007f2df14992f0:   000000007c6daf87 00007f2df1499350
0x00007f2df1499300:   0000000000000000 0000000000000007
0x00007f2df1499310:   00007f2df1499390 00007f2d806bf2e2
0x00007f2df1499320:   00007f2de800c9f8 00007f2df1499360
0x00007f2df1499330:   00007f2df1499390 00007f2de800c9f8
0x00007f2df1499340:   0000000679a5d548 0000001915491600
0x00007f2df1499350:   00007f2df14993a0 00007f2dd95c45ff
0x00007f2df1499360:   0000000675a60f68 00007f2da6087316
0x00007f2df1499370:   0000000700000001 00000001f14993e0
0x00007f2df1499380:   00007f2df14993f0 0000000700000004
0x00007f2df1499390:   00000003e19b4678 00007f2de800c9f8
0x00007f2df14993a0:   0000000675a60f68 00007f2dd94203b0
0x00007f2df14993b0:   00000003e297d820 0000000000000007 

Instructions: (pc=0x00007f2d806ef1c7)
0x00007f2d806ef1a7:   89 fa 4c 89 74 24 f8 48 83 ec 38 49 89 fc 48 c7
0x00007f2d806ef1b7:   04 24 00 00 00 00 48 c7 06 00 00 00 00 49 89 f5
0x00007f2d806ef1c7:   48 8b 07 31 f6 48 89 e7 ff 50 10 84 db 75 2e 85
0x00007f2d806ef1d7:   c0 75 47 48 8b 14 24 31 ed 49 89 55 00 89 e8 48 

Register to memory mapping:

RAX=0x00007f2de81440a0 is an unknown value
RBX=0x0000000000000001 is an unknown value
RCX=0x0000000000000003 is an unknown value
RDX=0x0000000000000000 is an unknown value
RSP=0x00007f2df14991c0 is pointing into the stack for thread: 0x00007f2de800c800
RBP=0x0000001915491600 is an unknown value
RSI=0x00007f2df1499210 is pointing into the stack for thread: 0x00007f2de800c800
RDI=0x0000000000000000 is an unknown value
R8 =0x0000000001f1b8ee is an unknown value
R9 =0x00000003e297d820 is an oop
java.util.Hashtable 
 - klass: 'java/util/Hashtable'
R10=0x00007f2dd95c458f is at entry_point+79 in (nmethod*)0x00007f2dd95c43d0
R11=0x00000000000ce8e8 is an unknown value
R12=0x0000000000000000 is an unknown value
R13=0x00007f2df1499210 is pointing into the stack for thread: 0x00007f2de800c800
R14=0x0000001915491600 is an unknown value
R15=0x00007f2de800c800 is a thread


Stack: [0x00007f2df139a000,0x00007f2df149b000],  sp=0x00007f2df14991c0,  free space=1020k
Native frames: (J=compiled Java code, j=interpreted, Vv=VM code, C=native code)
C  [libJCudaRuntime-linux-x86_64.so+0x471c7]  cudart::contextStateManager::getRuntimeContextState(cudart::contextState**, bool)+0x37

Java frames: (J=compiled Java code, j=interpreted, Vv=VM code)
J 1118  jcuda.runtime.JCuda.cudaFreeNative(Ljcuda/Pointer;)I (0 bytes) @ 0x00007f2dd95c458f [0x00007f2dd95c4540+0x4f]
J 1122 C2 nDimensionalMatrices.GPUMemoryManager.free(Ljcuda/Pointer;)V (77 bytes) @ 0x00007f2dd94203b0 [0x00007f2dd941ffc0+0x3f0]
J 1245 C2 learningRule.MPBackPropGradientDescent.backprop(Lnetwork/SplitNetwork;[LnDimensionalMatrices/Matrix;[LnDimensionalMatrices/Matrix;LcostFunctions/CostFunction;)[Ljava/lang/Object; (940 bytes) @ 0x00007f2dd95f6f24 [0x00007f2dd95f2520+0x4a04]
J 1261% C2 learningRule.MPBackPropGradientDescent.trainNetwork(Lnetwork/SplitNetwork;[[LnDimensionalMatrices/Matrix;[[LnDimensionalMatrices/Matrix;LcostFunctions/CostFunction;)V (1123 bytes) @ 0x00007f2dd930ef84 [0x00007f2dd930e2a0+0xce4]
j  learningRule.BPGDUnsupervisedTrainingNestrov.unsupervisedTrain(Lnetwork/SplitNetwork;[[LnDimensionalMatrices/Matrix;[[LnDimensionalMatrices/Matrix;LcostFunctions/CostFunction;)Lnetwork/SplitNetwork;+1111
j  MLSAT.MLSATSAT4J.trainNetwork(IZZLSATSolver/SATSolverSAT4J;)V+697
j  MLSAT.TestMLSATSAT4J.testPIndustiralMLSAT()V+205
j  MLSAT.TestMLSATSAT4J.main([Ljava/lang/String;)V+0
v  ~StubRoutines::call_stub

---------------  P R O C E S S  ---------------

Java Threads: ( => current thread )
  0x00007f2de80e9800 JavaThread "Service Thread" daemon [_thread_blocked, id=29036, stack(0x00007f2dc502a000,0x00007f2dc512b000)]
  0x00007f2de80de000 JavaThread "C1 CompilerThread3" daemon [_thread_blocked, id=29035, stack(0x00007f2dc512b000,0x00007f2dc522c000)]
  0x00007f2de80dc000 JavaThread "C2 CompilerThread2" daemon [_thread_blocked, id=29034, stack(0x00007f2dc522c000,0x00007f2dc532d000)]
  0x00007f2de80da000 JavaThread "C2 CompilerThread1" daemon [_thread_blocked, id=29033, stack(0x00007f2dc532d000,0x00007f2dc542e000)]
  0x00007f2de80d7000 JavaThread "C2 CompilerThread0" daemon [_thread_blocked, id=29032, stack(0x00007f2dc542e000,0x00007f2dc552f000)]
  0x00007f2de80d5000 JavaThread "JDWP Event Helper Thread" daemon [_thread_blocked, id=29027, stack(0x00007f2dc5630000,0x00007f2dc5731000)]
  0x00007f2de80d1800 JavaThread "JDWP Transport Listener: dt_socket" daemon [_thread_in_native, id=29026, stack(0x00007f2dc5731000,0x00007f2dc5832000)]
  0x00007f2de80c5000 JavaThread "Signal Dispatcher" daemon [_thread_in_vm_trans, id=29024, stack(0x00007f2dc5a36000,0x00007f2dc5b37000)]
  0x00007f2de8092800 JavaThread "Finalizer" daemon [_thread_blocked, id=29023, stack(0x00007f2dc5b37000,0x00007f2dc5c38000)]
  0x00007f2de808e000 JavaThread "Reference Handler" daemon [_thread_blocked, id=29022, stack(0x00007f2dc5c38000,0x00007f2dc5d39000)]
=>0x00007f2de800c800 JavaThread "main" [_thread_in_native, id=29009, stack(0x00007f2df139a000,0x00007f2df149b000)]

Other Threads:
  0x00007f2de8086800 VMThread [stack: 0x00007f2dc5d39000,0x00007f2dc5e3a000] [id=29021]
  0x00007f2de80ec000 WatcherThread [stack: 0x00007f2dc4f29000,0x00007f2dc502a000] [id=29037]

VM state:not at safepoint (normal execution)

VM Mutex/Monitor currently owned by a thread:  ([mutex/lock_event])
[0x00007f2de8008940] Threads_lock - owner thread: 0x00007f2de80c5000

Heap:
 PSYoungGen      total 140800K, used 101615K [0x0000000670d00000, 0x000000067bb00000, 0x00000007c0000000)
  eden space 104448K, 79% used [0x0000000670d00000,0x0000000675e1bc70,0x0000000677300000)
  from space 36352K, 51% used [0x0000000679700000,0x000000067a920368,0x000000067ba80000)
  to   space 36864K, 0% used [0x0000000677300000,0x0000000677300000,0x0000000679700000)
 ParOldGen       total 324096K, used 293980K [0x00000003d2600000, 0x00000003e6280000, 0x0000000670d00000)
  object space 324096K, 90% used [0x00000003d2600000,0x00000003e4517168,0x00000003e6280000)
 Metaspace       used 5736K, capacity 6417K, committed 6528K, reserved 1056768K
  class space    used 535K, capacity 566K, committed 640K, reserved 1048576K

Card table byte_map: [0x00007f2dd7092000,0x00007f2dd9000000] byte_map_base: 0x00007f2dd51ff000

Marking Bits: (ParMarkBitMap*) 0x00007f2df08734c0
 Begin Bits: [0x00007f2d80930000, 0x00007f2d90498000)
 End Bits:   [0x00007f2d90498000, 0x00007f2da0000000)

Polling page: 0x00007f2df14bc000

CodeCache: size=245760Kb used=6068Kb max_used=6092Kb free=239691Kb
 bounds [0x00007f2dd9000000, 0x00007f2dd9620000, 0x00007f2de8000000]
 total_blobs=1416 nmethods=1023 adapters=315
 compilation: enabled

Compilation events (10 events):
Event: 1524.754 Thread 0x00007f2de80dc000 1258       4       nDimensionalMatrices.FDMatrix::sgemv (215 bytes)
Event: 1524.783 Thread 0x00007f2de80dc000 nmethod 1258 0x00007f2dd931dad0 code [0x00007f2dd931dd80, 0x00007f2dd931f7c0]
Event: 1524.818 Thread 0x00007f2de80da000 1259       4       jcuda.Pointer::<init> (20 bytes)
Event: 1524.819 Thread 0x00007f2de80da000 nmethod 1259 0x00007f2dd9349610 code [0x00007f2dd9349760, 0x00007f2dd93497f8]
Event: 1524.844 Thread 0x00007f2de80d7000 1260       4       jcuda.jcublas.JCublas2::cublasSsbmv (27 bytes)
Event: 1524.846 Thread 0x00007f2de80d7000 nmethod 1260 0x00007f2dd934d710 code [0x00007f2dd934d860, 0x00007f2dd934d968]
Event: 1525.150 Thread 0x00007f2de80dc000 1261 % !   4       learningRule.MPBackPropGradientDescent::trainNetwork @ 661 (1123 bytes)
Event: 1525.264 Thread 0x00007f2de80da000 1262       4       layer.FullyConnectedBLayer::getDeltas (55 bytes)
Event: 1525.268 Thread 0x00007f2de80da000 nmethod 1262 0x00007f2dd934b9d0 code [0x00007f2dd934bb80, 0x00007f2dd934bf38]
Event: 1525.311 Thread 0x00007f2de80dc000 nmethod 1261% 0x00007f2dd930dd90 code [0x00007f2dd930e2a0, 0x00007f2dd9313610]

GC Heap History (10 events):
Event: 1506.433 GC heap before
{Heap before GC invocations=1130 (full 14):
 PSYoungGen      total 88576K, used 69744K [0x0000000670d00000, 0x0000000678100000, 0x00000007c0000000)
  eden space 69632K, 100% used [0x0000000670d00000,0x0000000675100000,0x0000000675100000)
  from space 18944K, 0% used [0x0000000675100000,0x000000067511c010,0x0000000676380000)
  to   space 17920K, 0% used [0x0000000676f80000,0x0000000676f80000,0x0000000678100000)
 ParOldGen       total 324096K, used 249489K [0x00000003d2600000, 0x00000003e6280000, 0x0000000670d00000)
  object space 324096K, 76% used [0x00000003d2600000,0x00000003e19a4678,0x00000003e6280000)
 Metaspace       used 4770K, capacity 6149K, committed 6272K, reserved 1056768K
  class space    used 444K, capacity 520K, committed 640K, reserved 1048576K
Event: 1506.435 GC heap after
Heap after GC invocations=1130 (full 14):
 PSYoungGen      total 98816K, used 176K [0x0000000670d00000, 0x0000000677f00000, 0x00000007c0000000)
  eden space 82944K, 0% used [0x0000000670d00000,0x0000000670d00000,0x0000000675e00000)
  from space 15872K, 1% used [0x0000000676f80000,0x0000000676fac010,0x0000000677f00000)
  to   space 16896K, 0% used [0x0000000675e00000,0x0000000675e00000,0x0000000676e80000)
 ParOldGen       total 324096K, used 249521K [0x00000003d2600000, 0x00000003e6280000, 0x0000000670d00000)
  object space 324096K, 76% used [0x00000003d2600000,0x00000003e19ac678,0x00000003e6280000)
 Metaspace       used 4770K, capacity 6149K, committed 6272K, reserved 1056768K
  class space    used 444K, capacity 520K, committed 640K, reserved 1048576K
}
Event: 1508.215 GC heap before
{Heap before GC invocations=1131 (full 14):
 PSYoungGen      total 98816K, used 83120K [0x0000000670d00000, 0x0000000677f00000, 0x00000007c0000000)
  eden space 82944K, 100% used [0x0000000670d00000,0x0000000675e00000,0x0000000675e00000)
  from space 15872K, 1% used [0x0000000676f80000,0x0000000676fac010,0x0000000677f00000)
  to   space 16896K, 0% used [0x0000000675e00000,0x0000000675e00000,0x0000000676e80000)
 ParOldGen       total 324096K, used 249521K [0x00000003d2600000, 0x00000003e6280000, 0x0000000670d00000)
  object space 324096K, 76% used [0x00000003d2600000,0x00000003e19ac678,0x00000003e6280000)
 Metaspace       used 5454K, capacity 6225K, committed 6528K, reserved 1056768K
  class space    used 516K, capacity 566K, committed 640K, reserved 1048576K
Event: 1508.221 GC heap after
Heap after GC invocations=1131 (full 14):
 PSYoungGen      total 99840K, used 6752K [0x0000000670d00000, 0x0000000678e00000, 0x00000007c0000000)
  eden space 82944K, 0% used [0x0000000670d00000,0x0000000670d00000,0x0000000675e00000)
  from space 16896K, 39% used [0x0000000675e00000,0x0000000676498030,0x0000000676e80000)
  to   space 16896K, 0% used [0x0000000677d80000,0x0000000677d80000,0x0000000678e00000)
 ParOldGen       total 324096K, used 249545K [0x00000003d2600000, 0x00000003e6280000, 0x0000000670d00000)
  object space 324096K, 76% used [0x00000003d2600000,0x00000003e19b2678,0x00000003e6280000)
 Metaspace       used 5454K, capacity 6225K, committed 6528K, reserved 1056768K
  class space    used 516K, capacity 566K, committed 640K, reserved 1048576K
}
Event: 1512.473 GC heap before
{Heap before GC invocations=1132 (full 14):
 PSYoungGen      total 99840K, used 89696K [0x0000000670d00000, 0x0000000678e00000, 0x00000007c0000000)
  eden space 82944K, 100% used [0x0000000670d00000,0x0000000675e00000,0x0000000675e00000)
  from space 16896K, 39% used [0x0000000675e00000,0x0000000676498030,0x0000000676e80000)
  to   space 16896K, 0% used [0x0000000677d80000,0x0000000677d80000,0x0000000678e00000)
 ParOldGen       total 324096K, used 249545K [0x00000003d2600000, 0x00000003e6280000, 0x0000000670d00000)
  object space 324096K, 76% used [0x00000003d2600000,0x00000003e19b2678,0x00000003e6280000)
 Metaspace       used 5644K, capacity 6353K, committed 6528K, reserved 1056768K
  class space    used 529K, capacity 566K, committed 640K, reserved 1048576K
Event: 1512.515 GC heap after
Heap after GC invocations=1132 (full 14):
 PSYoungGen      total 105984K, used 16883K [0x0000000670d00000, 0x0000000679f80000, 0x00000007c0000000)
  eden space 89088K, 0% used [0x0000000670d00000,0x0000000670d00000,0x0000000676400000)
  from space 16896K, 99% used [0x0000000677d80000,0x0000000678dfcfc0,0x0000000678e00000)
  to   space 26112K, 0% used [0x0000000676400000,0x0000000676400000,0x0000000677d80000)
 ParOldGen       total 324096K, used 264235K [0x00000003d2600000, 0x00000003e6280000, 0x0000000670d00000)
  object space 324096K, 81% used [0x00000003d2600000,0x00000003e280ac88,0x00000003e6280000)
 Metaspace       used 5644K, capacity 6353K, committed 6528K, reserved 1056768K
  class space    used 529K, capacity 566K, committed 640K, reserved 1048576K
}
Event: 1518.276 GC heap before
{Heap before GC invocations=1133 (full 14):
 PSYoungGen      total 105984K, used 105971K [0x0000000670d00000, 0x0000000679f80000, 0x00000007c0000000)
  eden space 89088K, 100% used [0x0000000670d00000,0x0000000676400000,0x0000000676400000)
  from space 16896K, 99% used [0x0000000677d80000,0x0000000678dfcfc0,0x0000000678e00000)
  to   space 26112K, 0% used [0x0000000676400000,0x0000000676400000,0x0000000677d80000)
 ParOldGen       total 324096K, used 264235K [0x00000003d2600000, 0x00000003e6280000, 0x0000000670d00000)
  object space 324096K, 81% used [0x00000003d2600000,0x00000003e280ac88,0x00000003e6280000)
 Metaspace       used 5678K, capacity 6353K, committed 6528K, reserved 1056768K
  class space    used 531K, capacity 566K, committed 640K, reserved 1048576K
Event: 1518.321 GC heap after
Heap after GC invocations=1133 (full 14):
 PSYoungGen      total 115200K, used 26093K [0x0000000670d00000, 0x000000067ba80000, 0x00000007c0000000)
  eden space 89088K, 0% used [0x0000000670d00000,0x0000000670d00000,0x0000000676400000)
  from space 26112K, 99% used [0x0000000676400000,0x0000000677d7b530,0x0000000677d80000)
  to   space 36352K, 0% used [0x0000000679700000,0x0000000679700000,0x000000067ba80000)
 ParOldGen       total 324096K, used 276383K [0x00000003d2600000, 0x00000003e6280000, 0x0000000670d00000)
  object space 324096K, 85% used [0x00000003d2600000,0x00000003e33e7c38,0x00000003e6280000)
 Metaspace       used 5678K, capacity 6353K, committed 6528K, reserved 1056768K
  class space    used 531K, capacity 566K, committed 640K, reserved 1048576K
}
Event: 1524.038 GC heap before
{Heap before GC invocations=1134 (full 14):
 PSYoungGen      total 115200K, used 115181K [0x0000000670d00000, 0x000000067ba80000, 0x00000007c0000000)
  eden space 89088K, 100% used [0x0000000670d00000,0x0000000676400000,0x0000000676400000)
  from space 26112K, 99% used [0x0000000676400000,0x0000000677d7b530,0x0000000677d80000)
  to   space 36352K, 0% used [0x0000000679700000,0x0000000679700000,0x000000067ba80000)
 ParOldGen       total 324096K, used 276383K [0x00000003d2600000, 0x00000003e6280000, 0x0000000670d00000)
  object space 324096K, 85% used [0x00000003d2600000,0x00000003e33e7c38,0x00000003e6280000)
 Metaspace       used 5734K, capacity 6417K, committed 6528K, reserved 1056768K
  class space    used 534K, capacity 566K, committed 640K, reserved 1048576K
Event: 1524.083 GC heap after
Heap after GC invocations=1134 (full 14):
 PSYoungGen      total 140800K, used 18560K [0x0000000670d00000, 0x000000067bb00000, 0x00000007c0000000)
  eden space 104448K, 0% used [0x0000000670d00000,0x0000000670d00000,0x0000000677300000)
  from space 36352K, 51% used [0x0000000679700000,0x000000067a920368,0x000000067ba80000)
  to   space 36864K, 0% used [0x0000000677300000,0x0000000677300000,0x0000000679700000)
 ParOldGen       total 324096K, used 293980K [0x00000003d2600000, 0x00000003e6280000, 0x0000000670d00000)
  object space 324096K, 90% used [0x00000003d2600000,0x00000003e4517168,0x00000003e6280000)
 Metaspace       used 5734K, capacity 6417K, committed 6528K, reserved 1056768K
  class space    used 534K, capacity 566K, committed 640K, reserved 1048576K
}

Deoptimization events (10 events):
Event: 1512.694 Thread 0x00007f2de8092800 Uncommon trap: reason=unstable_if action=reinterpret pc=0x00007f2dd91d6954 method=nDimensionalMatrices.FDMatrix.finalize()V @ 4
Event: 1512.694 Thread 0x00007f2de8092800 Uncommon trap: reason=unstable_if action=reinterpret pc=0x00007f2dd923c074 method=nDimensionalMatrices.FDMatrix.finalize()V @ 4
Event: 1514.669 Thread 0x00007f2de800c800 Uncommon trap: reason=unreached action=reinterpret pc=0x00007f2dd942b0b8 method=learningRule.BPGDUnsupervisedTrainingNestrov.unsupervisedTrain(Lnetwork/SplitNetwork;[[LnDimensionalMatrices/Matrix;[[LnDimensionalMatrices/Matrix;LcostFunctions/CostFunction;
Event: 1514.674 Thread 0x00007f2de800c800 Uncommon trap: reason=unstable_if action=reinterpret pc=0x00007f2dd95c14c0 method=nDimensionalMatrices.FDMatrix.sendToGPU()V @ 30
Event: 1523.806 Thread 0x00007f2de800c800 Uncommon trap: reason=unstable_if action=reinterpret pc=0x00007f2dd937e2ec method=learningRule.BPGDUnsupervisedTrainingNestrov.unsupervisedTrain(Lnetwork/SplitNetwork;[[LnDimensionalMatrices/Matrix;[[LnDimensionalMatrices/Matrix;LcostFunctions/CostFunctio
Event: 1523.826 Thread 0x00007f2de800c800 Uncommon trap: reason=unstable_if action=reinterpret pc=0x00007f2dd9400200 method=java.util.Random.nextInt(I)I @ 28
Event: 1523.831 Thread 0x00007f2de800c800 Uncommon trap: reason=unstable_if action=reinterpret pc=0x00007f2dd91329b8 method=nDimensionalMatrices.FDMatrix.getFromGPU()V @ 4
Event: 1523.831 Thread 0x00007f2de800c800 Uncommon trap: reason=unstable_if action=reinterpret pc=0x00007f2dd90ffcb4 method=nDimensionalMatrices.FDMatrix.getFromGPU()V @ 4
Event: 1523.832 Thread 0x00007f2de800c800 Uncommon trap: reason=unstable_if action=reinterpret pc=0x00007f2dd9386430 method=nDimensionalMatrices.FDMatrix.sgemv(ZFLnDimensionalMatrices/Matrix;LnDimensionalMatrices/Matrix;IFLnDimensionalMatrices/Matrix;IZLnDimensionalMatrices/Matrix;)LnDimensionalM
Event: 1523.967 Thread 0x00007f2de800c800 Uncommon trap: reason=unreached action=reinterpret pc=0x00007f2dd93461d4 method=learningRule.MPBackPropGradientDescent.trainNetwork(Lnetwork/SplitNetwork;[[LnDimensionalMatrices/Matrix;[[LnDimensionalMatrices/Matrix;LcostFunctions/CostFunction;)V @ 790

Internal exceptions (10 events):
Event: 0.030 Thread 0x00007f2de800c800 Exception <a 'java/lang/NoSuchMethodError': Method sun.misc.Unsafe.prefetchRead(Ljava/lang/Object;J)V name or signature does not match> (0x0000000670d07fa8) thrown at [/HUDSON/workspace/8-2-build-linux-amd64/jdk8u92/6642/hotspot/src/share/vm/prims/jni.cpp
Event: 0.357 Thread 0x00007f2de800c800 Exception <a 'java/security/PrivilegedActionException'> (0x0000000670f34808) thrown at [/HUDSON/workspace/8-2-build-linux-amd64/jdk8u92/6642/hotspot/src/share/vm/prims/jvm.cpp, line 1386]
Event: 0.357 Thread 0x00007f2de800c800 Exception <a 'java/security/PrivilegedActionException'> (0x0000000670f34a18) thrown at [/HUDSON/workspace/8-2-build-linux-amd64/jdk8u92/6642/hotspot/src/share/vm/prims/jvm.cpp, line 1386]
Event: 0.357 Thread 0x00007f2de800c800 Exception <a 'java/security/PrivilegedActionException'> (0x0000000670f36bf8) thrown at [/HUDSON/workspace/8-2-build-linux-amd64/jdk8u92/6642/hotspot/src/share/vm/prims/jvm.cpp, line 1386]
Event: 0.357 Thread 0x00007f2de800c800 Exception <a 'java/security/PrivilegedActionException'> (0x0000000670f36e08) thrown at [/HUDSON/workspace/8-2-build-linux-amd64/jdk8u92/6642/hotspot/src/share/vm/prims/jvm.cpp, line 1386]
Event: 1506.513 Thread 0x00007f2de800c800 Exception <a 'java/lang/NoSuchMethodError': <clinit>> (0x0000000673408be8) thrown at [/HUDSON/workspace/8-2-build-linux-amd64/jdk8u92/6642/hotspot/src/share/vm/prims/jni.cpp, line 1613]
Event: 1506.523 Thread 0x00007f2de800c800 Exception <a 'java/lang/NoSuchMethodError': <clinit>> (0x0000000673438208) thrown at [/HUDSON/workspace/8-2-build-linux-amd64/jdk8u92/6642/hotspot/src/share/vm/prims/jni.cpp, line 1613]
Event: 1506.530 Thread 0x00007f2de800c800 Exception <a 'java/lang/NoSuchMethodError': <clinit>> (0x000000067347d060) thrown at [/HUDSON/workspace/8-2-build-linux-amd64/jdk8u92/6642/hotspot/src/share/vm/prims/jni.cpp, line 1613]
Event: 1509.252 Thread 0x00007f2de800c800 Implicit null exception at 0x00007f2dd958e176 to 0x00007f2dd958e6ed
Event: 1509.252 Thread 0x00007f2de800c800 Implicit null exception at 0x00007f2dd94769bc to 0x00007f2dd9478329

Events (10 events):
Event: 1523.831 Thread 0x00007f2de800c800 DEOPT PACKING pc=0x00007f2dd90ffcb4 sp=0x00007f2df14993e0
Event: 1523.831 Thread 0x00007f2de800c800 DEOPT UNPACKING pc=0x00007f2dd9005229 sp=0x00007f2df14993a8 mode 2
Event: 1523.832 Thread 0x00007f2de800c800 Uncommon trap: trap_request=0xffffff65 fr.pc=0x00007f2dd9386430
Event: 1523.832 Thread 0x00007f2de800c800 DEOPT PACKING pc=0x00007f2dd9386430 sp=0x00007f2df1499350
Event: 1523.832 Thread 0x00007f2de800c800 DEOPT UNPACKING pc=0x00007f2dd9005229 sp=0x00007f2df1499390 mode 2
Event: 1523.967 Thread 0x00007f2de800c800 Uncommon trap: trap_request=0xffffffad fr.pc=0x00007f2dd93461d4
Event: 1523.967 Thread 0x00007f2de800c800 DEOPT PACKING pc=0x00007f2dd93461d4 sp=0x00007f2df14995a0
Event: 1523.967 Thread 0x00007f2de800c800 DEOPT UNPACKING pc=0x00007f2dd9005229 sp=0x00007f2df14995a8 mode 2
Event: 1524.038 Executing VM operation: ParallelGCFailedAllocation
Event: 1524.083 Executing VM operation: ParallelGCFailedAllocation done


Dynamic libraries:
00400000-00401000 r-xp 00000000 09:01 43516052                           /opt/jdk/jdk1.8.0_92/bin/java
00600000-00601000 rw-p 00000000 09:01 43516052                           /opt/jdk/jdk1.8.0_92/bin/java
01728000-01749000 rw-p 00000000 00:00 0                                  [heap]
3d2600000-3e6280000 rw-p 00000000 00:00 0 
3e6280000-670d00000 ---p 00000000 00:00 0 
670d00000-67bb00000 rw-p 00000000 00:00 0 
67bb00000-7c0000000 ---p 00000000 00:00 0 
7c0000000-7c00a0000 rw-p 00000000 00:00 0 
7c00a0000-800000000 ---p 00000000 00:00 0 
800000000-800100000 rw-s ff31fd000 00:06 490                             /dev/nvidiactl
800100000-804100000 ---p 00000000 00:00 0 
804100000-804200000 rw-s 38677000 00:06 490                              /dev/nvidiactl
804200000-804300000 ---p 00000000 00:00 0 
804300000-804400000 rw-s e3f0bd000 00:06 490                             /dev/nvidiactl
804400000-804500000 ---p 00000000 00:00 0 
804500000-804600000 rw-s ff2892000 00:06 490                             /dev/nvidiactl
804600000-808600000 ---p 00000000 00:00 0 
808600000-808700000 rw-s 386ab000 00:06 490                              /dev/nvidiactl
808700000-808800000 ---p 00000000 00:00 0 
808800000-808900000 rw-s c613f3000 00:06 490                             /dev/nvidiactl
808900000-1d00000000 ---p 00000000 00:00 0 
7f2d0c000000-7f2d0f20b000 rw-p 00000000 00:00 0 
7f2d0f20b000-7f2d10000000 ---p 00000000 00:00 0 
7f2d14000000-7f2d1c000000 rw-p 00000000 00:00 0 
7f2d1c000000-7f2d1c021000 rw-p 00000000 00:00 0 
7f2d1c021000-7f2d20000000 ---p 00000000 00:00 0 
7f2d20000000-7f2d24000000 rw-p 00000000 00:00 0 
7f2d267ff000-7f2d26800000 ---p 00000000 00:00 0 
7f2d26800000-7f2d27000000 rw-p 00000000 00:00 0 
7f2d27000000-7f2d27400000 rw-s c615f2000 00:06 490                       /dev/nvidiactl
7f2d27400000-7f2d27800000 rw-s c619de000 00:06 490                       /dev/nvidiactl
7f2d27800000-7f2d27c00000 rw-s c61dc9000 00:06 490                       /dev/nvidiactl
7f2d27c00000-7f2d28000000 rw-s c621d9000 00:06 490                       /dev/nvidiactl
7f2d28000000-7f2d2c000000 rw-p 00000000 00:00 0 
7f2d2c000000-7f2d30000000 rw-p 00000000 00:00 0 
7f2d303fe000-7f2d307fe000 rw-s c625a0000 00:06 490                       /dev/nvidiactl
7f2d307fe000-7f2d30bfe000 rw-s c629b4000 00:06 490                       /dev/nvidiactl
7f2d30bfe000-7f2d30ffe000 rw-s c62d8f000 00:06 490                       /dev/nvidiactl
7f2d30ffe000-7f2d313fe000 rw-s c63197000 00:06 490                       /dev/nvidiactl
7f2d313fe000-7f2d317fe000 rw-s c6357d000 00:06 490                       /dev/nvidiactl
7f2d317fe000-7f2d31bfe000 rw-s c63985000 00:06 490                       /dev/nvidiactl
7f2d31bfe000-7f2d31ffe000 rw-s c63d78000 00:06 490                       /dev/nvidiactl
7f2d31ffe000-7f2d323fe000 rw-s c64d74000 00:06 490                       /dev/nvidiactl
7f2d323fe000-7f2d327fe000 rw-s c65167000 00:06 490                       /dev/nvidiactl
7f2d327fe000-7f2d32bfe000 rw-s c64163000 00:06 490                       /dev/nvidiactl
7f2d32bfe000-7f2d32ffe000 rw-s c6594d000 00:06 490                       /dev/nvidiactl
7f2d32ffe000-7f2d32fff000 ---p 00000000 00:00 0 
7f2d32fff000-7f2d337ff000 rw-p 00000000 00:00 0 
7f2d34000000-7f2d369e7000 rw-p 00000000 00:00 0 
7f2d369e7000-7f2d38000000 ---p 00000000 00:00 0 
7f2d38000000-7f2d3c000000 rw-p 00000000 00:00 0 
7f2d3c000000-7f2d40000000 rw-p 00000000 00:00 0 
7f2d40000000-7f2d4028f000 rw-p 00000000 00:00 0 
7f2d4028f000-7f2d44000000 ---p 00000000 00:00 0 
7f2d44000000-7f2d44021000 rw-p 00000000 00:00 0 
7f2d44021000-7f2d48000000 ---p 00000000 00:00 0 
7f2d48000000-7f2d48021000 rw-p 00000000 00:00 0 
7f2d48021000-7f2d4c000000 ---p 00000000 00:00 0 
7f2d4c000000-7f2d4c021000 rw-p 00000000 00:00 0 
7f2d4c021000-7f2d50000000 ---p 00000000 00:00 0 
7f2d50000000-7f2d50021000 rw-p 00000000 00:00 0 
7f2d50021000-7f2d54000000 ---p 00000000 00:00 0 
7f2d54000000-7f2d5591c000 rw-p 00000000 00:00 0 
7f2d5591c000-7f2d58000000 ---p 00000000 00:00 0 
7f2d58000000-7f2d5870d000 rw-p 00000000 00:00 0 
7f2d5870d000-7f2d5c000000 ---p 00000000 00:00 0 
7f2d5c000000-7f2d5fff9000 rw-p 00000000 00:00 0 
7f2d5fff9000-7f2d60000000 ---p 00000000 00:00 0 
7f2d60000000-7f2d638b1000 rw-p 00000000 00:00 0 
7f2d638b1000-7f2d64000000 ---p 00000000 00:00 0 
7f2d64000000-7f2d64021000 rw-p 00000000 00:00 0 
7f2d64021000-7f2d68000000 ---p 00000000 00:00 0 
7f2d68000000-7f2d68021000 rw-p 00000000 00:00 0 
7f2d68021000-7f2d6c000000 ---p 00000000 00:00 0 
7f2d6c000000-7f2d6c021000 rw-p 00000000 00:00 0 
7f2d6c021000-7f2d70000000 ---p 00000000 00:00 0 
7f2d70000000-7f2d70021000 rw-p 00000000 00:00 0 
7f2d70021000-7f2d74000000 ---p 00000000 00:00 0 
7f2d74000000-7f2d74021000 rw-p 00000000 00:00 0 
7f2d74021000-7f2d78000000 ---p 00000000 00:00 0 
7f2d78000000-7f2d784bd000 rw-p 00000000 00:00 0 
7f2d784bd000-7f2d7c000000 ---p 00000000 00:00 0 
7f2d7c000000-7f2d7c023000 rw-p 00000000 00:00 0 
7f2d7c023000-7f2d80000000 ---p 00000000 00:00 0 
7f2d802a8000-7f2d806a8000 rw-s ef3e74000 00:06 490                       /dev/nvidiactl
7f2d806a8000-7f2d8072b000 r-xp 00000000 09:01 23068992                   /home/willie/libraries/JCuda-All-0.7.5-bin-Linux-x86_64/libJCudaRuntime-linux-x86_64.so
7f2d8072b000-7f2d8092b000 ---p 00083000 09:01 23068992                   /home/willie/libraries/JCuda-All-0.7.5-bin-Linux-x86_64/libJCudaRuntime-linux-x86_64.so
7f2d8092b000-7f2d8092f000 rw-p 00083000 09:01 23068992                   /home/willie/libraries/JCuda-All-0.7.5-bin-Linux-x86_64/libJCudaRuntime-linux-x86_64.so
7f2d8092f000-7f2da0000000 rw-p 00000000 00:00 0 
7f2da0000000-7f2da0021000 rw-p 00000000 00:00 0 
7f2da0021000-7f2da4000000 ---p 00000000 00:00 0 
7f2da4035000-7f2da4135000 rw-s c60cf6000 00:06 490                       /dev/nvidiactl
7f2da4135000-7f2da4235000 rw-s c612ef000 00:06 490                       /dev/nvidiactl
7f2da4235000-7f2da4238000 ---p 00000000 00:00 0 
7f2da4238000-7f2da4566000 rw-p 00000000 00:00 0 
7f2da456f000-7f2da4595000 r-xp 00000000 09:01 23068988                   /home/willie/libraries/JCuda-All-0.7.5-bin-Linux-x86_64/libJCublas-linux-x86_64.so
7f2da4595000-7f2da4795000 ---p 00026000 09:01 23068988                   /home/willie/libraries/JCuda-All-0.7.5-bin-Linux-x86_64/libJCublas-linux-x86_64.so
7f2da4795000-7f2da4796000 rw-p 00026000 09:01 23068988                   /home/willie/libraries/JCuda-All-0.7.5-bin-Linux-x86_64/libJCublas-linux-x86_64.so
7f2da4796000-7f2da5e5f000 r-xp 00000000 09:01 17829161                   /usr/local/cuda-7.5/targets/x86_64-linux/lib/libcublas.so.7.5.18
7f2da5e5f000-7f2da605e000 ---p 016c9000 09:01 17829161                   /usr/local/cuda-7.5/targets/x86_64-linux/lib/libcublas.so.7.5.18
7f2da605e000-7f2da606a000 rw-p 016c8000 09:01 17829161                   /usr/local/cuda-7.5/targets/x86_64-linux/lib/libcublas.so.7.5.18
7f2da606a000-7f2da6075000 rw-p 00000000 00:00 0 
7f2da6075000-7f2da611b000 r-xp 00000000 09:01 23068989                   /home/willie/libraries/JCuda-All-0.7.5-bin-Linux-x86_64/libJCublas2-linux-x86_64.so
7f2da611b000-7f2da631a000 ---p 000a6000 09:01 23068989                   /home/willie/libraries/JCuda-All-0.7.5-bin-Linux-x86_64/libJCublas2-linux-x86_64.so
7f2da631a000-7f2da631f000 rw-p 000a5000 09:01 23068989                   /home/willie/libraries/JCuda-All-0.7.5-bin-Linux-x86_64/libJCublas2-linux-x86_64.so
7f2da631f000-7f2da63ff000 rw-s fa5d06000 00:06 490                       /dev/nvidiactl
7f2da63ff000-7f2da6400000 ---p 00000000 00:00 0 
7f2da6400000-7f2da6c00000 rw-p 00000000 00:00 0 
7f2da6c00000-7f2da7000000 rw-s f78c73000 00:06 490                       /dev/nvidiactl
7f2da7000000-7f2da7400000 rw-s f796bc000 00:06 490                       /dev/nvidiactl
7f2da7400000-7f2da7800000 rw-s efa9b1000 00:06 490                       /dev/nvidiactl
7f2da7800000-7f2da7c00000 rw-s f7895f000 00:06 490                       /dev/nvidiactl
7f2da7c00000-7f2da8000000 rw-s d18487000 00:06 490                       /dev/nvidiactl
7f2da8000000-7f2da8021000 rw-p 00000000 00:00 0 
7f2da8021000-7f2dac000000 ---p 00000000 00:00 0 
7f2dac000000-7f2dac021000 rw-p 00000000 00:00 0 
7f2dac021000-7f2db0000000 ---p 00000000 00:00 0 
7f2db0000000-7f2db0021000 rw-p 00000000 00:00 0 
7f2db0021000-7f2db4000000 ---p 00000000 00:00 0 
7f2db4000000-7f2db4021000 rw-p 00000000 00:00 0 
7f2db4021000-7f2db8000000 ---p 00000000 00:00 0 
7f2db8000000-7f2db8021000 rw-p 00000000 00:00 0 
7f2db8021000-7f2dbc000000 ---p 00000000 00:00 0 
7f2dbc04a000-7f2dbc44a000 rw-s f7dc9d000 00:06 490                       /dev/nvidiactl
7f2dbc44a000-7f2dbc84a000 rw-s f79cda000 00:06 490                       /dev/nvidiactl
7f2dbc84a000-7f2dbcc4a000 rw-s f7cd1c000 00:06 490                       /dev/nvidiactl
7f2dbcc4a000-7f2dbd04a000 rw-s fa5f10000 00:06 490                       /dev/nvidiactl
7f2dbd04a000-7f2dbd44a000 rw-s efac2e000 00:06 490                       /dev/nvidiactl
7f2dbd44a000-7f2dbd84a000 rw-s cd13df000 00:06 490                       /dev/nvidiactl
7f2dbd84a000-7f2dbdc4a000 rw-s cd1201000 00:06 490                       /dev/nvidiactl
7f2dbdc4a000-7f2dbe04a000 rw-s ebe092000 00:06 490                       /dev/nvidiactl
7f2dbe04a000-7f2dbe44a000 rw-s 1012960000 00:06 490                      /dev/nvidiactl
7f2dbe44a000-7f2dbe84a000 rw-s f79d35000 00:06 490                       /dev/nvidiactl
7f2dbe84a000-7f2dbe84b000 ---p 00000000 00:00 0 
7f2dbe84b000-7f2dbf04b000 rw-p 00000000 00:00 0 
7f2dbf04b000-7f2dbfc2d000 r-xp 00000000 09:01 17564044                   /usr/lib/x86_64-linux-gnu/libcuda.so.352.63
7f2dbfc2d000-7f2dbfe2c000 ---p 00be2000 09:01 17564044                   /usr/lib/x86_64-linux-gnu/libcuda.so.352.63
7f2dbfe2c000-7f2dbffea000 rw-p 00be1000 09:01 17564044                   /usr/lib/x86_64-linux-gnu/libcuda.so.352.63
7f2dbffea000-7f2dc0000000 rw-p 00000000 00:00 0 
7f2dc0000000-7f2dc0021000 rw-p 00000000 00:00 0 
7f2dc0021000-7f2dc4000000 ---p 00000000 00:00 0 
7f2dc4010000-7f2dc4011000 rw-p 00000000 00:00 0 
7f2dc4011000-7f2dc4012000 rw-s efd67000 00:06 458                        /dev/nvidia0
7f2dc4012000-7f2dc4013000 rw-s c611f6000 00:06 490                       /dev/nvidiactl
7f2dc4013000-7f2dc4017000 rw-s e0680000 00:06 458                        /dev/nvidia0
7f2dc4017000-7f2dc4018000 rw-s efd67000 00:06 458                        /dev/nvidia0
7f2dc4018000-7f2dc4019000 rw-s c615cd000 00:06 490                       /dev/nvidiactl
7f2dc4019000-7f2dc401d000 rw-s e0660000 00:06 458                        /dev/nvidia0
7f2dc401d000-7f2dc401e000 rw-s efd67000 00:06 458                        /dev/nvidia0
7f2dc401e000-7f2dc401f000 rw-s c619d5000 00:06 490                       /dev/nvidiactl
7f2dc401f000-7f2dc4023000 rw-s e0640000 00:06 458                        /dev/nvidia0
7f2dc4023000-7f2dc4024000 rw-s efd67000 00:06 458                        /dev/nvidia0
7f2dc4024000-7f2dc4025000 rw-s c61dc0000 00:06 490                       /dev/nvidiactl
7f2dc4025000-7f2dc4029000 rw-s e0620000 00:06 458                        /dev/nvidia0
7f2dc4029000-7f2dc402a000 rw-s efd67000 00:06 458                        /dev/nvidia0
7f2dc402a000-7f2dc402b000 rw-s c621b0000 00:06 490                       /dev/nvidiactl
7f2dc402b000-7f2dc402f000 rw-s e0600000 00:06 458                        /dev/nvidia0
7f2dc402f000-7f2dc4030000 rw-s efd67000 00:06 458                        /dev/nvidia0
7f2dc4030000-7f2dc4031000 rw-s c62597000 00:06 490                       /dev/nvidiactl
7f2dc4031000-7f2dc4035000 rw-s e05e0000 00:06 458                        /dev/nvidia0
7f2dc4035000-7f2dc4036000 rw-s efd67000 00:06 458                        /dev/nvidia0
7f2dc4036000-7f2dc4037000 rw-s c6299f000 00:06 490                       /dev/nvidiactl
7f2dc4037000-7f2dc403b000 rw-s e05c0000 00:06 458                        /dev/nvidia0
7f2dc403b000-7f2dc403c000 rw-s efd67000 00:06 458                        /dev/nvidia0
7f2dc403c000-7f2dc403d000 rw-s c62d86000 00:06 490                       /dev/nvidiactl
7f2dc403d000-7f2dc4041000 rw-s e05a0000 00:06 458                        /dev/nvidia0
7f2dc4041000-7f2dc4042000 rw-s efd66000 00:06 458                        /dev/nvidia0
7f2dc4042000-7f2dc4043000 rw-s c6318d000 00:06 490                       /dev/nvidiactl
7f2dc4043000-7f2dc4047000 rw-s e0580000 00:06 458                        /dev/nvidia0
7f2dc4047000-7f2dc4048000 rw-s efd66000 00:06 458                        /dev/nvidia0
7f2dc4048000-7f2dc4049000 rw-s c63574000 00:06 490                       /dev/nvidiactl
7f2dc4049000-7f2dc404d000 rw-s e0560000 00:06 458                        /dev/nvidia0
7f2dc404d000-7f2dc404e000 rw-s efd66000 00:06 458                        /dev/nvidia0
7f2dc404e000-7f2dc404f000 rw-s c6397c000 00:06 490                       /dev/nvidiactl
7f2dc404f000-7f2dc4053000 rw-s e0540000 00:06 458                        /dev/nvidia0
7f2dc4053000-7f2dc4054000 rw-s efd66000 00:06 458                        /dev/nvidia0
7f2dc4054000-7f2dc4055000 rw-s c63d63000 00:06 490                       /dev/nvidiactl
7f2dc4055000-7f2dc4059000 rw-s e0520000 00:06 458                        /dev/nvidia0
7f2dc4059000-7f2dc405a000 rw-s efd66000 00:06 458                        /dev/nvidia0
7f2dc405a000-7f2dc405b000 rw-s c64d6b000 00:06 490                       /dev/nvidiactl
7f2dc405b000-7f2dc405f000 rw-s e0500000 00:06 458                        /dev/nvidia0
7f2dc405f000-7f2dc4060000 rw-s efd66000 00:06 458                        /dev/nvidia0
7f2dc4060000-7f2dc4061000 rw-s c65152000 00:06 490                       /dev/nvidiactl
7f2dc4061000-7f2dc4065000 rw-s e04e0000 00:06 458                        /dev/nvidia0
7f2dc4065000-7f2dc4066000 rw-s efd66000 00:06 458                        /dev/nvidia0
7f2dc4066000-7f2dc4067000 rw-s c6415e000 00:06 490                       /dev/nvidiactl
7f2dc4067000-7f2dc406b000 rw-s e04c0000 00:06 458                        /dev/nvidia0
7f2dc406b000-7f2dc406c000 rw-s efd66000 00:06 458                        /dev/nvidia0
7f2dc406c000-7f2dc406d000 rw-s c6594c000 00:06 490                       /dev/nvidiactl
7f2dc406d000-7f2dc4071000 rw-s e04a0000 00:06 458                        /dev/nvidia0
7f2dc4071000-7f2dc4075000 r--s 00097000 09:01 43517650                   /opt/jdk/jdk1.8.0_92/jre/lib/jsse.jar
7f2dc4075000-7f2dc4175000 rw-s f79903000 00:06 490                       /dev/nvidiactl
7f2dc4175000-7f2dc4275000 rw-s cee7c0000 00:06 490                       /dev/nvidiactl
7f2dc4275000-7f2dc4375000 rw-s f7d2bb000 00:06 490                       /dev/nvidiactl
7f2dc4375000-7f2dc4376000 rw-s efd65000 00:06 458                        /dev/nvidia0
7f2dc4376000-7f2dc4377000 rw-s e3b141000 00:06 490                       /dev/nvidiactl
7f2dc4377000-7f2dc4777000 rw-s e3b3f3000 00:06 490                       /dev/nvidiactl
7f2dc4777000-7f2dc478d000 r-xp 00000000 09:01 17825985                   /lib/x86_64-linux-gnu/libgcc_s.so.1
7f2dc478d000-7f2dc498c000 ---p 00016000 09:01 17825985                   /lib/x86_64-linux-gnu/libgcc_s.so.1
7f2dc498c000-7f2dc498d000 rw-p 00015000 09:01 17825985                   /lib/x86_64-linux-gnu/libgcc_s.so.1
7f2dc498d000-7f2dc4a73000 r-xp 00000000 09:01 17567569                   /usr/lib/x86_64-linux-gnu/libstdc++.so.6.0.19
7f2dc4a73000-7f2dc4c72000 ---p 000e6000 09:01 17567569                   /usr/lib/x86_64-linux-gnu/libstdc++.so.6.0.19
7f2dc4c72000-7f2dc4c7a000 r--p 000e5000 09:01 17567569                   /usr/lib/x86_64-linux-gnu/libstdc++.so.6.0.19
7f2dc4c7a000-7f2dc4c7c000 rw-p 000ed000 09:01 17567569                   /usr/lib/x86_64-linux-gnu/libstdc++.so.6.0.19
7f2dc4c7c000-7f2dc4c91000 rw-p 00000000 00:00 0 
7f2dc4c91000-7f2dc4c95000 rw-s e0480000 00:06 458                        /dev/nvidia0
7f2dc4c95000-7f2dc4c96000 rw-s efd65000 00:06 458                        /dev/nvidia0
7f2dc4c96000-7f2dc4c97000 rw-s f78c69000 00:06 490                       /dev/nvidiactl
7f2dc4c97000-7f2dc4c9b000 rw-s e0460000 00:06 458                        /dev/nvidia0
7f2dc4c9b000-7f2dc4c9c000 rw-s efd65000 00:06 458                        /dev/nvidia0
7f2dc4c9c000-7f2dc4c9d000 rw-s f796b3000 00:06 490                       /dev/nvidiactl
7f2dc4c9d000-7f2dc4ca1000 rw-s e0440000 00:06 458                        /dev/nvidia0
7f2dc4ca1000-7f2dc4ca2000 rw-s efd65000 00:06 458                        /dev/nvidia0
7f2dc4ca2000-7f2dc4ca3000 rw-s efa99c000 00:06 490                       /dev/nvidiactl
7f2dc4ca3000-7f2dc4ca7000 rw-s e0420000 00:06 458                        /dev/nvidia0
7f2dc4ca7000-7f2dc4ca8000 rw-s efd65000 00:06 458                        /dev/nvidia0
7f2dc4ca8000-7f2dc4ca9000 rw-s f78955000 00:06 490                       /dev/nvidiactl
7f2dc4ca9000-7f2dc4cad000 rw-s e0400000 00:06 458                        /dev/nvidia0
7f2dc4cad000-7f2dc4cae000 rw-s efd65000 00:06 458                        /dev/nvidia0
7f2dc4cae000-7f2dc4caf000 rw-s f799be000 00:06 490                       /dev/nvidiactl
7f2dc4caf000-7f2dc4cde000 r-xp 00000000 09:01 23068991                   /home/willie/libraries/JCuda-All-0.7.5-bin-Linux-x86_64/libJCudaDriver-linux-x86_64.so
7f2dc4cde000-7f2dc4edd000 ---p 0002f000 09:01 23068991                   /home/willie/libraries/JCuda-All-0.7.5-bin-Linux-x86_64/libJCudaDriver-linux-x86_64.so
7f2dc4edd000-7f2dc4edf000 rw-p 0002e000 09:01 23068991                   /home/willie/libraries/JCuda-All-0.7.5-bin-Linux-x86_64/libJCudaDriver-linux-x86_64.so
7f2dc4edf000-7f2dc4f02000 r--s 001ba000 09:01 23069631                   /home/willie/workspace/mlGPU/Libraries/commons-math3-3.3/commons-math3-3.3.jar
7f2dc4f02000-7f2dc4f29000 r--s 001f6000 09:01 23071525                   /home/willie/workspace/SAT_Solvers_GPU/Libraries/commons-math3-3.6/commons-math3-3.6.jar
7f2dc4f29000-7f2dc4f2a000 ---p 00000000 00:00 0 
7f2dc4f2a000-7f2dc502a000 rw-p 00000000 00:00 0 
7f2dc502a000-7f2dc502d000 ---p 00000000 00:00 0 
7f2dc502d000-7f2dc512b000 rw-p 00000000 00:00 0 
7f2dc512b000-7f2dc512e000 ---p 00000000 00:00 0 
7f2dc512e000-7f2dc522c000 rw-p 00000000 00:00 0 
7f2dc522c000-7f2dc522f000 ---p 00000000 00:00 0 
7f2dc522f000-7f2dc532d000 rw-p 00000000 00:00 0 
7f2dc532d000-7f2dc5330000 ---p 00000000 00:00 0 
7f2dc5330000-7f2dc542e000 rw-p 00000000 00:00 0 
7f2dc542e000-7f2dc5431000 ---p 00000000 00:00 0 
7f2dc5431000-7f2dc552f000 rw-p 00000000 00:00 0 
7f2dc552f000-7f2dc5532000 ---p 00000000 00:00 0 
7f2dc5532000-7f2dc5630000 rw-p 00000000 00:00 0 
7f2dc5630000-7f2dc5633000 ---p 00000000 00:00 0 
7f2dc5633000-7f2dc5731000 rw-p 00000000 00:00 0 
7f2dc5731000-7f2dc5734000 ---p 00000000 00:00 0 
7f2dc5734000-7f2dc5832000 rw-p 00000000 00:00 0 
7f2dc5832000-7f2dc5836000 r-xp 00000000 09:01 43517770                   /opt/jdk/jdk1.8.0_92/jre/lib/amd64/libdt_socket.so
7f2dc5836000-7f2dc5a35000 ---p 00004000 09:01 43517770                   /opt/jdk/jdk1.8.0_92/jre/lib/amd64/libdt_socket.so
7f2dc5a35000-7f2dc5a36000 rw-p 00003000 09:01 43517770                   /opt/jdk/jdk1.8.0_92/jre/lib/amd64/libdt_socket.so
7f2dc5a36000-7f2dc5a39000 ---p 00000000 00:00 0 
7f2dc5a39000-7f2dc5b37000 rw-p 00000000 00:00 0 
7f2dc5b37000-7f2dc5b3a000 ---p 00000000 00:00 0 
7f2dc5b3a000-7f2dc5c38000 rw-p 00000000 00:00 0 
7f2dc5c38000-7f2dc5c3b000 ---p 00000000 00:00 0 
7f2dc5c3b000-7f2dc5d39000 rw-p 00000000 00:00 0 
7f2dc5d39000-7f2dc5d3a000 ---p 00000000 00:00 0 
7f2dc5d3a000-7f2dc8000000 rw-p 00000000 00:00 0 
7f2dc8000000-7f2dc8021000 rw-p 00000000 00:00 0 
7f2dc8021000-7f2dcc000000 ---p 00000000 00:00 0 
7f2dcc000000-7f2dcc021000 rw-p 00000000 00:00 0 
7f2dcc021000-7f2dd0000000 ---p 00000000 00:00 0 
7f2dd0000000-7f2dd0021000 rw-p 00000000 00:00 0 
7f2dd0021000-7f2dd4000000 ---p 00000000 00:00 0 
7f2dd4000000-7f2dd4004000 rw-s e03e0000 00:06 458                        /dev/nvidia0
7f2dd4004000-7f2dd4005000 rw-s efd65000 00:06 458                        /dev/nvidia0
7f2dd4005000-7f2dd4006000 rw-s f7dc88000 00:06 490                       /dev/nvidiactl
7f2dd4006000-7f2dd400a000 rw-s e03c0000 00:06 458                        /dev/nvidia0
7f2dd400a000-7f2dd400b000 rw-s efd65000 00:06 458                        /dev/nvidia0
7f2dd400b000-7f2dd400c000 rw-s f79cd1000 00:06 490                       /dev/nvidiactl
7f2dd400c000-7f2dd4010000 rw-s e03a0000 00:06 458                        /dev/nvidia0
7f2dd4010000-7f2dd4011000 rw-s efd64000 00:06 458                        /dev/nvidia0
7f2dd4011000-7f2dd4012000 rw-s f7cd12000 00:06 490                       /dev/nvidiactl
7f2dd4012000-7f2dd4096000 rw-p 00000000 00:00 0 
7f2dd4096000-7f2dd426f000 r--s 03d24000 09:01 43517598                   /opt/jdk/jdk1.8.0_92/jre/lib/rt.jar
7f2dd426f000-7f2dd48a5000 rw-p 00000000 00:00 0 
7f2dd48a5000-7f2dd4ae5000 ---p 00000000 00:00 0 
7f2dd4ae5000-7f2dd6b8d000 rw-p 00000000 00:00 0 
7f2dd6b8d000-7f2dd6b8e000 ---p 00000000 00:00 0 
7f2dd6b8e000-7f2dd6c8e000 rw-p 00000000 00:00 0 
7f2dd6c8e000-7f2dd6c8f000 ---p 00000000 00:00 0 
7f2dd6c8f000-7f2dd6d8f000 rw-p 00000000 00:00 0 
7f2dd6d8f000-7f2dd6d90000 ---p 00000000 00:00 0 
7f2dd6d90000-7f2dd6e90000 rw-p 00000000 00:00 0 
7f2dd6e90000-7f2dd6e91000 ---p 00000000 00:00 0 
7f2dd6e91000-7f2dd6f91000 rw-p 00000000 00:00 0 
7f2dd6f91000-7f2dd6f92000 ---p 00000000 00:00 0 
7f2dd6f92000-7f2dd7131000 rw-p 00000000 00:00 0 
7f2dd7131000-7f2dd8585000 ---p 00000000 00:00 0 
7f2dd8585000-7f2dd85dd000 rw-p 00000000 00:00 0 
7f2dd85dd000-7f2dd8fff000 ---p 00000000 00:00 0 
7f2dd8fff000-7f2dd9000000 rw-p 00000000 00:00 0 
7f2dd9000000-7f2dd9620000 rwxp 00000000 00:00 0 
7f2dd9620000-7f2de8000000 ---p 00000000 00:00 0 
7f2de8000000-7f2debfff000 rw-p 00000000 00:00 0 
7f2debfff000-7f2dec000000 ---p 00000000 00:00 0 
7f2dec000000-7f2dec004000 rw-s e0380000 00:06 458                        /dev/nvidia0
7f2dec004000-7f2dec005000 rw-s efd64000 00:06 458                        /dev/nvidia0
7f2dec005000-7f2dec006000 rw-s ef42db000 00:06 490                       /dev/nvidiactl
7f2dec006000-7f2dec00a000 rw-s e0360000 00:06 458                        /dev/nvidia0
7f2dec00a000-7f2dec00b000 rw-s efd64000 00:06 458                        /dev/nvidia0
7f2dec00b000-7f2dec00c000 rw-s efac2d000 00:06 490                       /dev/nvidiactl
7f2dec00c000-7f2dec010000 rw-s e0340000 00:06 458                        /dev/nvidia0
7f2dec010000-7f2dec011000 rw-s efd64000 00:06 458                        /dev/nvidia0
7f2dec011000-7f2dec015000 rw-s e0320000 00:06 458                        /dev/nvidia0
7f2dec015000-7f2dec019000 rw-s e0300000 00:06 458                        /dev/nvidia0
7f2dec019000-7f2dec05b000 rw-p 00000000 00:00 0 
7f2dec05b000-7f2dec05c000 ---p 00000000 00:00 0 
7f2dec05c000-7f2dec15c000 rw-p 00000000 00:00 0 
7f2dec15c000-7f2dec15d000 ---p 00000000 00:00 0 
7f2dec15d000-7f2dec25d000 rw-p 00000000 00:00 0 
7f2dec25d000-7f2dec25e000 ---p 00000000 00:00 0 
7f2dec25e000-7f2dec35e000 rw-p 00000000 00:00 0 
7f2dec35e000-7f2dec35f000 ---p 00000000 00:00 0 
7f2dec35f000-7f2dec45f000 rw-p 00000000 00:00 0 
7f2dec45f000-7f2dec460000 ---p 00000000 00:00 0 
7f2dec460000-7f2dec5ff000 rw-p 00000000 00:00 0 
7f2dec5ff000-7f2deda54000 ---p 00000000 00:00 0 
7f2deda54000-7f2deda6d000 rw-p 00000000 00:00 0 
7f2deda6d000-7f2dede14000 ---p 00000000 00:00 0 
7f2dede14000-7f2dede2e000 r-xp 00000000 09:01 43517800                   /opt/jdk/jdk1.8.0_92/jre/lib/amd64/libzip.so
7f2dede2e000-7f2dee02e000 ---p 0001a000 09:01 43517800                   /opt/jdk/jdk1.8.0_92/jre/lib/amd64/libzip.so
7f2dee02e000-7f2dee02f000 rw-p 0001a000 09:01 43517800                   /opt/jdk/jdk1.8.0_92/jre/lib/amd64/libzip.so
7f2dee02f000-7f2dee03a000 r-xp 00000000 09:01 17826020                   /lib/x86_64-linux-gnu/libnss_files-2.19.so
7f2dee03a000-7f2dee239000 ---p 0000b000 09:01 17826020                   /lib/x86_64-linux-gnu/libnss_files-2.19.so
7f2dee239000-7f2dee23a000 r--p 0000a000 09:01 17826020                   /lib/x86_64-linux-gnu/libnss_files-2.19.so
7f2dee23a000-7f2dee23b000 rw-p 0000b000 09:01 17826020                   /lib/x86_64-linux-gnu/libnss_files-2.19.so
7f2dee23b000-7f2dee246000 r-xp 00000000 09:01 17826024                   /lib/x86_64-linux-gnu/libnss_nis-2.19.so
7f2dee246000-7f2dee445000 ---p 0000b000 09:01 17826024                   /lib/x86_64-linux-gnu/libnss_nis-2.19.so
7f2dee445000-7f2dee446000 r--p 0000a000 09:01 17826024                   /lib/x86_64-linux-gnu/libnss_nis-2.19.so
7f2dee446000-7f2dee447000 rw-p 0000b000 09:01 17826024                   /lib/x86_64-linux-gnu/libnss_nis-2.19.so
7f2dee447000-7f2dee45e000 r-xp 00000000 09:01 17826014                   /lib/x86_64-linux-gnu/libnsl-2.19.so
7f2dee45e000-7f2dee65d000 ---p 00017000 09:01 17826014                   /lib/x86_64-linux-gnu/libnsl-2.19.so
7f2dee65d000-7f2dee65e000 r--p 00016000 09:01 17826014                   /lib/x86_64-linux-gnu/libnsl-2.19.so
7f2dee65e000-7f2dee65f000 rw-p 00017000 09:01 17826014                   /lib/x86_64-linux-gnu/libnsl-2.19.so
7f2dee65f000-7f2dee661000 rw-p 00000000 00:00 0 
7f2dee661000-7f2dee66a000 r-xp 00000000 09:01 17826016                   /lib/x86_64-linux-gnu/libnss_compat-2.19.so
7f2dee66a000-7f2dee869000 ---p 00009000 09:01 17826016                   /lib/x86_64-linux-gnu/libnss_compat-2.19.so
7f2dee869000-7f2dee86a000 r--p 00008000 09:01 17826016                   /lib/x86_64-linux-gnu/libnss_compat-2.19.so
7f2dee86a000-7f2dee86b000 rw-p 00009000 09:01 17826016                   /lib/x86_64-linux-gnu/libnss_compat-2.19.so
7f2dee86b000-7f2deeb34000 r--p 00000000 09:01 17568210                   /usr/lib/locale/locale-archive
7f2deeb34000-7f2deeb36000 r-xp 00000000 09:01 43517771                   /opt/jdk/jdk1.8.0_92/jre/lib/amd64/libnpt.so
7f2deeb36000-7f2deed36000 ---p 00002000 09:01 43517771                   /opt/jdk/jdk1.8.0_92/jre/lib/amd64/libnpt.so
7f2deed36000-7f2deed37000 rw-p 00002000 09:01 43517771                   /opt/jdk/jdk1.8.0_92/jre/lib/amd64/libnpt.so
7f2deed37000-7f2deed70000 r-xp 00000000 09:01 43517789                   /opt/jdk/jdk1.8.0_92/jre/lib/amd64/libjdwp.so
7f2deed70000-7f2deef6f000 ---p 00039000 09:01 43517789                   /opt/jdk/jdk1.8.0_92/jre/lib/amd64/libjdwp.so
7f2deef6f000-7f2deef71000 rw-p 00038000 09:01 43517789                   /opt/jdk/jdk1.8.0_92/jre/lib/amd64/libjdwp.so
7f2deef71000-7f2deef9b000 r-xp 00000000 09:01 43517795                   /opt/jdk/jdk1.8.0_92/jre/lib/amd64/libjava.so
7f2deef9b000-7f2def19b000 ---p 0002a000 09:01 43517795                   /opt/jdk/jdk1.8.0_92/jre/lib/amd64/libjava.so
7f2def19b000-7f2def19d000 rw-p 0002a000 09:01 43517795                   /opt/jdk/jdk1.8.0_92/jre/lib/amd64/libjava.so
7f2def19d000-7f2def1aa000 r-xp 00000000 09:01 43517799                   /opt/jdk/jdk1.8.0_92/jre/lib/amd64/libverify.so
7f2def1aa000-7f2def3aa000 ---p 0000d000 09:01 43517799                   /opt/jdk/jdk1.8.0_92/jre/lib/amd64/libverify.so
7f2def3aa000-7f2def3ac000 rw-p 0000d000 09:01 43517799                   /opt/jdk/jdk1.8.0_92/jre/lib/amd64/libverify.so
7f2def3ac000-7f2def3b3000 r-xp 00000000 09:01 17826057                   /lib/x86_64-linux-gnu/librt-2.19.so
7f2def3b3000-7f2def5b2000 ---p 00007000 09:01 17826057                   /lib/x86_64-linux-gnu/librt-2.19.so
7f2def5b2000-7f2def5b3000 r--p 00006000 09:01 17826057                   /lib/x86_64-linux-gnu/librt-2.19.so
7f2def5b3000-7f2def5b4000 rw-p 00007000 09:01 17826057                   /lib/x86_64-linux-gnu/librt-2.19.so
7f2def5b4000-7f2def6b9000 r-xp 00000000 09:01 17825999                   /lib/x86_64-linux-gnu/libm-2.19.so
7f2def6b9000-7f2def8b8000 ---p 00105000 09:01 17825999                   /lib/x86_64-linux-gnu/libm-2.19.so
7f2def8b8000-7f2def8b9000 r--p 00104000 09:01 17825999                   /lib/x86_64-linux-gnu/libm-2.19.so
7f2def8b9000-7f2def8ba000 rw-p 00105000 09:01 17825999                   /lib/x86_64-linux-gnu/libm-2.19.so
7f2def8ba000-7f2df057d000 r-xp 00000000 09:01 43517778                   /opt/jdk/jdk1.8.0_92/jre/lib/amd64/server/libjvm.so
7f2df057d000-7f2df077c000 ---p 00cc3000 09:01 43517778                   /opt/jdk/jdk1.8.0_92/jre/lib/amd64/server/libjvm.so
7f2df077c000-7f2df0855000 rw-p 00cc2000 09:01 43517778                   /opt/jdk/jdk1.8.0_92/jre/lib/amd64/server/libjvm.so
7f2df0855000-7f2df08a0000 rw-p 00000000 00:00 0 
7f2df08a0000-7f2df0a5b000 r-xp 00000000 09:01 17825961                   /lib/x86_64-linux-gnu/libc-2.19.so
7f2df0a5b000-7f2df0c5a000 ---p 001bb000 09:01 17825961                   /lib/x86_64-linux-gnu/libc-2.19.so
7f2df0c5a000-7f2df0c5e000 r--p 001ba000 09:01 17825961                   /lib/x86_64-linux-gnu/libc-2.19.so
7f2df0c5e000-7f2df0c60000 rw-p 001be000 09:01 17825961                   /lib/x86_64-linux-gnu/libc-2.19.so
7f2df0c60000-7f2df0c65000 rw-p 00000000 00:00 0 
7f2df0c65000-7f2df0c68000 r-xp 00000000 09:01 17825977                   /lib/x86_64-linux-gnu/libdl-2.19.so
7f2df0c68000-7f2df0e67000 ---p 00003000 09:01 17825977                   /lib/x86_64-linux-gnu/libdl-2.19.so
7f2df0e67000-7f2df0e68000 r--p 00002000 09:01 17825977                   /lib/x86_64-linux-gnu/libdl-2.19.so
7f2df0e68000-7f2df0e69000 rw-p 00003000 09:01 17825977                   /lib/x86_64-linux-gnu/libdl-2.19.so
7f2df0e69000-7f2df0e7e000 r-xp 00000000 09:01 43517413                   /opt/jdk/jdk1.8.0_92/lib/amd64/jli/libjli.so
7f2df0e7e000-7f2df107e000 ---p 00015000 09:01 43517413                   /opt/jdk/jdk1.8.0_92/lib/amd64/jli/libjli.so
7f2df107e000-7f2df107f000 rw-p 00015000 09:01 43517413                   /opt/jdk/jdk1.8.0_92/lib/amd64/jli/libjli.so
7f2df107f000-7f2df1098000 r-xp 00000000 09:01 17826051                   /lib/x86_64-linux-gnu/libpthread-2.19.so
7f2df1098000-7f2df1297000 ---p 00019000 09:01 17826051                   /lib/x86_64-linux-gnu/libpthread-2.19.so
7f2df1297000-7f2df1298000 r--p 00018000 09:01 17826051                   /lib/x86_64-linux-gnu/libpthread-2.19.so
7f2df1298000-7f2df1299000 rw-p 00019000 09:01 17826051                   /lib/x86_64-linux-gnu/libpthread-2.19.so
7f2df1299000-7f2df129d000 rw-p 00000000 00:00 0 
7f2df129d000-7f2df12c0000 r-xp 00000000 09:01 17825941                   /lib/x86_64-linux-gnu/ld-2.19.so
7f2df12c0000-7f2df12c1000 rw-s cd13de000 00:06 490                       /dev/nvidiactl
7f2df12c1000-7f2df12c2000 rw-s efd64000 00:06 458                        /dev/nvidia0
7f2df12c2000-7f2df12c3000 rw-s cd1200000 00:06 490                       /dev/nvidiactl
7f2df12c3000-7f2df12c4000 rw-s efd64000 00:06 458                        /dev/nvidia0
7f2df12c4000-7f2df12c8000 rw-s e02e0000 00:06 458                        /dev/nvidia0
7f2df12c8000-7f2df139a000 rw-p 00000000 00:00 0 
7f2df139a000-7f2df139d000 ---p 00000000 00:00 0 
7f2df139d000-7f2df149f000 rw-p 00000000 00:00 0 
7f2df149f000-7f2df14a0000 rw-s ebe091000 00:06 490                       /dev/nvidiactl
7f2df14a0000-7f2df14a1000 rw-s efd64000 00:06 458                        /dev/nvidia0
7f2df14a1000-7f2df14a2000 rw-s 102a388000 00:06 490                      /dev/nvidiactl
7f2df14a2000-7f2df14a6000 rw-s e02c0000 00:06 458                        /dev/nvidia0
7f2df14a6000-7f2df14a7000 rw-s efd64000 00:06 458                        /dev/nvidia0
7f2df14a7000-7f2df14a8000 rw-s f79d34000 00:06 490                       /dev/nvidiactl
7f2df14a8000-7f2df14ac000 rw-s e02a0000 00:06 458                        /dev/nvidia0
7f2df14ac000-7f2df14ad000 r--s 00008000 09:01 23068987                   /home/willie/libraries/JCuda-All-0.7.5-bin-Linux-x86_64/jcusparse-0.7.5.jar
7f2df14ad000-7f2df14b1000 r--s 0001d000 09:01 23068983                   /home/willie/libraries/JCuda-All-0.7.5-bin-Linux-x86_64/jcuda-0.7.5.jar
7f2df14b1000-7f2df14b3000 r--s 00006000 09:01 23068982                   /home/willie/libraries/JCuda-All-0.7.5-bin-Linux-x86_64/jcublas-0.7.5.jar
7f2df14b3000-7f2df14bb000 rw-s 00000000 09:01 26876173                   /tmp/hsperfdata_willie/29003
7f2df14bb000-7f2df14bc000 rw-p 00000000 00:00 0 
7f2df14bc000-7f2df14bd000 r--p 00000000 00:00 0 
7f2df14bd000-7f2df14bf000 rw-p 00000000 00:00 0 
7f2df14bf000-7f2df14c0000 r--p 00022000 09:01 17825941                   /lib/x86_64-linux-gnu/ld-2.19.so
7f2df14c0000-7f2df14c1000 rw-p 00023000 09:01 17825941                   /lib/x86_64-linux-gnu/ld-2.19.so
7f2df14c1000-7f2df14c2000 rw-p 00000000 00:00 0 
7ffe2a191000-7ffe2a1b2000 rw-p 00000000 00:00 0                          [stack]
7ffe2a1bc000-7ffe2a1be000 r--p 00000000 00:00 0                          [vvar]
7ffe2a1be000-7ffe2a1c0000 r-xp 00000000 00:00 0                          [vdso]
ffffffffff600000-ffffffffff601000 r-xp 00000000 00:00 0                  [vsyscall]

VM Arguments:
jvm_args: -agentlib:jdwp=transport=dt_socket,suspend=y,address=localhost:42741 -Djava.library.path=/home/willie/libraries/JCuda-All-0.7.5-bin-Linux-x86_64:/home/willie/libraries/JCuda-All-0.7.5-bin-Linux-x86_64:/home/willie/libraries/JCuda-All-0.7.5-bin-Linux-x86_64 -Dfile.encoding=UTF-8 
java_command: MLSAT.TestMLSATSAT4J
java_class_path (initial): /home/willie/workspace/SAT_Solvers_GPU/bin:/home/willie/workspace/SAT_Solvers_GPU/Libraries/commons-math3-3.6/commons-math3-3.6.jar:/home/willie/workspace/mlGPU/bin:/home/willie/workspace/mlGPU/Libraries/commons-math3-3.3/commons-math3-3.3.jar:/home/willie/libraries/JCuda-All-0.7.5-bin-Linux-x86_64/jcublas-0.7.5.jar:/home/willie/libraries/JCuda-All-0.7.5-bin-Linux-x86_64/jcuda-0.7.5.jar:/home/willie/libraries/JCuda-All-0.7.5-bin-Linux-x86_64/jcusparse-0.7.5.jar
Launcher Type: SUN_STANDARD

Environment Variables:
PATH=/usr/local/sbin:/usr/local/bin:/usr/sbin:/usr/bin:/sbin:/bin:/usr/games:/usr/local/games:/usr/local/cuda-7.5/lib64:/usr/local/cuda-7.5/bin:/usr/lib:/usr/lib/llvm-3.8/include:/usr/include/cudnn-7.5/lib64:/opt/jdk/jdk1.8.0_92/include
LD_LIBRARY_PATH=/usr/local/cuda-7.5/lib64:/usr/local/cuda-7.5/bin:/usr/lib/llvm-3.8/include:/usr/include/cudnn-7.5/lib64:/home/willie/libraries/caffe/build/lib:/opt/jdk/jdk1.8.0_92/include
SHELL=/bin/bash
DISPLAY=:0

Signal Handlers:
SIGSEGV: [libjvm.so+0xabdee0], sa_mask[0]=11111111011111111101111111111110, sa_flags=SA_RESTART|SA_SIGINFO
SIGBUS: [libjvm.so+0xabdee0], sa_mask[0]=11111111011111111101111111111110, sa_flags=SA_RESTART|SA_SIGINFO
SIGFPE: [libjvm.so+0x91a580], sa_mask[0]=11111111011111111101111111111110, sa_flags=SA_RESTART|SA_SIGINFO
SIGPIPE: [libjvm.so+0x91a580], sa_mask[0]=11111111011111111101111111111110, sa_flags=SA_RESTART|SA_SIGINFO
SIGXFSZ: [libjvm.so+0x91a580], sa_mask[0]=11111111011111111101111111111110, sa_flags=SA_RESTART|SA_SIGINFO
SIGILL: [libjvm.so+0x91a580], sa_mask[0]=11111111011111111101111111111110, sa_flags=SA_RESTART|SA_SIGINFO
SIGUSR1: SIG_DFL, sa_mask[0]=00000000000000000000000000000000, sa_flags=none
SIGUSR2: [libjvm.so+0x91bbb0], sa_mask[0]=00100000000000000000000000000000, sa_flags=SA_RESTART|SA_SIGINFO
SIGHUP: [libjvm.so+0x91cfb0], sa_mask[0]=11111111011111111101111111111110, sa_flags=SA_RESTART|SA_SIGINFO
SIGINT: [libjvm.so+0x91cfb0], sa_mask[0]=11111111011111111101111111111110, sa_flags=SA_RESTART|SA_SIGINFO
SIGTERM: [libjvm.so+0x91cfb0], sa_mask[0]=11111111011111111101111111111110, sa_flags=SA_RESTART|SA_SIGINFO
SIGQUIT: [libjvm.so+0x91cfb0], sa_mask[0]=11111111011111111101111111111110, sa_flags=SA_RESTART|SA_SIGINFO


---------------  S Y S T E M  ---------------

OS:DISTRIB_ID=Ubuntu
DISTRIB_RELEASE=14.04
DISTRIB_CODENAME=trusty
DISTRIB_DESCRIPTION="Ubuntu 14.04.4 LTS"

uname:Linux 4.2.0-36-generic #42~14.04.1-Ubuntu SMP Fri May 13 17:27:22 UTC 2016 x86_64
libc:glibc 2.19 NPTL 2.19 
rlimit: STACK 8192k, CORE 0k, NPROC 257331, NOFILE 4096, AS infinity
load average:1.95 1.99 1.89

/proc/meminfo:
MemTotal:       65899724 kB
MemFree:        53624976 kB
MemAvailable:   56116176 kB
Buffers:          311176 kB
Cached:          2269564 kB
SwapCached:            0 kB
Active:         10498264 kB
Inactive:         975892 kB
Active(anon):    8894888 kB
Inactive(anon):   203668 kB
Active(file):    1603376 kB
Inactive(file):   772224 kB
Unevictable:          48 kB
Mlocked:              48 kB
SwapTotal:      67382268 kB
SwapFree:       67382268 kB
Dirty:               140 kB
Writeback:             0 kB
AnonPages:       8893544 kB
Mapped:           786688 kB
Shmem:            205128 kB
Slab:             308360 kB
SReclaimable:     237220 kB
SUnreclaim:        71140 kB
KernelStack:       20016 kB
PageTables:        75428 kB
NFS_Unstable:          0 kB
Bounce:                0 kB
WritebackTmp:          0 kB
CommitLimit:    100332128 kB
Committed_AS:   17201012 kB
VmallocTotal:   34359738367 kB
VmallocUsed:      434784 kB
VmallocChunk:   34358945788 kB
HardwareCorrupted:     0 kB
AnonHugePages:   4233216 kB
CmaTotal:              0 kB
CmaFree:               0 kB
HugePages_Total:       0
HugePages_Free:        0
HugePages_Rsvd:        0
HugePages_Surp:        0
Hugepagesize:       2048 kB
DirectMap4k:      473192 kB
DirectMap2M:    14129152 kB
DirectMap1G:    54525952 kB


CPU:total 12 (6 cores per cpu, 2 threads per core) family 6 model 63 stepping 2, cmov, cx8, fxsr, mmx, sse, sse2, sse3, ssse3, sse4.1, sse4.2, popcnt, avx, avx2, aes, clmul, erms, lzcnt, ht, tsc, tscinvbit, bmi1, bmi2

/proc/cpuinfo:
processor	: 0
vendor_id	: GenuineIntel
cpu family	: 6
model		: 63
model name	: Intel(R) Core(TM) i7-5930K CPU @ 3.50GHz
stepping	: 2
microcode	: 0x27
cpu MHz		: 1563.105
cache size	: 15360 KB
physical id	: 0
siblings	: 12
core id		: 0
cpu cores	: 6
apicid		: 0
initial apicid	: 0
fpu		: yes
fpu_exception	: yes
cpuid level	: 15
wp		: yes
flags		: fpu vme de pse tsc msr pae mce cx8 apic sep mtrr pge mca cmov pat pse36 clflush dts acpi mmx fxsr sse sse2 ss ht tm pbe syscall nx pdpe1gb rdtscp lm constant_tsc arch_perfmon pebs bts rep_good nopl xtopology nonstop_tsc aperfmperf eagerfpu pni pclmulqdq dtes64 monitor ds_cpl vmx est tm2 ssse3 fma cx16 xtpr pdcm pcid dca sse4_1 sse4_2 x2apic movbe popcnt tsc_deadline_timer aes xsave avx f16c rdrand lahf_lm abm ida arat epb pln pts dtherm tpr_shadow vnmi flexpriority ept vpid fsgsbase tsc_adjust bmi1 avx2 smep bmi2 erms invpcid cqm xsaveopt cqm_llc cqm_occup_llc
bugs		:
bogomips	: 6984.49
clflush size	: 64
cache_alignment	: 64
address sizes	: 46 bits physical, 48 bits virtual
power management:

processor	: 1
vendor_id	: GenuineIntel
cpu family	: 6
model		: 63
model name	: Intel(R) Core(TM) i7-5930K CPU @ 3.50GHz
stepping	: 2
microcode	: 0x27
cpu MHz		: 1201.757
cache size	: 15360 KB
physical id	: 0
siblings	: 12
core id		: 1
cpu cores	: 6
apicid		: 2
initial apicid	: 2
fpu		: yes
fpu_exception	: yes
cpuid level	: 15
wp		: yes
flags		: fpu vme de pse tsc msr pae mce cx8 apic sep mtrr pge mca cmov pat pse36 clflush dts acpi mmx fxsr sse sse2 ss ht tm pbe syscall nx pdpe1gb rdtscp lm constant_tsc arch_perfmon pebs bts rep_good nopl xtopology nonstop_tsc aperfmperf eagerfpu pni pclmulqdq dtes64 monitor ds_cpl vmx est tm2 ssse3 fma cx16 xtpr pdcm pcid dca sse4_1 sse4_2 x2apic movbe popcnt tsc_deadline_timer aes xsave avx f16c rdrand lahf_lm abm ida arat epb pln pts dtherm tpr_shadow vnmi flexpriority ept vpid fsgsbase tsc_adjust bmi1 avx2 smep bmi2 erms invpcid cqm xsaveopt cqm_llc cqm_occup_llc
bugs		:
bogomips	: 6984.49
clflush size	: 64
cache_alignment	: 64
address sizes	: 46 bits physical, 48 bits virtual
power management:

processor	: 2
vendor_id	: GenuineIntel
cpu family	: 6
model		: 63
model name	: Intel(R) Core(TM) i7-5930K CPU @ 3.50GHz
stepping	: 2
microcode	: 0x27
cpu MHz		: 3656.953
cache size	: 15360 KB
physical id	: 0
siblings	: 12
core id		: 2
cpu cores	: 6
apicid		: 4
initial apicid	: 4
fpu		: yes
fpu_exception	: yes
cpuid level	: 15
wp		: yes
flags		: fpu vme de pse tsc msr pae mce cx8 apic sep mtrr pge mca cmov pat pse36 clflush dts acpi mmx fxsr sse sse2 ss ht tm pbe syscall nx pdpe1gb rdtscp lm constant_tsc arch_perfmon pebs bts rep_good nopl xtopology nonstop_tsc aperfmperf eagerfpu pni pclmulqdq dtes64 monitor ds_cpl vmx est tm2 ssse3 fma cx16 xtpr pdcm pcid dca sse4_1 sse4_2 x2apic movbe popcnt tsc_deadline_timer aes xsave avx f16c rdrand lahf_lm abm ida arat epb pln pts dtherm tpr_shadow vnmi flexpriority ept vpid fsgsbase tsc_adjust bmi1 avx2 smep bmi2 erms invpcid cqm xsaveopt cqm_llc cqm_occup_llc
bugs		:
bogomips	: 6984.49
clflush size	: 64
cache_alignment	: 64
address sizes	: 46 bits physical, 48 bits virtual
power management:

processor	: 3
vendor_id	: GenuineIntel
cpu family	: 6
model		: 63
model name	: Intel(R) Core(TM) i7-5930K CPU @ 3.50GHz
stepping	: 2
microcode	: 0x27
cpu MHz		: 1524.960
cache size	: 15360 KB
physical id	: 0
siblings	: 12
core id		: 3
cpu cores	: 6
apicid		: 6
initial apicid	: 6
fpu		: yes
fpu_exception	: yes
cpuid level	: 15
wp		: yes
flags		: fpu vme de pse tsc msr pae mce cx8 apic sep mtrr pge mca cmov pat pse36 clflush dts acpi mmx fxsr sse sse2 ss ht tm pbe syscall nx pdpe1gb rdtscp lm constant_tsc arch_perfmon pebs bts rep_good nopl xtopology nonstop_tsc aperfmperf eagerfpu pni pclmulqdq dtes64 monitor ds_cpl vmx est tm2 ssse3 fma cx16 xtpr pdcm pcid dca sse4_1 sse4_2 x2apic movbe popcnt tsc_deadline_timer aes xsave avx f16c rdrand lahf_lm abm ida arat epb pln pts dtherm tpr_shadow vnmi flexpriority ept vpid fsgsbase tsc_adjust bmi1 avx2 smep bmi2 erms invpcid cqm xsaveopt cqm_llc cqm_occup_llc
bugs		:
bogomips	: 6984.49
clflush size	: 64
cache_alignment	: 64
address sizes	: 46 bits physical, 48 bits virtual
power management:

processor	: 4
vendor_id	: GenuineIntel
cpu family	: 6
model		: 63
model name	: Intel(R) Core(TM) i7-5930K CPU @ 3.50GHz
stepping	: 2
microcode	: 0x27
cpu MHz		: 1287.617
cache size	: 15360 KB
physical id	: 0
siblings	: 12
core id		: 4
cpu cores	: 6
apicid		: 8
initial apicid	: 8
fpu		: yes
fpu_exception	: yes
cpuid level	: 15
wp		: yes
flags		: fpu vme de pse tsc msr pae mce cx8 apic sep mtrr pge mca cmov pat pse36 clflush dts acpi mmx fxsr sse sse2 ss ht tm pbe syscall nx pdpe1gb rdtscp lm constant_tsc arch_perfmon pebs bts rep_good nopl xtopology nonstop_tsc aperfmperf eagerfpu pni pclmulqdq dtes64 monitor ds_cpl vmx est tm2 ssse3 fma cx16 xtpr pdcm pcid dca sse4_1 sse4_2 x2apic movbe popcnt tsc_deadline_timer aes xsave avx f16c rdrand lahf_lm abm ida arat epb pln pts dtherm tpr_shadow vnmi flexpriority ept vpid fsgsbase tsc_adjust bmi1 avx2 smep bmi2 erms invpcid cqm xsaveopt cqm_llc cqm_occup_llc
bugs		:
bogomips	: 6984.49
clflush size	: 64
cache_alignment	: 64
address sizes	: 46 bits physical, 48 bits virtual
power management:

processor	: 5
vendor_id	: GenuineIntel
cpu family	: 6
model		: 63
model name	: Intel(R) Core(TM) i7-5930K CPU @ 3.50GHz
stepping	: 2
microcode	: 0x27
cpu MHz		: 1721.425
cache size	: 15360 KB
physical id	: 0
siblings	: 12
core id		: 5
cpu cores	: 6
apicid		: 10
initial apicid	: 10
fpu		: yes
fpu_exception	: yes
cpuid level	: 15
wp		: yes
flags		: fpu vme de pse tsc msr pae mce cx8 apic sep mtrr pge mca cmov pat pse36 clflush dts acpi mmx fxsr sse sse2 ss ht tm pbe syscall nx pdpe1gb rdtscp lm constant_tsc arch_perfmon pebs bts rep_good nopl xtopology nonstop_tsc aperfmperf eagerfpu pni pclmulqdq dtes64 monitor ds_cpl vmx est tm2 ssse3 fma cx16 xtpr pdcm pcid dca sse4_1 sse4_2 x2apic movbe popcnt tsc_deadline_timer aes xsave avx f16c rdrand lahf_lm abm ida arat epb pln pts dtherm tpr_shadow vnmi flexpriority ept vpid fsgsbase tsc_adjust bmi1 avx2 smep bmi2 erms invpcid cqm xsaveopt cqm_llc cqm_occup_llc
bugs		:
bogomips	: 6984.49
clflush size	: 64
cache_alignment	: 64
address sizes	: 46 bits physical, 48 bits virtual
power management:

processor	: 6
vendor_id	: GenuineIntel
cpu family	: 6
model		: 63
model name	: Intel(R) Core(TM) i7-5930K CPU @ 3.50GHz
stepping	: 2
microcode	: 0x27
cpu MHz		: 1294.589
cache size	: 15360 KB
physical id	: 0
siblings	: 12
core id		: 0
cpu cores	: 6
apicid		: 1
initial apicid	: 1
fpu		: yes
fpu_exception	: yes
cpuid level	: 15
wp		: yes
flags		: fpu vme de pse tsc msr pae mce cx8 apic sep mtrr pge mca cmov pat pse36 clflush dts acpi mmx fxsr sse sse2 ss ht tm pbe syscall nx pdpe1gb rdtscp lm constant_tsc arch_perfmon pebs bts rep_good nopl xtopology nonstop_tsc aperfmperf eagerfpu pni pclmulqdq dtes64 monitor ds_cpl vmx est tm2 ssse3 fma cx16 xtpr pdcm pcid dca sse4_1 sse4_2 x2apic movbe popcnt tsc_deadline_timer aes xsave avx f16c rdrand lahf_lm abm ida arat epb pln pts dtherm tpr_shadow vnmi flexpriority ept vpid fsgsbase tsc_adjust bmi1 avx2 smep bmi2 erms invpcid cqm xsaveopt cqm_llc cqm_occup_llc
bugs		:
bogomips	: 6984.49
clflush size	: 64
cache_alignment	: 64
address sizes	: 46 bits physical, 48 bits virtual
power management:

processor	: 7
vendor_id	: GenuineIntel
cpu family	: 6
model		: 63
model name	: Intel(R) Core(TM) i7-5930K CPU @ 3.50GHz
stepping	: 2
microcode	: 0x27
cpu MHz		: 1571.582
cache size	: 15360 KB
physical id	: 0
siblings	: 12
core id		: 1
cpu cores	: 6
apicid		: 3
initial apicid	: 3
fpu		: yes
fpu_exception	: yes
cpuid level	: 15
wp		: yes
flags		: fpu vme de pse tsc msr pae mce cx8 apic sep mtrr pge mca cmov pat pse36 clflush dts acpi mmx fxsr sse sse2 ss ht tm pbe syscall nx pdpe1gb rdtscp lm constant_tsc arch_perfmon pebs bts rep_good nopl xtopology nonstop_tsc aperfmperf eagerfpu pni pclmulqdq dtes64 monitor ds_cpl vmx est tm2 ssse3 fma cx16 xtpr pdcm pcid dca sse4_1 sse4_2 x2apic movbe popcnt tsc_deadline_timer aes xsave avx f16c rdrand lahf_lm abm ida arat epb pln pts dtherm tpr_shadow vnmi flexpriority ept vpid fsgsbase tsc_adjust bmi1 avx2 smep bmi2 erms invpcid cqm xsaveopt cqm_llc cqm_occup_llc
bugs		:
bogomips	: 6984.49
clflush size	: 64
cache_alignment	: 64
address sizes	: 46 bits physical, 48 bits virtual
power management:

processor	: 8
vendor_id	: GenuineIntel
cpu family	: 6
model		: 63
model name	: Intel(R) Core(TM) i7-5930K CPU @ 3.50GHz
stepping	: 2
microcode	: 0x27
cpu MHz		: 3647.382
cache size	: 15360 KB
physical id	: 0
siblings	: 12
core id		: 2
cpu cores	: 6
apicid		: 5
initial apicid	: 5
fpu		: yes
fpu_exception	: yes
cpuid level	: 15
wp		: yes
flags		: fpu vme de pse tsc msr pae mce cx8 apic sep mtrr pge mca cmov pat pse36 clflush dts acpi mmx fxsr sse sse2 ss ht tm pbe syscall nx pdpe1gb rdtscp lm constant_tsc arch_perfmon pebs bts rep_good nopl xtopology nonstop_tsc aperfmperf eagerfpu pni pclmulqdq dtes64 monitor ds_cpl vmx est tm2 ssse3 fma cx16 xtpr pdcm pcid dca sse4_1 sse4_2 x2apic movbe popcnt tsc_deadline_timer aes xsave avx f16c rdrand lahf_lm abm ida arat epb pln pts dtherm tpr_shadow vnmi flexpriority ept vpid fsgsbase tsc_adjust bmi1 avx2 smep bmi2 erms invpcid cqm xsaveopt cqm_llc cqm_occup_llc
bugs		:
bogomips	: 6984.49
clflush size	: 64
cache_alignment	: 64
address sizes	: 46 bits physical, 48 bits virtual
power management:

processor	: 9
vendor_id	: GenuineIntel
cpu family	: 6
model		: 63
model name	: Intel(R) Core(TM) i7-5930K CPU @ 3.50GHz
stepping	: 2
microcode	: 0x27
cpu MHz		: 1559.003
cache size	: 15360 KB
physical id	: 0
siblings	: 12
core id		: 3
cpu cores	: 6
apicid		: 7
initial apicid	: 7
fpu		: yes
fpu_exception	: yes
cpuid level	: 15
wp		: yes
flags		: fpu vme de pse tsc msr pae mce cx8 apic sep mtrr pge mca cmov pat pse36 clflush dts acpi mmx fxsr sse sse2 ss ht tm pbe syscall nx pdpe1gb rdtscp lm constant_tsc arch_perfmon pebs bts rep_good nopl xtopology nonstop_tsc aperfmperf eagerfpu pni pclmulqdq dtes64 monitor ds_cpl vmx est tm2 ssse3 fma cx16 xtpr pdcm pcid dca sse4_1 sse4_2 x2apic movbe popcnt tsc_deadline_timer aes xsave avx f16c rdrand lahf_lm abm ida arat epb pln pts dtherm tpr_shadow vnmi flexpriority ept vpid fsgsbase tsc_adjust bmi1 avx2 smep bmi2 erms invpcid cqm xsaveopt cqm_llc cqm_occup_llc
bugs		:
bogomips	: 6984.49
clflush size	: 64
cache_alignment	: 64
address sizes	: 46 bits physical, 48 bits virtual
power management:

processor	: 10
vendor_id	: GenuineIntel
cpu family	: 6
model		: 63
model name	: Intel(R) Core(TM) i7-5930K CPU @ 3.50GHz
stepping	: 2
microcode	: 0x27
cpu MHz		: 1236.894
cache size	: 15360 KB
physical id	: 0
siblings	: 12
core id		: 4
cpu cores	: 6
apicid		: 9
initial apicid	: 9
fpu		: yes
fpu_exception	: yes
cpuid level	: 15
wp		: yes
flags		: fpu vme de pse tsc msr pae mce cx8 apic sep mtrr pge mca cmov pat pse36 clflush dts acpi mmx fxsr sse sse2 ss ht tm pbe syscall nx pdpe1gb rdtscp lm constant_tsc arch_perfmon pebs bts rep_good nopl xtopology nonstop_tsc aperfmperf eagerfpu pni pclmulqdq dtes64 monitor ds_cpl vmx est tm2 ssse3 fma cx16 xtpr pdcm pcid dca sse4_1 sse4_2 x2apic movbe popcnt tsc_deadline_timer aes xsave avx f16c rdrand lahf_lm abm ida arat epb pln pts dtherm tpr_shadow vnmi flexpriority ept vpid fsgsbase tsc_adjust bmi1 avx2 smep bmi2 erms invpcid cqm xsaveopt cqm_llc cqm_occup_llc
bugs		:
bogomips	: 6984.49
clflush size	: 64
cache_alignment	: 64
address sizes	: 46 bits physical, 48 bits virtual
power management:

processor	: 11
vendor_id	: GenuineIntel
cpu family	: 6
model		: 63
model name	: Intel(R) Core(TM) i7-5930K CPU @ 3.50GHz
stepping	: 2
microcode	: 0x27
cpu MHz		: 1684.921
cache size	: 15360 KB
physical id	: 0
siblings	: 12
core id		: 5
cpu cores	: 6
apicid		: 11
initial apicid	: 11
fpu		: yes
fpu_exception	: yes
cpuid level	: 15
wp		: yes
flags		: fpu vme de pse tsc msr pae mce cx8 apic sep mtrr pge mca cmov pat pse36 clflush dts acpi mmx fxsr sse sse2 ss ht tm pbe syscall nx pdpe1gb rdtscp lm constant_tsc arch_perfmon pebs bts rep_good nopl xtopology nonstop_tsc aperfmperf eagerfpu pni pclmulqdq dtes64 monitor ds_cpl vmx est tm2 ssse3 fma cx16 xtpr pdcm pcid dca sse4_1 sse4_2 x2apic movbe popcnt tsc_deadline_timer aes xsave avx f16c rdrand lahf_lm abm ida arat epb pln pts dtherm tpr_shadow vnmi flexpriority ept vpid fsgsbase tsc_adjust bmi1 avx2 smep bmi2 erms invpcid cqm xsaveopt cqm_llc cqm_occup_llc
bugs		:
bogomips	: 6984.49
clflush size	: 64
cache_alignment	: 64
address sizes	: 46 bits physical, 48 bits virtual
power management:



Memory: 4k page, physical 65899724k(53624976k free), swap 67382268k(67382268k free)

vm_info: Java HotSpot(TM) 64-Bit Server VM (25.92-b14) for linux-amd64 JRE (1.8.0_92-b14), built on Mar 31 2016 21:08:29 by "java_re" with gcc 4.3.0 20080428 (Red Hat 4.3.0-8)

time: Tue May 24 23:04:44 2016
elapsed time: 1526 seconds (0d 0h 25m 26s)

