#
# A fatal error has been detected by the Java Runtime Environment:
#
#  SIGSEGV (0xb) at pc=0x00007f8eb45ad1c7, pid=31749, tid=0x00007f8f5d3ca700
#
# JRE version: Java(TM) SE Runtime Environment (8.0_92-b14) (build 1.8.0_92-b14)
# Java VM: Java HotSpot(TM) 64-Bit Server VM (25.92-b14 mixed mode linux-amd64 compressed oops)
# Problematic frame:
# C  [libJCudaRuntime-linux-x86_64.so+0x471c7]  cudart::contextStateManager::getRuntimeContextState(cudart::contextState**, bool)+0x37
#
# Failed to write core dump. Core dumps have been disabled. To enable core dumping, try "ulimit -c unlimited" before starting Java again
#
# If you would like to submit a bug report, please visit:
#   http://bugreport.java.com/bugreport/crash.jsp
# The crash happened outside the Java Virtual Machine in native code.
# See problematic frame for where to report the bug.
#

---------------  T H R E A D  ---------------

Current thread (0x00007f8f5400c800):  JavaThread "main" [_thread_in_native, id=31754, stack(0x00007f8f5d2ca000,0x00007f8f5d3cb000)]

siginfo: si_signo: 11 (SIGSEGV), si_code: 1 (SEGV_MAPERR), si_addr: 0x0000000000000000

Registers:
RAX=0x00007f8ea8cf3710, RBX=0x0000000000000001, RCX=0x000000000000001c, RDX=0x0000000000000000
RSP=0x00007f8f5d3c8ef0, RBP=0x000000000000000b, RSI=0x00007f8f5d3c8f40, RDI=0x0000000000000000
R8 =0x000000000000001c, R9 =0x0000000000000004, R10=0x00007f8eb457d1cb, R11=0x00000000f800e119
R12=0x0000000000000000, R13=0x00007f8f5d3c8f40, R14=0x000000000000001c, R15=0x00007f8f5d3c9080
RIP=0x00007f8eb45ad1c7, EFLAGS=0x0000000000010206, CSGSFS=0x0000000000000033, ERR=0x0000000000000004
  TRAPNO=0x000000000000000e

Top of Stack: (sp=0x00007f8f5d3c8ef0)
0x00007f8f5d3c8ef0:   0000000000000000 00000000000000d8
0x00007f8f5d3c8f00:   00007f8f5d3c9080 000000000000000b
0x00007f8f5d3c8f10:   000000000000001c 00000007c006f378
0x00007f8f5d3c8f20:   000000000000001c 00007f8eb45a0e1c
0x00007f8f5d3c8f30:   00007f8f4020eef8 00007f8f5400c800
0x00007f8f5d3c8f40:   0000000000000000 00007f8eb458d508
0x00007f8f5d3c8f50:   00007f8f450007a7 00007f8eb45ccc09
0x00007f8f5d3c8f60:   0000000000000004 00007f8ea8cf3710
0x00007f8f5d3c8f70:   0000000000000000 00007f8eb45c06ac
0x00007f8f5d3c8f80:   00007f8f4020eef8 00007f8f5400c800
0x00007f8f5d3c8f90:   00007f8f5d3c9000 00007f8f4020eef8
0x00007f8f5d3c8fa0:   00007f8f5400c800 00007f8f5d3c8fd0
0x00007f8f5d3c8fb0:   000000000000001c 000000000000001c
0x00007f8f5d3c8fc0:   000000000000001c 0000000000000004
0x00007f8f5d3c8fd0:   00007f8f00000001 0000000690ce40e0
0x00007f8f5d3c8fe0:   00007f8f5d3c9140 00007f8f5d3c91d0
0x00007f8f5d3c8ff0:   00007f8f450456a0 00007f8f0000000a
0x00007f8f5d3c9000:   00007f8f5400c800 00007f8f54087db0
0x00007f8f5d3c9010:   0000000000000000 0000000000000100
0x00007f8f5d3c9020:   00007f8f5d3c9250 0000000000000004
0x00007f8f5d3c9030:   00007f8f5d3c9090 0000000000000000
0x00007f8f5d3c9040:   00000007c006f378 00007f8f5d3c90d0
0x00007f8f5d3c9050:   00007f8f5400c800 00007f8eb457d243
0x00007f8f5d3c9060:   000000000000001c 00007f8f5d3c90a0
0x00007f8f5d3c9070:   00007f8f5d3c90d0 00007f8f5400c9f8
0x00007f8f5d3c9080:   0000000000000000 0000000000000000
0x00007f8f5d3c9090:   00007f8f5d3c90e0 00007f8f4555a98c
0x00007f8f5d3c90a0:   0000000690ce4128 00007f8f5c19c5ef
0x00007f8f5d3c90b0:   00007f8f4020eef8 0000000000000004
0x00007f8f5d3c90c0:   0000000000000000 00000007c006f378
0x00007f8f5d3c90d0:   00000003d2c1c880 00007f8f4510b445
0x00007f8f5d3c90e0:   0000000690ce40e0 00007f8f454fe3c0 

Instructions: (pc=0x00007f8eb45ad1c7)
0x00007f8eb45ad1a7:   89 fa 4c 89 74 24 f8 48 83 ec 38 49 89 fc 48 c7
0x00007f8eb45ad1b7:   04 24 00 00 00 00 48 c7 06 00 00 00 00 49 89 f5
0x00007f8eb45ad1c7:   48 8b 07 31 f6 48 89 e7 ff 50 10 84 db 75 2e 85
0x00007f8eb45ad1d7:   c0 75 47 48 8b 14 24 31 ed 49 89 55 00 89 e8 48 

Register to memory mapping:

RAX=0x00007f8ea8cf3710 is an unknown value
RBX=0x0000000000000001 is an unknown value
RCX=0x000000000000001c is an unknown value
RDX=0x0000000000000000 is an unknown value
RSP=0x00007f8f5d3c8ef0 is pointing into the stack for thread: 0x00007f8f5400c800
RBP=0x000000000000000b is an unknown value
RSI=0x00007f8f5d3c8f40 is pointing into the stack for thread: 0x00007f8f5400c800
RDI=0x0000000000000000 is an unknown value
R8 =0x000000000000001c is an unknown value
R9 =0x0000000000000004 is an unknown value
R10=0x00007f8eb457d1cb: Java_jcuda_runtime_JCuda_cudaMallocNative+0 in /home/willie/libraries/JCuda-All-0.7.5-bin-Linux-x86_64/libJCudaRuntime-linux-x86_64.so at 0x00007f8eb4566000
R11=0x00000000f800e119 is an unknown value
R12=0x0000000000000000 is an unknown value
R13=0x00007f8f5d3c8f40 is pointing into the stack for thread: 0x00007f8f5400c800
R14=0x000000000000001c is an unknown value
R15=0x00007f8f5d3c9080 is pointing into the stack for thread: 0x00007f8f5400c800


Stack: [0x00007f8f5d2ca000,0x00007f8f5d3cb000],  sp=0x00007f8f5d3c8ef0,  free space=1019k
Native frames: (J=compiled Java code, j=interpreted, Vv=VM code, C=native code)
C  [libJCudaRuntime-linux-x86_64.so+0x471c7]  cudart::contextStateManager::getRuntimeContextState(cudart::contextState**, bool)+0x37

Java frames: (J=compiled Java code, j=interpreted, Vv=VM code)
J 930  jcuda.runtime.JCuda.cudaMallocNative(Ljcuda/Pointer;J)I (0 bytes) @ 0x00007f8f4555a912 [0x00007f8f4555a8c0+0x52]
J 939 C2 nDimensionalMatrices.FDMatrix.<init>(II)V (29 bytes) @ 0x00007f8f454fe3c0 [0x00007f8f454fe2e0+0xe0]
J 1106 C2 network.SplitFeedForwardNetwork.getOutput([LnDimensionalMatrices/Matrix;)[LnDimensionalMatrices/Matrix; (335 bytes) @ 0x00007f8f457bd3d8 [0x00007f8f457bcdc0+0x618]
J 1622 C2 org.sat4j.minisat.orders.MLVarOrderHeap.updateVarHeap()V (4960 bytes) @ 0x00007f8f45782030 [0x00007f8f4577eb40+0x34f0]
J 1566 C2 org.sat4j.minisat.orders.MLVarOrderHeap.select()I (272 bytes) @ 0x00007f8f45599718 [0x00007f8f455996e0+0x38]
j  org.sat4j.minisat.core.MLSolver.search(Lorg/sat4j/specs/IVecInt;)Lorg/sat4j/specs/Lbool;+434
j  org.sat4j.minisat.core.Solver.isSatisfiable(Lorg/sat4j/specs/IVecInt;Z)Z+888
j  org.sat4j.minisat.core.Solver.isSatisfiable(Lorg/sat4j/specs/IVecInt;)Z+3
j  org.sat4j.minisat.core.Solver.isSatisfiable()Z+4
j  org.sat4j.minisat.core.Solver.findModel()[I+1
j  org.sat4j.tools.SolverDecorator.findModel()[I+4
j  SATSolver.SATSolverSAT4J.solve(Ljava/lang/String;)[Z+76
j  MLSAT.TestMLSATSAT4J.testAgainstVanilla(LSATSolver/SATSolverSAT4J;LSATProblemGeneration/SATProblemGenerator;)V+99
j  MLSAT.TestMLSATSAT4J.testPIndustiralMLSAT()V+213
j  MLSAT.TestMLSATSAT4J.main([Ljava/lang/String;)V+0
v  ~StubRoutines::call_stub

---------------  P R O C E S S  ---------------

Java Threads: ( => current thread )
  0x00007f8e9a985800 JavaThread "Timer-54" daemon [_thread_blocked, id=828, stack(0x00007f8eac01e000,0x00007f8eac11f000)]
  0x00007f8f540e9800 JavaThread "Service Thread" daemon [_thread_blocked, id=31783, stack(0x00007f8ef5894000,0x00007f8ef5995000)]
  0x00007f8f540de000 JavaThread "C1 CompilerThread3" daemon [_thread_blocked, id=31782, stack(0x00007f8ef5995000,0x00007f8ef5a96000)]
  0x00007f8f540dc000 JavaThread "C2 CompilerThread2" daemon [_thread_blocked, id=31781, stack(0x00007f8ef5a96000,0x00007f8ef5b97000)]
  0x00007f8f540da000 JavaThread "C2 CompilerThread1" daemon [_thread_blocked, id=31780, stack(0x00007f8ef5b97000,0x00007f8ef5c98000)]
  0x00007f8f540d7000 JavaThread "C2 CompilerThread0" daemon [_thread_blocked, id=31779, stack(0x00007f8ef5c98000,0x00007f8ef5d99000)]
  0x00007f8f540d5000 JavaThread "JDWP Event Helper Thread" daemon [_thread_blocked, id=31774, stack(0x00007f8ef5e9a000,0x00007f8ef5f9b000)]
  0x00007f8f540d1800 JavaThread "JDWP Transport Listener: dt_socket" daemon [_thread_in_native, id=31771, stack(0x00007f8ef5f9b000,0x00007f8ef609c000)]
  0x00007f8f540c5000 JavaThread "Signal Dispatcher" daemon [_thread_in_vm, id=31769, stack(0x00007f8ef62a0000,0x00007f8ef63a1000)]
  0x00007f8f54092800 JavaThread "Finalizer" daemon [_thread_blocked, id=31768, stack(0x00007f8ef63a1000,0x00007f8ef64a2000)]
  0x00007f8f5408e000 JavaThread "Reference Handler" daemon [_thread_blocked, id=31767, stack(0x00007f8ef64a2000,0x00007f8ef65a3000)]
=>0x00007f8f5400c800 JavaThread "main" [_thread_in_native, id=31754, stack(0x00007f8f5d2ca000,0x00007f8f5d3cb000)]

Other Threads:
  0x00007f8f54086800 VMThread [stack: 0x00007f8ef65a3000,0x00007f8ef66a4000] [id=31766]
  0x00007f8f540ec800 WatcherThread [stack: 0x00007f8ef5793000,0x00007f8ef5894000] [id=31784]

VM state:not at safepoint (normal execution)

VM Mutex/Monitor currently owned by a thread:  ([mutex/lock_event])
[0x00007f8f54008940] Threads_lock - owner thread: 0x00007f8f540c5000

Heap:
 PSYoungGen      total 2187264K, used 571206K [0x0000000670d00000, 0x0000000712380000, 0x00000007c0000000)
  eden space 2183680K, 26% used [0x0000000670d00000,0x00000006937d05d0,0x00000006f6180000)
  from space 3584K, 85% used [0x00000006f6180000,0x00000006f6481340,0x00000006f6500000)
  to   space 227840K, 0% used [0x0000000704500000,0x0000000704500000,0x0000000712380000)
 ParOldGen       total 1921024K, used 55171K [0x00000003d2600000, 0x0000000447a00000, 0x0000000670d00000)
  object space 1921024K, 2% used [0x00000003d2600000,0x00000003d5be0d60,0x0000000447a00000)
 Metaspace       used 6311K, capacity 6605K, committed 6784K, reserved 1056768K
  class space    used 587K, capacity 640K, committed 640K, reserved 1048576K

Card table byte_map: [0x00007f8f43092000,0x00007f8f45000000] byte_map_base: 0x00007f8f411ff000

Marking Bits: (ParMarkBitMap*) 0x00007f8f5c7a34c0
 Begin Bits: [0x00007f8ef8930000, 0x00007f8f08498000)
 End Bits:   [0x00007f8f08498000, 0x00007f8f18000000)

Polling page: 0x00007f8f5d3ec000

CodeCache: size=245760Kb used=8200Kb max_used=9686Kb free=237559Kb
 bounds [0x00007f8f45000000, 0x00007f8f45a60000, 0x00007f8f54000000]
 total_blobs=1419 nmethods=1006 adapters=335
 compilation: enabled

Compilation events (10 events):
Event: 1566.302 Thread 0x00007f8f540d7000 1649 %     4       org.sat4j.minisat.core.Solver::reset @ 55 (132 bytes)
Event: 1566.312 Thread 0x00007f8f540d7000 nmethod 1649% 0x00007f8f45617bd0 code [0x00007f8f45617e00, 0x00007f8f45618600]
Event: 1566.314 Thread 0x00007f8f540dc000 1650       4       org.sat4j.minisat.core.GlucoseLCDS::computeLBD (81 bytes)
Event: 1566.327 Thread 0x00007f8f540dc000 nmethod 1650 0x00007f8f45810210 code [0x00007f8f458103c0, 0x00007f8f45810c18]
Event: 1596.322 Thread 0x00007f8f540dc000 1652       4       sun.nio.ch.Util::getTemporaryDirectBuffer (43 bytes)
Event: 1596.322 Thread 0x00007f8f540de000 1653       3       java.nio.channels.spi.AbstractInterruptibleChannel::begin (48 bytes)
Event: 1596.322 Thread 0x00007f8f540de000 nmethod 1653 0x00007f8f452019d0 code [0x00007f8f45201bc0, 0x00007f8f452024f8]
Event: 1596.327 Thread 0x00007f8f540dc000 nmethod 1652 0x00007f8f452aa3d0 code [0x00007f8f452aa580, 0x00007f8f452aaa58]
Event: 1596.899 Thread 0x00007f8f540de000 1654       1       java.lang.Thread::getThreadGroup (5 bytes)
Event: 1596.900 Thread 0x00007f8f540de000 nmethod 1654 0x00007f8f45540090 code [0x00007f8f455401e0, 0x00007f8f455402f0]

GC Heap History (10 events):
Event: 1507.158 GC heap before
{Heap before GC invocations=86 (full 9):
 PSYoungGen      total 2489856K, used 2176873K [0x0000000670d00000, 0x000000071f980000, 0x00000007c0000000)
  eden space 2174464K, 100% used [0x0000000670d00000,0x00000006f5880000,0x00000006f5880000)
  from space 315392K, 0% used [0x000000070c580000,0x000000070c7da570,0x000000071f980000)
  to   space 344576K, 0% used [0x00000006f5880000,0x00000006f5880000,0x000000070a900000)
 ParOldGen       total 1921024K, used 55150K [0x00000003d2600000, 0x0000000447a00000, 0x0000000670d00000)
  object space 1921024K, 2% used [0x00000003d2600000,0x00000003d5bdb908,0x0000000447a00000)
 Metaspace       used 6309K, capacity 6605K, committed 6784K, reserved 1056768K
  class space    used 587K, capacity 640K, committed 640K, reserved 1048576K
Event: 1507.167 GC heap after
Heap after GC invocations=86 (full 9):
 PSYoungGen      total 2178048K, used 3513K [0x0000000670d00000, 0x000000071c700000, 0x00000007c0000000)
  eden space 2174464K, 0% used [0x0000000670d00000,0x0000000670d00000,0x00000006f5880000)
  from space 3584K, 98% used [0x00000006f5880000,0x00000006f5bee6c0,0x00000006f5c00000)
  to   space 317440K, 0% used [0x0000000709100000,0x0000000709100000,0x000000071c700000)
 ParOldGen       total 1921024K, used 55155K [0x00000003d2600000, 0x0000000447a00000, 0x0000000670d00000)
  object space 1921024K, 2% used [0x00000003d2600000,0x00000003d5bdcd60,0x0000000447a00000)
 Metaspace       used 6309K, capacity 6605K, committed 6784K, reserved 1056768K
  class space    used 587K, capacity 640K, committed 640K, reserved 1048576K
}
Event: 1524.271 GC heap before
{Heap before GC invocations=87 (full 9):
 PSYoungGen      total 2178048K, used 2177977K [0x0000000670d00000, 0x000000071c700000, 0x00000007c0000000)
  eden space 2174464K, 100% used [0x0000000670d00000,0x00000006f5880000,0x00000006f5880000)
  from space 3584K, 98% used [0x00000006f5880000,0x00000006f5bee6c0,0x00000006f5c00000)
  to   space 317440K, 0% used [0x0000000709100000,0x0000000709100000,0x000000071c700000)
 ParOldGen       total 1921024K, used 55155K [0x00000003d2600000, 0x0000000447a00000, 0x0000000670d00000)
  object space 1921024K, 2% used [0x00000003d2600000,0x00000003d5bdcd60,0x0000000447a00000)
 Metaspace       used 6309K, capacity 6605K, committed 6784K, reserved 1056768K
  class space    used 587K, capacity 640K, committed 640K, reserved 1048576K
Event: 1524.276 GC heap after
Heap after GC invocations=87 (full 9):
 PSYoungGen      total 2444288K, used 2397K [0x0000000670d00000, 0x0000000719600000, 0x00000007c0000000)
  eden space 2177024K, 0% used [0x0000000670d00000,0x0000000670d00000,0x00000006f5b00000)
  from space 267264K, 0% used [0x0000000709100000,0x00000007093577e0,0x0000000719600000)
  to   space 292352K, 0% used [0x00000006f5b00000,0x00000006f5b00000,0x0000000707880000)
 ParOldGen       total 1921024K, used 55155K [0x00000003d2600000, 0x0000000447a00000, 0x0000000670d00000)
  object space 1921024K, 2% used [0x00000003d2600000,0x00000003d5bdcd60,0x0000000447a00000)
 Metaspace       used 6309K, capacity 6605K, committed 6784K, reserved 1056768K
  class space    used 587K, capacity 640K, committed 640K, reserved 1048576K
}
Event: 1549.644 GC heap before
{Heap before GC invocations=88 (full 9):
 PSYoungGen      total 2444288K, used 2179421K [0x0000000670d00000, 0x0000000719600000, 0x00000007c0000000)
  eden space 2177024K, 100% used [0x0000000670d00000,0x00000006f5b00000,0x00000006f5b00000)
  from space 267264K, 0% used [0x0000000709100000,0x00000007093577e0,0x0000000719600000)
  to   space 292352K, 0% used [0x00000006f5b00000,0x00000006f5b00000,0x0000000707880000)
 ParOldGen       total 1921024K, used 55155K [0x00000003d2600000, 0x0000000447a00000, 0x0000000670d00000)
  object space 1921024K, 2% used [0x00000003d2600000,0x00000003d5bdcd60,0x0000000447a00000)
 Metaspace       used 6309K, capacity 6605K, committed 6784K, reserved 1056768K
  class space    used 587K, capacity 640K, committed 640K, reserved 1048576K
Event: 1549.652 GC heap after
Heap after GC invocations=88 (full 9):
 PSYoungGen      total 2180608K, used 3141K [0x0000000670d00000, 0x0000000716b80000, 0x00000007c0000000)
  eden space 2177024K, 0% used [0x0000000670d00000,0x0000000670d00000,0x00000006f5b00000)
  from space 3584K, 87% used [0x00000006f5b00000,0x00000006f5e11490,0x00000006f5e80000)
  to   space 269312K, 0% used [0x0000000706480000,0x0000000706480000,0x0000000716b80000)
 ParOldGen       total 1921024K, used 55155K [0x00000003d2600000, 0x0000000447a00000, 0x0000000670d00000)
  object space 1921024K, 2% used [0x00000003d2600000,0x00000003d5bdcd60,0x0000000447a00000)
 Metaspace       used 6309K, capacity 6605K, committed 6784K, reserved 1056768K
  class space    used 587K, capacity 640K, committed 640K, reserved 1048576K
}
Event: 1566.594 GC heap before
{Heap before GC invocations=89 (full 9):
 PSYoungGen      total 2180608K, used 2180165K [0x0000000670d00000, 0x0000000716b80000, 0x00000007c0000000)
  eden space 2177024K, 100% used [0x0000000670d00000,0x00000006f5b00000,0x00000006f5b00000)
  from space 3584K, 87% used [0x00000006f5b00000,0x00000006f5e11490,0x00000006f5e80000)
  to   space 269312K, 0% used [0x0000000706480000,0x0000000706480000,0x0000000716b80000)
 ParOldGen       total 1921024K, used 55155K [0x00000003d2600000, 0x0000000447a00000, 0x0000000670d00000)
  object space 1921024K, 2% used [0x00000003d2600000,0x00000003d5bdcd60,0x0000000447a00000)
 Metaspace       used 6309K, capacity 6605K, committed 6784K, reserved 1056768K
  class space    used 587K, capacity 640K, committed 640K, reserved 1048576K
Event: 1566.641 GC heap after
Heap after GC invocations=89 (full 9):
 PSYoungGen      total 2414080K, used 2635K [0x0000000670d00000, 0x0000000714580000, 0x00000007c0000000)
  eden space 2183680K, 0% used [0x0000000670d00000,0x0000000670d00000,0x00000006f6180000)
  from space 230400K, 1% used [0x0000000706480000,0x0000000706712e60,0x0000000714580000)
  to   space 247808K, 0% used [0x00000006f6180000,0x00000006f6180000,0x0000000705380000)
 ParOldGen       total 1921024K, used 55163K [0x00000003d2600000, 0x0000000447a00000, 0x0000000670d00000)
  object space 1921024K, 2% used [0x00000003d2600000,0x00000003d5bded60,0x0000000447a00000)
 Metaspace       used 6309K, capacity 6605K, committed 6784K, reserved 1056768K
  class space    used 587K, capacity 640K, committed 640K, reserved 1048576K
}
Event: 1596.461 GC heap before
{Heap before GC invocations=90 (full 9):
 PSYoungGen      total 2414080K, used 2186315K [0x0000000670d00000, 0x0000000714580000, 0x00000007c0000000)
  eden space 2183680K, 100% used [0x0000000670d00000,0x00000006f6180000,0x00000006f6180000)
  from space 230400K, 1% used [0x0000000706480000,0x0000000706712e60,0x0000000714580000)
  to   space 247808K, 0% used [0x00000006f6180000,0x00000006f6180000,0x0000000705380000)
 ParOldGen       total 1921024K, used 55163K [0x00000003d2600000, 0x0000000447a00000, 0x0000000670d00000)
  object space 1921024K, 2% used [0x00000003d2600000,0x00000003d5bded60,0x0000000447a00000)
 Metaspace       used 6309K, capacity 6605K, committed 6784K, reserved 1056768K
  class space    used 587K, capacity 640K, committed 640K, reserved 1048576K
Event: 1596.468 GC heap after
Heap after GC invocations=90 (full 9):
 PSYoungGen      total 2187264K, used 3076K [0x0000000670d00000, 0x0000000712380000, 0x00000007c0000000)
  eden space 2183680K, 0% used [0x0000000670d00000,0x0000000670d00000,0x00000006f6180000)
  from space 3584K, 85% used [0x00000006f6180000,0x00000006f6481340,0x00000006f6500000)
  to   space 227840K, 0% used [0x0000000704500000,0x0000000704500000,0x0000000712380000)
 ParOldGen       total 1921024K, used 55171K [0x00000003d2600000, 0x0000000447a00000, 0x0000000670d00000)
  object space 1921024K, 2% used [0x00000003d2600000,0x00000003d5be0d60,0x0000000447a00000)
 Metaspace       used 6309K, capacity 6605K, committed 6784K, reserved 1056768K
  class space    used 587K, capacity 640K, committed 640K, reserved 1048576K
}

Deoptimization events (10 events):
Event: 971.773 Thread 0x00007f8f5400c800 Uncommon trap: reason=class_check action=maybe_recompile pc=0x00007f8f455577f8 method=org.sat4j.minisat.constraints.cnf.WLClause.propagate(Lorg/sat4j/specs/UnitPropagationListener;I)Z @ 175
Event: 972.170 Thread 0x00007f8f5400c800 Uncommon trap: reason=class_check action=maybe_recompile pc=0x00007f8f451e31e8 method=java.util.Hashtable.get(Ljava/lang/Object;)Ljava/lang/Object; @ 6
Event: 991.084 Thread 0x00007f8f5400c800 Uncommon trap: reason=unstable_if action=reinterpret pc=0x00007f8f454f5e48 method=org.sat4j.minisat.orders.MLVarOrderHeap.undo(I)V @ 8
Event: 991.243 Thread 0x00007f8f5400c800 Uncommon trap: reason=class_check action=maybe_recompile pc=0x00007f8f451e31e8 method=java.util.Hashtable.get(Ljava/lang/Object;)Ljava/lang/Object; @ 6
Event: 1073.673 Thread 0x00007f8f5400c800 Uncommon trap: reason=unstable_if action=reinterpret pc=0x00007f8f45413ea4 method=org.sat4j.minisat.core.Solver.analyze(Lorg/sat4j/specs/Constr;Lorg/sat4j/minisat/core/Pair;)V @ 258
Event: 1073.673 Thread 0x00007f8f5400c800 Uncommon trap: reason=unstable_if action=reinterpret pc=0x00007f8f45735468 method=org.sat4j.minisat.core.Solver.analyze(Lorg/sat4j/specs/Constr;Lorg/sat4j/minisat/core/Pair;)V @ 258
Event: 1109.081 Thread 0x00007f8f5400c800 Uncommon trap: reason=unstable_if action=reinterpret pc=0x00007f8f456f77f4 method=org.sat4j.minisat.orders.MLVarOrderHeap.updateVarHeap()V @ 3212
Event: 1109.082 Thread 0x00007f8f5400c800 Uncommon trap: reason=unstable_if action=reinterpret pc=0x00007f8f457eb9bc method=org.sat4j.minisat.orders.MLVarOrderHeap.updateVarHeap()V @ 4609
Event: 1109.083 Thread 0x00007f8f5400c800 Uncommon trap: reason=unstable_if action=reinterpret pc=0x00007f8f456d8020 method=org.sat4j.minisat.orders.MLVarOrderHeap.updateVarHeap()V @ 4609
Event: 1596.899 Thread 0x00007f8f540c5000 Uncommon trap: reason=class_check action=maybe_recompile pc=0x00007f8f451c3f18 method=java.lang.String.valueOf(Ljava/lang/Object;)Ljava/lang/String; @ 10

Internal exceptions (10 events):
Event: 947.479 Thread 0x00007f8f5400c800 Exception <a 'java/lang/NoSuchMethodError': <clinit>> (0x00000006d8f04488) thrown at [/HUDSON/workspace/8-2-build-linux-amd64/jdk8u92/6642/hotspot/src/share/vm/prims/jni.cpp, line 1613]
Event: 947.479 Thread 0x00007f8f5400c800 Exception <a 'java/lang/NoSuchMethodError': <clinit>> (0x00000006d8f08240) thrown at [/HUDSON/workspace/8-2-build-linux-amd64/jdk8u92/6642/hotspot/src/share/vm/prims/jni.cpp, line 1613]
Event: 947.480 Thread 0x00007f8f5400c800 Exception <a 'java/lang/NoSuchMethodError': <clinit>> (0x00000006d8f08d88) thrown at [/HUDSON/workspace/8-2-build-linux-amd64/jdk8u92/6642/hotspot/src/share/vm/prims/jni.cpp, line 1613]
Event: 947.481 Thread 0x00007f8f5400c800 Exception <a 'java/lang/NoSuchMethodError': <clinit>> (0x00000006d8f16a48) thrown at [/HUDSON/workspace/8-2-build-linux-amd64/jdk8u92/6642/hotspot/src/share/vm/prims/jni.cpp, line 1613]
Event: 947.481 Thread 0x00007f8f5400c800 Exception <a 'java/lang/NoSuchMethodError': <clinit>> (0x00000006d8f1fbd0) thrown at [/HUDSON/workspace/8-2-build-linux-amd64/jdk8u92/6642/hotspot/src/share/vm/prims/jni.cpp, line 1613]
Event: 947.482 Thread 0x00007f8f5400c800 Implicit null exception at 0x00007f8f452b1912 to 0x00007f8f452b24bd
Event: 947.483 Thread 0x00007f8f5400c800 Exception <a 'java/lang/NoSuchMethodError': <clinit>> (0x00000006d8f39cf8) thrown at [/HUDSON/workspace/8-2-build-linux-amd64/jdk8u92/6642/hotspot/src/share/vm/prims/jni.cpp, line 1613]
Event: 947.484 Thread 0x00007f8f5400c800 Exception <a 'java/lang/NoSuchMethodError': <clinit>> (0x00000006d8f4f5f0) thrown at [/HUDSON/workspace/8-2-build-linux-amd64/jdk8u92/6642/hotspot/src/share/vm/prims/jni.cpp, line 1613]
Event: 947.484 Thread 0x00007f8f5400c800 Exception <a 'java/lang/NoSuchMethodError': <clinit>> (0x00000006d8f52c98) thrown at [/HUDSON/workspace/8-2-build-linux-amd64/jdk8u92/6642/hotspot/src/share/vm/prims/jni.cpp, line 1613]
Event: 947.534 Thread 0x00007f8f5400c800 Exception <a 'java/lang/NoSuchMethodError': <clinit>> (0x00000006d8f6bc20) thrown at [/HUDSON/workspace/8-2-build-linux-amd64/jdk8u92/6642/hotspot/src/share/vm/prims/jni.cpp, line 1613]

Events (10 events):
Event: 1596.193 Thread 0x00007f8e9a985800 Thread exited: 0x00007f8e9a985800
Event: 1596.461 Executing VM operation: ParallelGCFailedAllocation
Event: 1596.468 Executing VM operation: ParallelGCFailedAllocation done
Event: 1596.534 Thread 0x00007f8e9a985800 Thread added: 0x00007f8e9a985800
Event: 1596.895 Thread 0x00007f8ee4001000 Thread exited: 0x00007f8ee4001000
Event: 1596.899 loading class sun/misc/Signal$1
Event: 1596.899 loading class sun/misc/Signal$1 done
Event: 1596.899 Thread 0x00007f8f540c5000 Uncommon trap: trap_request=0xffffffde fr.pc=0x00007f8f451c3f18
Event: 1596.899 Thread 0x00007f8f540c5000 DEOPT PACKING pc=0x00007f8f451c3f18 sp=0x00007f8ef639f7c0
Event: 1596.899 Thread 0x00007f8f540c5000 DEOPT UNPACKING pc=0x00007f8f45005229 sp=0x00007f8ef639f788 mode 2


Dynamic libraries:
00400000-00401000 r-xp 00000000 09:01 43516052                           /opt/jdk/jdk1.8.0_92/bin/java
00600000-00601000 rw-p 00000000 09:01 43516052                           /opt/jdk/jdk1.8.0_92/bin/java
0180f000-01830000 rw-p 00000000 00:00 0                                  [heap]
3d2600000-447a00000 rw-p 00000000 00:00 0 
447a00000-670d00000 ---p 00000000 00:00 0 
670d00000-712380000 rw-p 00000000 00:00 0 
712380000-7c0000000 ---p 00000000 00:00 0 
7c0000000-7c00a0000 rw-p 00000000 00:00 0 
7c00a0000-800000000 ---p 00000000 00:00 0 
800000000-800100000 rw-s 103d6d8000 00:06 490                            /dev/nvidiactl
800100000-804100000 ---p 00000000 00:00 0 
804100000-804200000 rw-s c64ead000 00:06 490                             /dev/nvidiactl
804200000-804300000 ---p 00000000 00:00 0 
804300000-804400000 rw-s efade5000 00:06 490                             /dev/nvidiactl
804400000-804500000 ---p 00000000 00:00 0 
804500000-804600000 rw-s 103d5b0000 00:06 490                            /dev/nvidiactl
804600000-808600000 ---p 00000000 00:00 0 
808600000-808700000 rw-s f7877c000 00:06 490                             /dev/nvidiactl
808700000-808800000 ---p 00000000 00:00 0 
808800000-808900000 rw-s c63c91000 00:06 490                             /dev/nvidiactl
808900000-1d00000000 ---p 00000000 00:00 0 
7f8e6c000000-7f8e6c290000 rw-p 00000000 00:00 0 
7f8e6c290000-7f8e70000000 ---p 00000000 00:00 0 
7f8e74000000-7f8e78000000 rw-p 00000000 00:00 0 
7f8e7c000000-7f8e80000000 rw-p 00000000 00:00 0 
7f8e84000000-7f8e84021000 rw-p 00000000 00:00 0 
7f8e84021000-7f8e88000000 ---p 00000000 00:00 0 
7f8e88000000-7f8e88021000 rw-p 00000000 00:00 0 
7f8e88021000-7f8e8c000000 ---p 00000000 00:00 0 
7f8e8c000000-7f8e94000000 rw-p 00000000 00:00 0 
7f8e94000000-7f8e94343000 rw-p 00000000 00:00 0 
7f8e94343000-7f8e98000000 ---p 00000000 00:00 0 
7f8e98000000-7f8e9c000000 rw-p 00000000 00:00 0 
7f8e9efff000-7f8e9f000000 ---p 00000000 00:00 0 
7f8e9f000000-7f8e9f800000 rw-p 00000000 00:00 0 
7f8e9f800000-7f8e9fc00000 rw-s ff436f000 00:06 490                       /dev/nvidiactl
7f8e9fc00000-7f8ea0000000 rw-s ed2b6c000 00:06 490                       /dev/nvidiactl
7f8ea0000000-7f8ea3ffa000 rw-p 00000000 00:00 0 
7f8ea3ffa000-7f8ea4000000 ---p 00000000 00:00 0 
7f8ea4000000-7f8ea692f000 rw-p 00000000 00:00 0 
7f8ea692f000-7f8ea8000000 ---p 00000000 00:00 0 
7f8ea8000000-7f8eac000000 rw-p 00000000 00:00 0 
7f8eac01e000-7f8eac021000 ---p 00000000 00:00 0 
7f8eac021000-7f8eac11f000 rw-p 00000000 00:00 0 
7f8eac2ff000-7f8eac3ff000 rw-s f5f855000 00:06 490                       /dev/nvidiactl
7f8eac3ff000-7f8eac7ff000 rw-s f7c03d000 00:06 490                       /dev/nvidiactl
7f8eac7ff000-7f8eacbff000 rw-s cd133a000 00:06 490                       /dev/nvidiactl
7f8eacbff000-7f8eacfff000 rw-s ef42bf000 00:06 490                       /dev/nvidiactl
7f8eacfff000-7f8ead3ff000 rw-s c652f8000 00:06 490                       /dev/nvidiactl
7f8ead3ff000-7f8ead7ff000 rw-s ef432e000 00:06 490                       /dev/nvidiactl
7f8ead7ff000-7f8eadbff000 rw-s f7b98a000 00:06 490                       /dev/nvidiactl
7f8eadbff000-7f8eadfff000 rw-s c6539e000 00:06 490                       /dev/nvidiactl
7f8eadfff000-7f8eae3ff000 rw-s c62eeb000 00:06 490                       /dev/nvidiactl
7f8eae3ff000-7f8eae7ff000 rw-s f7cd8c000 00:06 490                       /dev/nvidiactl
7f8eae7ff000-7f8eaebff000 rw-s efac01000 00:06 490                       /dev/nvidiactl
7f8eaebff000-7f8eaefff000 rw-s 1013c13000 00:06 490                      /dev/nvidiactl
7f8eaefff000-7f8eaf3ff000 rw-s 3864b000 00:06 490                        /dev/nvidiactl
7f8eaf3ff000-7f8eaf7ff000 rw-s c6328a000 00:06 490                       /dev/nvidiactl
7f8eaf7ff000-7f8eaf800000 ---p 00000000 00:00 0 
7f8eaf800000-7f8eb0000000 rw-p 00000000 00:00 0 
7f8eb0000000-7f8eb0021000 rw-p 00000000 00:00 0 
7f8eb0021000-7f8eb4000000 ---p 00000000 00:00 0 
7f8eb4049000-7f8eb404a000 rw-p 00000000 00:00 0 
7f8eb404a000-7f8eb414a000 rw-s c619e7000 00:06 490                       /dev/nvidiactl
7f8eb414a000-7f8eb414b000 rw-s efd66000 00:06 458                        /dev/nvidia0
7f8eb414b000-7f8eb414c000 rw-s f78778000 00:06 490                       /dev/nvidiactl
7f8eb414c000-7f8eb4150000 rw-s e0600000 00:06 458                        /dev/nvidia0
7f8eb4150000-7f8eb4151000 rw-s efd66000 00:06 458                        /dev/nvidia0
7f8eb4151000-7f8eb4152000 rw-s ffcb2a000 00:06 490                       /dev/nvidiactl
7f8eb4152000-7f8eb4156000 rw-s e05e0000 00:06 458                        /dev/nvidia0
7f8eb4156000-7f8eb4157000 rw-s efd66000 00:06 458                        /dev/nvidia0
7f8eb4157000-7f8eb4158000 rw-s f7d122000 00:06 490                       /dev/nvidiactl
7f8eb4158000-7f8eb415c000 rw-s e05c0000 00:06 458                        /dev/nvidia0
7f8eb415c000-7f8eb415d000 rw-s efd66000 00:06 458                        /dev/nvidia0
7f8eb415d000-7f8eb415e000 rw-s f4ced4000 00:06 490                       /dev/nvidiactl
7f8eb415e000-7f8eb4162000 rw-s e05a0000 00:06 458                        /dev/nvidia0
7f8eb4162000-7f8eb4166000 rw-s e0580000 00:06 458                        /dev/nvidia0
7f8eb4166000-7f8eb4566000 rw-s 3866d000 00:06 490                        /dev/nvidiactl
7f8eb4566000-7f8eb45e9000 r-xp 00000000 09:01 23068992                   /home/willie/libraries/JCuda-All-0.7.5-bin-Linux-x86_64/libJCudaRuntime-linux-x86_64.so
7f8eb45e9000-7f8eb47e9000 ---p 00083000 09:01 23068992                   /home/willie/libraries/JCuda-All-0.7.5-bin-Linux-x86_64/libJCudaRuntime-linux-x86_64.so
7f8eb47e9000-7f8eb47ed000 rw-p 00083000 09:01 23068992                   /home/willie/libraries/JCuda-All-0.7.5-bin-Linux-x86_64/libJCudaRuntime-linux-x86_64.so
7f8eb47ed000-7f8eb47ee000 rw-p 00000000 00:00 0 
7f8eb47ee000-7f8eb4804000 r-xp 00000000 09:01 43517804                   /opt/jdk/jdk1.8.0_92/jre/lib/amd64/libnet.so
7f8eb4804000-7f8eb4a04000 ---p 00016000 09:01 43517804                   /opt/jdk/jdk1.8.0_92/jre/lib/amd64/libnet.so
7f8eb4a04000-7f8eb4a05000 rw-p 00016000 09:01 43517804                   /opt/jdk/jdk1.8.0_92/jre/lib/amd64/libnet.so
7f8eb4a05000-7f8eb4a16000 r-xp 00000000 09:01 43517807                   /opt/jdk/jdk1.8.0_92/jre/lib/amd64/libnio.so
7f8eb4a16000-7f8eb4c15000 ---p 00011000 09:01 43517807                   /opt/jdk/jdk1.8.0_92/jre/lib/amd64/libnio.so
7f8eb4c15000-7f8eb4c16000 rw-p 00010000 09:01 43517807                   /opt/jdk/jdk1.8.0_92/jre/lib/amd64/libnio.so
7f8eb4c16000-7f8eb4e46000 rw-p 00000000 00:00 0 
7f8eb4e46000-7f8eb4e47000 rw-s efd66000 00:06 458                        /dev/nvidia0
7f8eb4e47000-7f8eb4e48000 rw-s f7c01d000 00:06 490                       /dev/nvidiactl
7f8eb4e48000-7f8eb4e49000 rw-s efd66000 00:06 458                        /dev/nvidia0
7f8eb4e49000-7f8eb4e4a000 rw-s ff2846000 00:06 490                       /dev/nvidiactl
7f8eb4e4a000-7f8eb4e4e000 rw-s e0560000 00:06 458                        /dev/nvidia0
7f8eb4e4e000-7f8eb4e4f000 rw-s efd66000 00:06 458                        /dev/nvidia0
7f8eb4e4f000-7f8eb4e75000 r-xp 00000000 09:01 23068988                   /home/willie/libraries/JCuda-All-0.7.5-bin-Linux-x86_64/libJCublas-linux-x86_64.so
7f8eb4e75000-7f8eb5075000 ---p 00026000 09:01 23068988                   /home/willie/libraries/JCuda-All-0.7.5-bin-Linux-x86_64/libJCublas-linux-x86_64.so
7f8eb5075000-7f8eb5076000 rw-p 00026000 09:01 23068988                   /home/willie/libraries/JCuda-All-0.7.5-bin-Linux-x86_64/libJCublas-linux-x86_64.so
7f8eb5076000-7f8eb673f000 r-xp 00000000 09:01 17829161                   /usr/local/cuda-7.5/targets/x86_64-linux/lib/libcublas.so.7.5.18
7f8eb673f000-7f8eb693e000 ---p 016c9000 09:01 17829161                   /usr/local/cuda-7.5/targets/x86_64-linux/lib/libcublas.so.7.5.18
7f8eb693e000-7f8eb694a000 rw-p 016c8000 09:01 17829161                   /usr/local/cuda-7.5/targets/x86_64-linux/lib/libcublas.so.7.5.18
7f8eb694a000-7f8eb6955000 rw-p 00000000 00:00 0 
7f8eb6955000-7f8eb69fb000 r-xp 00000000 09:01 23068989                   /home/willie/libraries/JCuda-All-0.7.5-bin-Linux-x86_64/libJCublas2-linux-x86_64.so
7f8eb69fb000-7f8eb6bfa000 ---p 000a6000 09:01 23068989                   /home/willie/libraries/JCuda-All-0.7.5-bin-Linux-x86_64/libJCublas2-linux-x86_64.so
7f8eb6bfa000-7f8eb6bff000 rw-p 000a5000 09:01 23068989                   /home/willie/libraries/JCuda-All-0.7.5-bin-Linux-x86_64/libJCublas2-linux-x86_64.so
7f8eb6bff000-7f8eb6c00000 ---p 00000000 00:00 0 
7f8eb6c00000-7f8eb7400000 rw-p 00000000 00:00 0 
7f8eb7400000-7f8eb7800000 rw-s ebe1a7000 00:06 490                       /dev/nvidiactl
7f8eb7800000-7f8eb7c00000 rw-s f78d72000 00:06 490                       /dev/nvidiactl
7f8eb7c00000-7f8eb8000000 rw-s ec18f1000 00:06 490                       /dev/nvidiactl
7f8eb8000000-7f8eb8021000 rw-p 00000000 00:00 0 
7f8eb8021000-7f8ebc000000 ---p 00000000 00:00 0 
7f8ebc000000-7f8ebc001000 rw-s c62ce7000 00:06 490                       /dev/nvidiactl
7f8ebc001000-7f8ebc005000 rw-s e0540000 00:06 458                        /dev/nvidia0
7f8ebc005000-7f8ebc006000 rw-s efd66000 00:06 458                        /dev/nvidia0
7f8ebc006000-7f8ebc007000 rw-s e3f298000 00:06 490                       /dev/nvidiactl
7f8ebc007000-7f8ebc00b000 rw-s e0520000 00:06 458                        /dev/nvidia0
7f8ebc00b000-7f8ebc00c000 rw-s efd65000 00:06 458                        /dev/nvidia0
7f8ebc00c000-7f8ebc00d000 rw-s 1011d97000 00:06 490                      /dev/nvidiactl
7f8ebc00d000-7f8ebc011000 rw-s e0500000 00:06 458                        /dev/nvidia0
7f8ebc011000-7f8ebc012000 rw-s efd65000 00:06 458                        /dev/nvidia0
7f8ebc012000-7f8ebc013000 rw-s f79579000 00:06 490                       /dev/nvidiactl
7f8ebc013000-7f8ebc017000 rw-s e04e0000 00:06 458                        /dev/nvidia0
7f8ebc017000-7f8ebc018000 rw-s efd65000 00:06 458                        /dev/nvidia0
7f8ebc018000-7f8ebc019000 rw-s efac29000 00:06 490                       /dev/nvidiactl
7f8ebc019000-7f8ebc01d000 rw-s e04c0000 00:06 458                        /dev/nvidia0
7f8ebc01d000-7f8ebc01e000 rw-s efd65000 00:06 458                        /dev/nvidia0
7f8ebc01e000-7f8ebc01f000 rw-s f5fbc3000 00:06 490                       /dev/nvidiactl
7f8ebc01f000-7f8ebc0ff000 rw-s ef3957000 00:06 490                       /dev/nvidiactl
7f8ebc0ff000-7f8ebc1ff000 rw-s 101eb2d000 00:06 490                      /dev/nvidiactl
7f8ebc1ff000-7f8ebc2ff000 rw-s ed29ac000 00:06 490                       /dev/nvidiactl
7f8ebc2ff000-7f8ebc3ff000 rw-s ff4070000 00:06 490                       /dev/nvidiactl
7f8ebc3ff000-7f8ebc7ff000 rw-s e3b1b9000 00:06 490                       /dev/nvidiactl
7f8ebc7ff000-7f8ebcbff000 rw-s 258c0000 00:06 490                        /dev/nvidiactl
7f8ebcbff000-7f8ebcfff000 rw-s f784cb000 00:06 490                       /dev/nvidiactl
7f8ebcfff000-7f8ebd3ff000 rw-s 2589d000 00:06 490                        /dev/nvidiactl
7f8ebd3ff000-7f8ebd7ff000 rw-s f4c69d000 00:06 490                       /dev/nvidiactl
7f8ebd7ff000-7f8ebdbff000 rw-s f4cc96000 00:06 490                       /dev/nvidiactl
7f8ebdbff000-7f8ebdfff000 rw-s ff32cd000 00:06 490                       /dev/nvidiactl
7f8ebdfff000-7f8ebe3ff000 rw-s 10426af000 00:06 490                      /dev/nvidiactl
7f8ebe3ff000-7f8ebe7ff000 rw-s c613f6000 00:06 490                       /dev/nvidiactl
7f8ebe7ff000-7f8ebebff000 rw-s ef3875000 00:06 490                       /dev/nvidiactl
7f8ebebff000-7f8ebefff000 rw-s ffcb30000 00:06 490                       /dev/nvidiactl
7f8ebefff000-7f8ebf3ff000 rw-s 1053823000 00:06 490                      /dev/nvidiactl
7f8ebf3ff000-7f8ebf7ff000 rw-s 1011d9b000 00:06 490                      /dev/nvidiactl
7f8ebf7ff000-7f8ebf800000 ---p 00000000 00:00 0 
7f8ebf800000-7f8ec0000000 rw-p 00000000 00:00 0 
7f8ec0000000-7f8ec0021000 rw-p 00000000 00:00 0 
7f8ec0021000-7f8ec4000000 ---p 00000000 00:00 0 
7f8ec4000000-7f8ec4021000 rw-p 00000000 00:00 0 
7f8ec4021000-7f8ec8000000 ---p 00000000 00:00 0 
7f8ec8000000-7f8ecbff9000 rw-p 00000000 00:00 0 
7f8ecbff9000-7f8ecc000000 ---p 00000000 00:00 0 
7f8ecc000000-7f8eccc84000 rw-p 00000000 00:00 0 
7f8eccc84000-7f8ed0000000 ---p 00000000 00:00 0 
7f8ed0000000-7f8ed4000000 rw-p 00000000 00:00 0 
7f8ed4000000-7f8ed8000000 rw-p 00000000 00:00 0 
7f8ed8000000-7f8ed8021000 rw-p 00000000 00:00 0 
7f8ed8021000-7f8edc000000 ---p 00000000 00:00 0 
7f8edc000000-7f8edc021000 rw-p 00000000 00:00 0 
7f8edc021000-7f8ee0000000 ---p 00000000 00:00 0 
7f8ee0000000-7f8ee0021000 rw-p 00000000 00:00 0 
7f8ee0021000-7f8ee4000000 ---p 00000000 00:00 0 
7f8ee4000000-7f8ee4021000 rw-p 00000000 00:00 0 
7f8ee4021000-7f8ee8000000 ---p 00000000 00:00 0 
7f8ee8000000-7f8ee8021000 rw-p 00000000 00:00 0 
7f8ee8021000-7f8eec000000 ---p 00000000 00:00 0 
7f8eec000000-7f8eec4bd000 rw-p 00000000 00:00 0 
7f8eec4bd000-7f8ef0000000 ---p 00000000 00:00 0 
7f8ef0000000-7f8ef0021000 rw-p 00000000 00:00 0 
7f8ef0021000-7f8ef4000000 ---p 00000000 00:00 0 
7f8ef4000000-7f8ef4004000 rw-s e04a0000 00:06 458                        /dev/nvidia0
7f8ef4004000-7f8ef4005000 rw-s efd65000 00:06 458                        /dev/nvidia0
7f8ef4005000-7f8ef4006000 rw-s d17eb4000 00:06 490                       /dev/nvidiactl
7f8ef4006000-7f8ef400a000 rw-s e0480000 00:06 458                        /dev/nvidia0
7f8ef400a000-7f8ef400b000 rw-s efd65000 00:06 458                        /dev/nvidia0
7f8ef400b000-7f8ef400c000 rw-s f7bb3d000 00:06 490                       /dev/nvidiactl
7f8ef400c000-7f8ef4010000 rw-s e0460000 00:06 458                        /dev/nvidia0
7f8ef4010000-7f8ef4011000 rw-s efd65000 00:06 458                        /dev/nvidia0
7f8ef4011000-7f8ef4012000 rw-s 2c9e8000 00:06 490                        /dev/nvidiactl
7f8ef4012000-7f8ef4016000 rw-s e0440000 00:06 458                        /dev/nvidia0
7f8ef4016000-7f8ef4017000 rw-s efd65000 00:06 458                        /dev/nvidia0
7f8ef4017000-7f8ef4018000 rw-s ff42dd000 00:06 490                       /dev/nvidiactl
7f8ef4018000-7f8ef401c000 rw-s e0420000 00:06 458                        /dev/nvidia0
7f8ef401c000-7f8ef4020000 r--s 00097000 09:01 43517650                   /opt/jdk/jdk1.8.0_92/jre/lib/jsse.jar
7f8ef4020000-7f8ef4021000 rw-s efd64000 00:06 458                        /dev/nvidia0
7f8ef4021000-7f8ef4022000 rw-s c643e9000 00:06 490                       /dev/nvidiactl
7f8ef4022000-7f8ef4026000 rw-s e0400000 00:06 458                        /dev/nvidia0
7f8ef4026000-7f8ef4027000 rw-s efd64000 00:06 458                        /dev/nvidia0
7f8ef4027000-7f8ef4028000 rw-s ebe1a6000 00:06 490                       /dev/nvidiactl
7f8ef4028000-7f8ef402c000 rw-s e03e0000 00:06 458                        /dev/nvidia0
7f8ef402c000-7f8ef4042000 r-xp 00000000 09:01 17825985                   /lib/x86_64-linux-gnu/libgcc_s.so.1
7f8ef4042000-7f8ef4241000 ---p 00016000 09:01 17825985                   /lib/x86_64-linux-gnu/libgcc_s.so.1
7f8ef4241000-7f8ef4242000 rw-p 00015000 09:01 17825985                   /lib/x86_64-linux-gnu/libgcc_s.so.1
7f8ef4242000-7f8ef4328000 r-xp 00000000 09:01 17567569                   /usr/lib/x86_64-linux-gnu/libstdc++.so.6.0.19
7f8ef4328000-7f8ef4527000 ---p 000e6000 09:01 17567569                   /usr/lib/x86_64-linux-gnu/libstdc++.so.6.0.19
7f8ef4527000-7f8ef452f000 r--p 000e5000 09:01 17567569                   /usr/lib/x86_64-linux-gnu/libstdc++.so.6.0.19
7f8ef452f000-7f8ef4531000 rw-p 000ed000 09:01 17567569                   /usr/lib/x86_64-linux-gnu/libstdc++.so.6.0.19
7f8ef4531000-7f8ef4546000 rw-p 00000000 00:00 0 
7f8ef4546000-7f8ef5128000 r-xp 00000000 09:01 17564044                   /usr/lib/x86_64-linux-gnu/libcuda.so.352.63
7f8ef5128000-7f8ef5327000 ---p 00be2000 09:01 17564044                   /usr/lib/x86_64-linux-gnu/libcuda.so.352.63
7f8ef5327000-7f8ef54e5000 rw-p 00be1000 09:01 17564044                   /usr/lib/x86_64-linux-gnu/libcuda.so.352.63
7f8ef54e5000-7f8ef54fb000 rw-p 00000000 00:00 0 
7f8ef54fb000-7f8ef54fc000 rw-s efd64000 00:06 458                        /dev/nvidia0
7f8ef54fc000-7f8ef54fd000 rw-s ec1a75000 00:06 490                       /dev/nvidiactl
7f8ef54fd000-7f8ef5501000 rw-s e03c0000 00:06 458                        /dev/nvidia0
7f8ef5501000-7f8ef5502000 rw-s efd64000 00:06 458                        /dev/nvidia0
7f8ef5502000-7f8ef5503000 rw-s ec18f0000 00:06 490                       /dev/nvidiactl
7f8ef5503000-7f8ef5507000 rw-s e03a0000 00:06 458                        /dev/nvidia0
7f8ef5507000-7f8ef5508000 rw-s efd64000 00:06 458                        /dev/nvidia0
7f8ef5508000-7f8ef5509000 rw-s e3b1b8000 00:06 490                       /dev/nvidiactl
7f8ef5509000-7f8ef550d000 rw-s e0380000 00:06 458                        /dev/nvidia0
7f8ef550d000-7f8ef550e000 rw-s efd64000 00:06 458                        /dev/nvidia0
7f8ef550e000-7f8ef550f000 rw-s 36368000 00:06 490                        /dev/nvidiactl
7f8ef550f000-7f8ef5513000 rw-s e0360000 00:06 458                        /dev/nvidia0
7f8ef5513000-7f8ef5514000 rw-s efd64000 00:06 458                        /dev/nvidia0
7f8ef5514000-7f8ef5515000 rw-s ed0f11000 00:06 490                       /dev/nvidiactl
7f8ef5515000-7f8ef5519000 rw-s e0340000 00:06 458                        /dev/nvidia0
7f8ef5519000-7f8ef5548000 r-xp 00000000 09:01 23068991                   /home/willie/libraries/JCuda-All-0.7.5-bin-Linux-x86_64/libJCudaDriver-linux-x86_64.so
7f8ef5548000-7f8ef5747000 ---p 0002f000 09:01 23068991                   /home/willie/libraries/JCuda-All-0.7.5-bin-Linux-x86_64/libJCudaDriver-linux-x86_64.so
7f8ef5747000-7f8ef5749000 rw-p 0002e000 09:01 23068991                   /home/willie/libraries/JCuda-All-0.7.5-bin-Linux-x86_64/libJCudaDriver-linux-x86_64.so
7f8ef5749000-7f8ef576c000 r--s 001ba000 09:01 23069631                   /home/willie/workspace/mlGPU/Libraries/commons-math3-3.3/commons-math3-3.3.jar
7f8ef576c000-7f8ef5793000 r--s 001f6000 09:01 23071525                   /home/willie/workspace/SAT_Solvers_GPU/Libraries/commons-math3-3.6/commons-math3-3.6.jar
7f8ef5793000-7f8ef5794000 ---p 00000000 00:00 0 
7f8ef5794000-7f8ef5894000 rw-p 00000000 00:00 0 
7f8ef5894000-7f8ef5897000 ---p 00000000 00:00 0 
7f8ef5897000-7f8ef5995000 rw-p 00000000 00:00 0 
7f8ef5995000-7f8ef5998000 ---p 00000000 00:00 0 
7f8ef5998000-7f8ef5a96000 rw-p 00000000 00:00 0 
7f8ef5a96000-7f8ef5a99000 ---p 00000000 00:00 0 
7f8ef5a99000-7f8ef5b97000 rw-p 00000000 00:00 0 
7f8ef5b97000-7f8ef5b9a000 ---p 00000000 00:00 0 
7f8ef5b9a000-7f8ef5c98000 rw-p 00000000 00:00 0 
7f8ef5c98000-7f8ef5c9b000 ---p 00000000 00:00 0 
7f8ef5c9b000-7f8ef5d99000 rw-p 00000000 00:00 0 
7f8ef5d99000-7f8ef5d9c000 ---p 00000000 00:00 0 
7f8ef5d9c000-7f8ef5e9a000 rw-p 00000000 00:00 0 
7f8ef5e9a000-7f8ef5e9d000 ---p 00000000 00:00 0 
7f8ef5e9d000-7f8ef5f9b000 rw-p 00000000 00:00 0 
7f8ef5f9b000-7f8ef5f9e000 ---p 00000000 00:00 0 
7f8ef5f9e000-7f8ef609c000 rw-p 00000000 00:00 0 
7f8ef609c000-7f8ef60a0000 r-xp 00000000 09:01 43517770                   /opt/jdk/jdk1.8.0_92/jre/lib/amd64/libdt_socket.so
7f8ef60a0000-7f8ef629f000 ---p 00004000 09:01 43517770                   /opt/jdk/jdk1.8.0_92/jre/lib/amd64/libdt_socket.so
7f8ef629f000-7f8ef62a0000 rw-p 00003000 09:01 43517770                   /opt/jdk/jdk1.8.0_92/jre/lib/amd64/libdt_socket.so
7f8ef62a0000-7f8ef62a3000 ---p 00000000 00:00 0 
7f8ef62a3000-7f8ef63a1000 rw-p 00000000 00:00 0 
7f8ef63a1000-7f8ef63a4000 ---p 00000000 00:00 0 
7f8ef63a4000-7f8ef64a2000 rw-p 00000000 00:00 0 
7f8ef64a2000-7f8ef64a5000 ---p 00000000 00:00 0 
7f8ef64a5000-7f8ef65a3000 rw-p 00000000 00:00 0 
7f8ef65a3000-7f8ef65a4000 ---p 00000000 00:00 0 
7f8ef65a4000-7f8f18000000 rw-p 00000000 00:00 0 
7f8f18000000-7f8f18021000 rw-p 00000000 00:00 0 
7f8f18021000-7f8f1c000000 ---p 00000000 00:00 0 
7f8f1c000000-7f8f1c05b000 rw-p 00000000 00:00 0 
7f8f1c05b000-7f8f20000000 ---p 00000000 00:00 0 
7f8f20000000-7f8f20023000 rw-p 00000000 00:00 0 
7f8f20023000-7f8f24000000 ---p 00000000 00:00 0 
7f8f24000000-7f8f24021000 rw-p 00000000 00:00 0 
7f8f24021000-7f8f28000000 ---p 00000000 00:00 0 
7f8f28000000-7f8f2806b000 rw-p 00000000 00:00 0 
7f8f2806b000-7f8f2c000000 ---p 00000000 00:00 0 
7f8f2c000000-7f8f2c085000 rw-p 00000000 00:00 0 
7f8f2c085000-7f8f30000000 ---p 00000000 00:00 0 
7f8f30000000-7f8f30021000 rw-p 00000000 00:00 0 
7f8f30021000-7f8f34000000 ---p 00000000 00:00 0 
7f8f34000000-7f8f34068000 rw-p 00000000 00:00 0 
7f8f34068000-7f8f38000000 ---p 00000000 00:00 0 
7f8f38000000-7f8f38021000 rw-p 00000000 00:00 0 
7f8f38021000-7f8f3c000000 ---p 00000000 00:00 0 
7f8f3c000000-7f8f3c041000 rw-p 00000000 00:00 0 
7f8f3c041000-7f8f40000000 ---p 00000000 00:00 0 
7f8f40000000-7f8f40001000 rw-s efd64000 00:06 458                        /dev/nvidia0
7f8f40001000-7f8f40002000 rw-s 3d718000 00:06 490                        /dev/nvidiactl
7f8f40002000-7f8f40006000 rw-s e0320000 00:06 458                        /dev/nvidia0
7f8f40006000-7f8f40007000 rw-s efd63000 00:06 458                        /dev/nvidia0
7f8f40007000-7f8f4000b000 rw-s e0300000 00:06 458                        /dev/nvidia0
7f8f4000b000-7f8f401e4000 r--s 03d24000 09:01 43517598                   /opt/jdk/jdk1.8.0_92/jre/lib/rt.jar
7f8f401e4000-7f8f407e4000 rw-p 00000000 00:00 0 
7f8f407e4000-7f8f409e4000 ---p 00000000 00:00 0 
7f8f409e4000-7f8f42a8c000 rw-p 00000000 00:00 0 
7f8f42a8c000-7f8f42a8d000 ---p 00000000 00:00 0 
7f8f42a8d000-7f8f42b8d000 rw-p 00000000 00:00 0 
7f8f42b8d000-7f8f42b8e000 ---p 00000000 00:00 0 
7f8f42b8e000-7f8f42c8e000 rw-p 00000000 00:00 0 
7f8f42c8e000-7f8f42c8f000 ---p 00000000 00:00 0 
7f8f42c8f000-7f8f42d8f000 rw-p 00000000 00:00 0 
7f8f42d8f000-7f8f42d90000 ---p 00000000 00:00 0 
7f8f42d90000-7f8f42e90000 rw-p 00000000 00:00 0 
7f8f42e90000-7f8f42e91000 ---p 00000000 00:00 0 
7f8f42e91000-7f8f42f91000 rw-p 00000000 00:00 0 
7f8f42f91000-7f8f42f92000 ---p 00000000 00:00 0 
7f8f42f92000-7f8f4343c000 rw-p 00000000 00:00 0 
7f8f4343c000-7f8f44585000 ---p 00000000 00:00 0 
7f8f44585000-7f8f44a91000 rw-p 00000000 00:00 0 
7f8f44a91000-7f8f44fff000 ---p 00000000 00:00 0 
7f8f44fff000-7f8f45000000 rw-p 00000000 00:00 0 
7f8f45000000-7f8f45a60000 rwxp 00000000 00:00 0 
7f8f45a60000-7f8f54000000 ---p 00000000 00:00 0 
7f8f54000000-7f8f58000000 rw-p 00000000 00:00 0 
7f8f58000000-7f8f58001000 rw-s ec1939000 00:06 490                       /dev/nvidiactl
7f8f58001000-7f8f58002000 rw-s efd63000 00:06 458                        /dev/nvidia0
7f8f58002000-7f8f58003000 rw-s 1011cbb000 00:06 490                      /dev/nvidiactl
7f8f58003000-7f8f58007000 rw-s e02e0000 00:06 458                        /dev/nvidia0
7f8f58007000-7f8f58008000 rw-s efd63000 00:06 458                        /dev/nvidia0
7f8f58008000-7f8f58009000 rw-s ff32cc000 00:06 490                       /dev/nvidiactl
7f8f58009000-7f8f5800d000 rw-s e02c0000 00:06 458                        /dev/nvidia0
7f8f5800d000-7f8f5800e000 rw-s efd63000 00:06 458                        /dev/nvidia0
7f8f5800e000-7f8f58012000 rw-s e02a0000 00:06 458                        /dev/nvidia0
7f8f58012000-7f8f58016000 rw-s e0280000 00:06 458                        /dev/nvidia0
7f8f58016000-7f8f5808c000 rw-p 00000000 00:00 0 
7f8f5808c000-7f8f5808d000 ---p 00000000 00:00 0 
7f8f5808d000-7f8f5818d000 rw-p 00000000 00:00 0 
7f8f5818d000-7f8f5818e000 ---p 00000000 00:00 0 
7f8f5818e000-7f8f5828e000 rw-p 00000000 00:00 0 
7f8f5828e000-7f8f5828f000 ---p 00000000 00:00 0 
7f8f5828f000-7f8f5838f000 rw-p 00000000 00:00 0 
7f8f5838f000-7f8f58390000 ---p 00000000 00:00 0 
7f8f58390000-7f8f5883a000 rw-p 00000000 00:00 0 
7f8f5883a000-7f8f59984000 ---p 00000000 00:00 0 
7f8f59984000-7f8f599ae000 rw-p 00000000 00:00 0 
7f8f599ae000-7f8f59d44000 ---p 00000000 00:00 0 
7f8f59d44000-7f8f59d5e000 r-xp 00000000 09:01 43517800                   /opt/jdk/jdk1.8.0_92/jre/lib/amd64/libzip.so
7f8f59d5e000-7f8f59f5e000 ---p 0001a000 09:01 43517800                   /opt/jdk/jdk1.8.0_92/jre/lib/amd64/libzip.so
7f8f59f5e000-7f8f59f5f000 rw-p 0001a000 09:01 43517800                   /opt/jdk/jdk1.8.0_92/jre/lib/amd64/libzip.so
7f8f59f5f000-7f8f59f69000 r-xp 00000000 09:01 17830678                   /lib/x86_64-linux-gnu/libnss_files-2.19.so
7f8f59f69000-7f8f5a169000 ---p 0000a000 09:01 17830678                   /lib/x86_64-linux-gnu/libnss_files-2.19.so
7f8f5a169000-7f8f5a16a000 r--p 0000a000 09:01 17830678                   /lib/x86_64-linux-gnu/libnss_files-2.19.so
7f8f5a16a000-7f8f5a16b000 rw-p 0000b000 09:01 17830678                   /lib/x86_64-linux-gnu/libnss_files-2.19.so
7f8f5a16b000-7f8f5a176000 r-xp 00000000 09:01 17830670                   /lib/x86_64-linux-gnu/libnss_nis-2.19.so
7f8f5a176000-7f8f5a375000 ---p 0000b000 09:01 17830670                   /lib/x86_64-linux-gnu/libnss_nis-2.19.so
7f8f5a375000-7f8f5a376000 r--p 0000a000 09:01 17830670                   /lib/x86_64-linux-gnu/libnss_nis-2.19.so
7f8f5a376000-7f8f5a377000 rw-p 0000b000 09:01 17830670                   /lib/x86_64-linux-gnu/libnss_nis-2.19.so
7f8f5a377000-7f8f5a38e000 r-xp 00000000 09:01 17830666                   /lib/x86_64-linux-gnu/libnsl-2.19.so
7f8f5a38e000-7f8f5a58d000 ---p 00017000 09:01 17830666                   /lib/x86_64-linux-gnu/libnsl-2.19.so
7f8f5a58d000-7f8f5a58e000 r--p 00016000 09:01 17830666                   /lib/x86_64-linux-gnu/libnsl-2.19.so
7f8f5a58e000-7f8f5a58f000 rw-p 00017000 09:01 17830666                   /lib/x86_64-linux-gnu/libnsl-2.19.so
7f8f5a58f000-7f8f5a591000 rw-p 00000000 00:00 0 
7f8f5a591000-7f8f5a59a000 r-xp 00000000 09:01 17830665                   /lib/x86_64-linux-gnu/libnss_compat-2.19.so
7f8f5a59a000-7f8f5a799000 ---p 00009000 09:01 17830665                   /lib/x86_64-linux-gnu/libnss_compat-2.19.so
7f8f5a799000-7f8f5a79a000 r--p 00008000 09:01 17830665                   /lib/x86_64-linux-gnu/libnss_compat-2.19.so
7f8f5a79a000-7f8f5a79b000 rw-p 00009000 09:01 17830665                   /lib/x86_64-linux-gnu/libnss_compat-2.19.so
7f8f5a79b000-7f8f5aa64000 r--p 00000000 09:01 17568210                   /usr/lib/locale/locale-archive
7f8f5aa64000-7f8f5aa66000 r-xp 00000000 09:01 43517771                   /opt/jdk/jdk1.8.0_92/jre/lib/amd64/libnpt.so
7f8f5aa66000-7f8f5ac66000 ---p 00002000 09:01 43517771                   /opt/jdk/jdk1.8.0_92/jre/lib/amd64/libnpt.so
7f8f5ac66000-7f8f5ac67000 rw-p 00002000 09:01 43517771                   /opt/jdk/jdk1.8.0_92/jre/lib/amd64/libnpt.so
7f8f5ac67000-7f8f5aca0000 r-xp 00000000 09:01 43517789                   /opt/jdk/jdk1.8.0_92/jre/lib/amd64/libjdwp.so
7f8f5aca0000-7f8f5ae9f000 ---p 00039000 09:01 43517789                   /opt/jdk/jdk1.8.0_92/jre/lib/amd64/libjdwp.so
7f8f5ae9f000-7f8f5aea1000 rw-p 00038000 09:01 43517789                   /opt/jdk/jdk1.8.0_92/jre/lib/amd64/libjdwp.so
7f8f5aea1000-7f8f5aecb000 r-xp 00000000 09:01 43517795                   /opt/jdk/jdk1.8.0_92/jre/lib/amd64/libjava.so
7f8f5aecb000-7f8f5b0cb000 ---p 0002a000 09:01 43517795                   /opt/jdk/jdk1.8.0_92/jre/lib/amd64/libjava.so
7f8f5b0cb000-7f8f5b0cd000 rw-p 0002a000 09:01 43517795                   /opt/jdk/jdk1.8.0_92/jre/lib/amd64/libjava.so
7f8f5b0cd000-7f8f5b0da000 r-xp 00000000 09:01 43517799                   /opt/jdk/jdk1.8.0_92/jre/lib/amd64/libverify.so
7f8f5b0da000-7f8f5b2da000 ---p 0000d000 09:01 43517799                   /opt/jdk/jdk1.8.0_92/jre/lib/amd64/libverify.so
7f8f5b2da000-7f8f5b2dc000 rw-p 0000d000 09:01 43517799                   /opt/jdk/jdk1.8.0_92/jre/lib/amd64/libverify.so
7f8f5b2dc000-7f8f5b2e3000 r-xp 00000000 09:01 17830674                   /lib/x86_64-linux-gnu/librt-2.19.so
7f8f5b2e3000-7f8f5b4e2000 ---p 00007000 09:01 17830674                   /lib/x86_64-linux-gnu/librt-2.19.so
7f8f5b4e2000-7f8f5b4e3000 r--p 00006000 09:01 17830674                   /lib/x86_64-linux-gnu/librt-2.19.so
7f8f5b4e3000-7f8f5b4e4000 rw-p 00007000 09:01 17830674                   /lib/x86_64-linux-gnu/librt-2.19.so
7f8f5b4e4000-7f8f5b5e9000 r-xp 00000000 09:01 17830660                   /lib/x86_64-linux-gnu/libm-2.19.so
7f8f5b5e9000-7f8f5b7e8000 ---p 00105000 09:01 17830660                   /lib/x86_64-linux-gnu/libm-2.19.so
7f8f5b7e8000-7f8f5b7e9000 r--p 00104000 09:01 17830660                   /lib/x86_64-linux-gnu/libm-2.19.so
7f8f5b7e9000-7f8f5b7ea000 rw-p 00105000 09:01 17830660                   /lib/x86_64-linux-gnu/libm-2.19.so
7f8f5b7ea000-7f8f5c4ad000 r-xp 00000000 09:01 43517778                   /opt/jdk/jdk1.8.0_92/jre/lib/amd64/server/libjvm.so
7f8f5c4ad000-7f8f5c6ac000 ---p 00cc3000 09:01 43517778                   /opt/jdk/jdk1.8.0_92/jre/lib/amd64/server/libjvm.so
7f8f5c6ac000-7f8f5c785000 rw-p 00cc2000 09:01 43517778                   /opt/jdk/jdk1.8.0_92/jre/lib/amd64/server/libjvm.so
7f8f5c785000-7f8f5c7d0000 rw-p 00000000 00:00 0 
7f8f5c7d0000-7f8f5c98a000 r-xp 00000000 09:01 17830675                   /lib/x86_64-linux-gnu/libc-2.19.so
7f8f5c98a000-7f8f5cb8a000 ---p 001ba000 09:01 17830675                   /lib/x86_64-linux-gnu/libc-2.19.so
7f8f5cb8a000-7f8f5cb8e000 r--p 001ba000 09:01 17830675                   /lib/x86_64-linux-gnu/libc-2.19.so
7f8f5cb8e000-7f8f5cb90000 rw-p 001be000 09:01 17830675                   /lib/x86_64-linux-gnu/libc-2.19.so
7f8f5cb90000-7f8f5cb95000 rw-p 00000000 00:00 0 
7f8f5cb95000-7f8f5cb98000 r-xp 00000000 09:01 17830662                   /lib/x86_64-linux-gnu/libdl-2.19.so
7f8f5cb98000-7f8f5cd97000 ---p 00003000 09:01 17830662                   /lib/x86_64-linux-gnu/libdl-2.19.so
7f8f5cd97000-7f8f5cd98000 r--p 00002000 09:01 17830662                   /lib/x86_64-linux-gnu/libdl-2.19.so
7f8f5cd98000-7f8f5cd99000 rw-p 00003000 09:01 17830662                   /lib/x86_64-linux-gnu/libdl-2.19.so
7f8f5cd99000-7f8f5cdae000 r-xp 00000000 09:01 43517413                   /opt/jdk/jdk1.8.0_92/lib/amd64/jli/libjli.so
7f8f5cdae000-7f8f5cfae000 ---p 00015000 09:01 43517413                   /opt/jdk/jdk1.8.0_92/lib/amd64/jli/libjli.so
7f8f5cfae000-7f8f5cfaf000 rw-p 00015000 09:01 43517413                   /opt/jdk/jdk1.8.0_92/lib/amd64/jli/libjli.so
7f8f5cfaf000-7f8f5cfc8000 r-xp 00000000 09:01 17830667                   /lib/x86_64-linux-gnu/libpthread-2.19.so
7f8f5cfc8000-7f8f5d1c7000 ---p 00019000 09:01 17830667                   /lib/x86_64-linux-gnu/libpthread-2.19.so
7f8f5d1c7000-7f8f5d1c8000 r--p 00018000 09:01 17830667                   /lib/x86_64-linux-gnu/libpthread-2.19.so
7f8f5d1c8000-7f8f5d1c9000 rw-p 00019000 09:01 17830667                   /lib/x86_64-linux-gnu/libpthread-2.19.so
7f8f5d1c9000-7f8f5d1cd000 rw-p 00000000 00:00 0 
7f8f5d1cd000-7f8f5d1f0000 r-xp 00000000 09:01 17830668                   /lib/x86_64-linux-gnu/ld-2.19.so
7f8f5d1f0000-7f8f5d1f1000 rw-s 10426ae000 00:06 490                      /dev/nvidiactl
7f8f5d1f1000-7f8f5d1f2000 rw-s efd63000 00:06 458                        /dev/nvidia0
7f8f5d1f2000-7f8f5d1f3000 rw-s 1013d3d000 00:06 490                      /dev/nvidiactl
7f8f5d1f3000-7f8f5d1f4000 rw-s efd63000 00:06 458                        /dev/nvidia0
7f8f5d1f4000-7f8f5d1f8000 rw-s e0260000 00:06 458                        /dev/nvidia0
7f8f5d1f8000-7f8f5d2ca000 rw-p 00000000 00:00 0 
7f8f5d2ca000-7f8f5d2cd000 ---p 00000000 00:00 0 
7f8f5d2cd000-7f8f5d3cf000 rw-p 00000000 00:00 0 
7f8f5d3cf000-7f8f5d3d0000 rw-s f9c84a000 00:06 490                       /dev/nvidiactl
7f8f5d3d0000-7f8f5d3d1000 rw-s efd63000 00:06 458                        /dev/nvidia0
7f8f5d3d1000-7f8f5d3d2000 rw-s d18576000 00:06 490                       /dev/nvidiactl
7f8f5d3d2000-7f8f5d3d6000 rw-s e0240000 00:06 458                        /dev/nvidia0
7f8f5d3d6000-7f8f5d3d7000 rw-s efd63000 00:06 458                        /dev/nvidia0
7f8f5d3d7000-7f8f5d3d8000 rw-s f7b980000 00:06 490                       /dev/nvidiactl
7f8f5d3d8000-7f8f5d3dc000 rw-s e0220000 00:06 458                        /dev/nvidia0
7f8f5d3dc000-7f8f5d3dd000 r--s 00008000 09:01 23068987                   /home/willie/libraries/JCuda-All-0.7.5-bin-Linux-x86_64/jcusparse-0.7.5.jar
7f8f5d3dd000-7f8f5d3e1000 r--s 0001d000 09:01 23068983                   /home/willie/libraries/JCuda-All-0.7.5-bin-Linux-x86_64/jcuda-0.7.5.jar
7f8f5d3e1000-7f8f5d3e3000 r--s 00006000 09:01 23068982                   /home/willie/libraries/JCuda-All-0.7.5-bin-Linux-x86_64/jcublas-0.7.5.jar
7f8f5d3e3000-7f8f5d3eb000 rw-s 00000000 09:01 26876375                   /tmp/hsperfdata_willie/31749
7f8f5d3eb000-7f8f5d3ec000 rw-p 00000000 00:00 0 
7f8f5d3ec000-7f8f5d3ed000 r--p 00000000 00:00 0 
7f8f5d3ed000-7f8f5d3ef000 rw-p 00000000 00:00 0 
7f8f5d3ef000-7f8f5d3f0000 r--p 00022000 09:01 17830668                   /lib/x86_64-linux-gnu/ld-2.19.so
7f8f5d3f0000-7f8f5d3f1000 rw-p 00023000 09:01 17830668                   /lib/x86_64-linux-gnu/ld-2.19.so
7f8f5d3f1000-7f8f5d3f2000 rw-p 00000000 00:00 0 
7fff925d4000-7fff925f5000 rw-p 00000000 00:00 0                          [stack]
7fff925f8000-7fff925fa000 r--p 00000000 00:00 0                          [vvar]
7fff925fa000-7fff925fc000 r-xp 00000000 00:00 0                          [vdso]
ffffffffff600000-ffffffffff601000 r-xp 00000000 00:00 0                  [vsyscall]

VM Arguments:
jvm_args: -agentlib:jdwp=transport=dt_socket,suspend=y,address=localhost:42760 -Djava.library.path=/home/willie/libraries/JCuda-All-0.7.5-bin-Linux-x86_64:/home/willie/libraries/JCuda-All-0.7.5-bin-Linux-x86_64:/home/willie/libraries/JCuda-All-0.7.5-bin-Linux-x86_64 -Dfile.encoding=UTF-8 
java_command: MLSAT.TestMLSATSAT4J
java_class_path (initial): /home/willie/workspace/SAT_Solvers_GPU/bin:/home/willie/workspace/SAT_Solvers_GPU/Libraries/commons-math3-3.6/commons-math3-3.6.jar:/home/willie/workspace/mlGPU/bin:/home/willie/workspace/mlGPU/Libraries/commons-math3-3.3/commons-math3-3.3.jar:/home/willie/libraries/JCuda-All-0.7.5-bin-Linux-x86_64/jcublas-0.7.5.jar:/home/willie/libraries/JCuda-All-0.7.5-bin-Linux-x86_64/jcuda-0.7.5.jar:/home/willie/libraries/JCuda-All-0.7.5-bin-Linux-x86_64/jcusparse-0.7.5.jar
Launcher Type: SUN_STANDARD

Environment Variables:
PATH=/usr/local/sbin:/usr/local/bin:/usr/sbin:/usr/bin:/sbin:/bin:/usr/games:/usr/local/games:/usr/local/cuda-7.5/lib64:/usr/local/cuda-7.5/bin:/usr/lib:/usr/lib/llvm-3.8/include:/usr/include/cudnn-7.5/lib64:/opt/jdk/jdk1.8.0_92/include
LD_LIBRARY_PATH=/usr/local/cuda-7.5/lib64:/usr/local/cuda-7.5/bin:/usr/lib/llvm-3.8/include:/usr/include/cudnn-7.5/lib64:/home/willie/libraries/caffe/build/lib:/opt/jdk/jdk1.8.0_92/include
SHELL=/bin/bash
DISPLAY=:0

Signal Handlers:
SIGSEGV: [libjvm.so+0xabdee0], sa_mask[0]=11111111011111111101111111111110, sa_flags=SA_RESTART|SA_SIGINFO
SIGBUS: [libjvm.so+0xabdee0], sa_mask[0]=11111111011111111101111111111110, sa_flags=SA_RESTART|SA_SIGINFO
SIGFPE: [libjvm.so+0x91a580], sa_mask[0]=11111111011111111101111111111110, sa_flags=SA_RESTART|SA_SIGINFO
SIGPIPE: [libjvm.so+0x91a580], sa_mask[0]=11111111011111111101111111111110, sa_flags=SA_RESTART|SA_SIGINFO
SIGXFSZ: [libjvm.so+0x91a580], sa_mask[0]=11111111011111111101111111111110, sa_flags=SA_RESTART|SA_SIGINFO
SIGILL: [libjvm.so+0x91a580], sa_mask[0]=11111111011111111101111111111110, sa_flags=SA_RESTART|SA_SIGINFO
SIGUSR1: SIG_DFL, sa_mask[0]=00000000000000000000000000000000, sa_flags=none
SIGUSR2: [libjvm.so+0x91bbb0], sa_mask[0]=00100000000000000000000000000000, sa_flags=SA_RESTART|SA_SIGINFO
SIGHUP: [libjvm.so+0x91cfb0], sa_mask[0]=11111111011111111101111111111110, sa_flags=SA_RESTART|SA_SIGINFO
SIGINT: [libjvm.so+0x91cfb0], sa_mask[0]=11111111011111111101111111111110, sa_flags=SA_RESTART|SA_SIGINFO
SIGTERM: [libjvm.so+0x91cfb0], sa_mask[0]=11111111011111111101111111111110, sa_flags=SA_RESTART|SA_SIGINFO
SIGQUIT: [libjvm.so+0x91cfb0], sa_mask[0]=11111111011111111101111111111110, sa_flags=SA_RESTART|SA_SIGINFO


---------------  S Y S T E M  ---------------

OS:DISTRIB_ID=Ubuntu
DISTRIB_RELEASE=14.04
DISTRIB_CODENAME=trusty
DISTRIB_DESCRIPTION="Ubuntu 14.04.4 LTS"

uname:Linux 4.2.0-36-generic #42~14.04.1-Ubuntu SMP Fri May 13 17:27:22 UTC 2016 x86_64
libc:glibc 2.19 NPTL 2.19 
rlimit: STACK 8192k, CORE 0k, NPROC 257331, NOFILE 4096, AS infinity
load average:10.83 9.31 5.67

/proc/meminfo:
MemTotal:       65899724 kB
MemFree:        30195224 kB
MemAvailable:   39489504 kB
Buffers:          316300 kB
Cached:          8770372 kB
SwapCached:            0 kB
Active:         32653640 kB
Inactive:        2037736 kB
Active(anon):   25605832 kB
Inactive(anon):    80748 kB
Active(file):    7047808 kB
Inactive(file):  1956988 kB
Unevictable:          32 kB
Mlocked:              32 kB
SwapTotal:      67382268 kB
SwapFree:       67382268 kB
Dirty:                52 kB
Writeback:             0 kB
AnonPages:      25604736 kB
Mapped:           602672 kB
Shmem:             81884 kB
Slab:             483500 kB
SReclaimable:     411104 kB
SUnreclaim:        72396 kB
KernelStack:       12992 kB
PageTables:        83160 kB
NFS_Unstable:          0 kB
Bounce:                0 kB
WritebackTmp:          0 kB
CommitLimit:    100332128 kB
Committed_AS:   29003620 kB
VmallocTotal:   34359738367 kB
VmallocUsed:      434120 kB
VmallocChunk:   34358945788 kB
HardwareCorrupted:     0 kB
AnonHugePages:  23666688 kB
CmaTotal:              0 kB
CmaFree:               0 kB
HugePages_Total:       0
HugePages_Free:        0
HugePages_Rsvd:        0
HugePages_Surp:        0
Hugepagesize:       2048 kB
DirectMap4k:      598120 kB
DirectMap2M:    18198528 kB
DirectMap1G:    50331648 kB


CPU:total 12 (6 cores per cpu, 2 threads per core) family 6 model 63 stepping 2, cmov, cx8, fxsr, mmx, sse, sse2, sse3, ssse3, sse4.1, sse4.2, popcnt, avx, avx2, aes, clmul, erms, lzcnt, ht, tsc, tscinvbit, bmi1, bmi2

/proc/cpuinfo:
processor	: 0
vendor_id	: GenuineIntel
cpu family	: 6
model		: 63
model name	: Intel(R) Core(TM) i7-5930K CPU @ 3.50GHz
stepping	: 2
microcode	: 0x27
cpu MHz		: 3599.941
cache size	: 15360 KB
physical id	: 0
siblings	: 12
core id		: 0
cpu cores	: 6
apicid		: 0
initial apicid	: 0
fpu		: yes
fpu_exception	: yes
cpuid level	: 15
wp		: yes
flags		: fpu vme de pse tsc msr pae mce cx8 apic sep mtrr pge mca cmov pat pse36 clflush dts acpi mmx fxsr sse sse2 ss ht tm pbe syscall nx pdpe1gb rdtscp lm constant_tsc arch_perfmon pebs bts rep_good nopl xtopology nonstop_tsc aperfmperf eagerfpu pni pclmulqdq dtes64 monitor ds_cpl vmx est tm2 ssse3 fma cx16 xtpr pdcm pcid dca sse4_1 sse4_2 x2apic movbe popcnt tsc_deadline_timer aes xsave avx f16c rdrand lahf_lm abm ida arat epb pln pts dtherm tpr_shadow vnmi flexpriority ept vpid fsgsbase tsc_adjust bmi1 avx2 smep bmi2 erms invpcid cqm xsaveopt cqm_llc cqm_occup_llc
bugs		:
bogomips	: 6984.49
clflush size	: 64
cache_alignment	: 64
address sizes	: 46 bits physical, 48 bits virtual
power management:

processor	: 1
vendor_id	: GenuineIntel
cpu family	: 6
model		: 63
model name	: Intel(R) Core(TM) i7-5930K CPU @ 3.50GHz
stepping	: 2
microcode	: 0x27
cpu MHz		: 3599.941
cache size	: 15360 KB
physical id	: 0
siblings	: 12
core id		: 1
cpu cores	: 6
apicid		: 2
initial apicid	: 2
fpu		: yes
fpu_exception	: yes
cpuid level	: 15
wp		: yes
flags		: fpu vme de pse tsc msr pae mce cx8 apic sep mtrr pge mca cmov pat pse36 clflush dts acpi mmx fxsr sse sse2 ss ht tm pbe syscall nx pdpe1gb rdtscp lm constant_tsc arch_perfmon pebs bts rep_good nopl xtopology nonstop_tsc aperfmperf eagerfpu pni pclmulqdq dtes64 monitor ds_cpl vmx est tm2 ssse3 fma cx16 xtpr pdcm pcid dca sse4_1 sse4_2 x2apic movbe popcnt tsc_deadline_timer aes xsave avx f16c rdrand lahf_lm abm ida arat epb pln pts dtherm tpr_shadow vnmi flexpriority ept vpid fsgsbase tsc_adjust bmi1 avx2 smep bmi2 erms invpcid cqm xsaveopt cqm_llc cqm_occup_llc
bugs		:
bogomips	: 6984.49
clflush size	: 64
cache_alignment	: 64
address sizes	: 46 bits physical, 48 bits virtual
power management:

processor	: 2
vendor_id	: GenuineIntel
cpu family	: 6
model		: 63
model name	: Intel(R) Core(TM) i7-5930K CPU @ 3.50GHz
stepping	: 2
microcode	: 0x27
cpu MHz		: 3599.941
cache size	: 15360 KB
physical id	: 0
siblings	: 12
core id		: 2
cpu cores	: 6
apicid		: 4
initial apicid	: 4
fpu		: yes
fpu_exception	: yes
cpuid level	: 15
wp		: yes
flags		: fpu vme de pse tsc msr pae mce cx8 apic sep mtrr pge mca cmov pat pse36 clflush dts acpi mmx fxsr sse sse2 ss ht tm pbe syscall nx pdpe1gb rdtscp lm constant_tsc arch_perfmon pebs bts rep_good nopl xtopology nonstop_tsc aperfmperf eagerfpu pni pclmulqdq dtes64 monitor ds_cpl vmx est tm2 ssse3 fma cx16 xtpr pdcm pcid dca sse4_1 sse4_2 x2apic movbe popcnt tsc_deadline_timer aes xsave avx f16c rdrand lahf_lm abm ida arat epb pln pts dtherm tpr_shadow vnmi flexpriority ept vpid fsgsbase tsc_adjust bmi1 avx2 smep bmi2 erms invpcid cqm xsaveopt cqm_llc cqm_occup_llc
bugs		:
bogomips	: 6984.49
clflush size	: 64
cache_alignment	: 64
address sizes	: 46 bits physical, 48 bits virtual
power management:

processor	: 3
vendor_id	: GenuineIntel
cpu family	: 6
model		: 63
model name	: Intel(R) Core(TM) i7-5930K CPU @ 3.50GHz
stepping	: 2
microcode	: 0x27
cpu MHz		: 3599.941
cache size	: 15360 KB
physical id	: 0
siblings	: 12
core id		: 3
cpu cores	: 6
apicid		: 6
initial apicid	: 6
fpu		: yes
fpu_exception	: yes
cpuid level	: 15
wp		: yes
flags		: fpu vme de pse tsc msr pae mce cx8 apic sep mtrr pge mca cmov pat pse36 clflush dts acpi mmx fxsr sse sse2 ss ht tm pbe syscall nx pdpe1gb rdtscp lm constant_tsc arch_perfmon pebs bts rep_good nopl xtopology nonstop_tsc aperfmperf eagerfpu pni pclmulqdq dtes64 monitor ds_cpl vmx est tm2 ssse3 fma cx16 xtpr pdcm pcid dca sse4_1 sse4_2 x2apic movbe popcnt tsc_deadline_timer aes xsave avx f16c rdrand lahf_lm abm ida arat epb pln pts dtherm tpr_shadow vnmi flexpriority ept vpid fsgsbase tsc_adjust bmi1 avx2 smep bmi2 erms invpcid cqm xsaveopt cqm_llc cqm_occup_llc
bugs		:
bogomips	: 6984.49
clflush size	: 64
cache_alignment	: 64
address sizes	: 46 bits physical, 48 bits virtual
power management:

processor	: 4
vendor_id	: GenuineIntel
cpu family	: 6
model		: 63
model name	: Intel(R) Core(TM) i7-5930K CPU @ 3.50GHz
stepping	: 2
microcode	: 0x27
cpu MHz		: 3599.941
cache size	: 15360 KB
physical id	: 0
siblings	: 12
core id		: 4
cpu cores	: 6
apicid		: 8
initial apicid	: 8
fpu		: yes
fpu_exception	: yes
cpuid level	: 15
wp		: yes
flags		: fpu vme de pse tsc msr pae mce cx8 apic sep mtrr pge mca cmov pat pse36 clflush dts acpi mmx fxsr sse sse2 ss ht tm pbe syscall nx pdpe1gb rdtscp lm constant_tsc arch_perfmon pebs bts rep_good nopl xtopology nonstop_tsc aperfmperf eagerfpu pni pclmulqdq dtes64 monitor ds_cpl vmx est tm2 ssse3 fma cx16 xtpr pdcm pcid dca sse4_1 sse4_2 x2apic movbe popcnt tsc_deadline_timer aes xsave avx f16c rdrand lahf_lm abm ida arat epb pln pts dtherm tpr_shadow vnmi flexpriority ept vpid fsgsbase tsc_adjust bmi1 avx2 smep bmi2 erms invpcid cqm xsaveopt cqm_llc cqm_occup_llc
bugs		:
bogomips	: 6984.49
clflush size	: 64
cache_alignment	: 64
address sizes	: 46 bits physical, 48 bits virtual
power management:

processor	: 5
vendor_id	: GenuineIntel
cpu family	: 6
model		: 63
model name	: Intel(R) Core(TM) i7-5930K CPU @ 3.50GHz
stepping	: 2
microcode	: 0x27
cpu MHz		: 3599.941
cache size	: 15360 KB
physical id	: 0
siblings	: 12
core id		: 5
cpu cores	: 6
apicid		: 10
initial apicid	: 10
fpu		: yes
fpu_exception	: yes
cpuid level	: 15
wp		: yes
flags		: fpu vme de pse tsc msr pae mce cx8 apic sep mtrr pge mca cmov pat pse36 clflush dts acpi mmx fxsr sse sse2 ss ht tm pbe syscall nx pdpe1gb rdtscp lm constant_tsc arch_perfmon pebs bts rep_good nopl xtopology nonstop_tsc aperfmperf eagerfpu pni pclmulqdq dtes64 monitor ds_cpl vmx est tm2 ssse3 fma cx16 xtpr pdcm pcid dca sse4_1 sse4_2 x2apic movbe popcnt tsc_deadline_timer aes xsave avx f16c rdrand lahf_lm abm ida arat epb pln pts dtherm tpr_shadow vnmi flexpriority ept vpid fsgsbase tsc_adjust bmi1 avx2 smep bmi2 erms invpcid cqm xsaveopt cqm_llc cqm_occup_llc
bugs		:
bogomips	: 6984.49
clflush size	: 64
cache_alignment	: 64
address sizes	: 46 bits physical, 48 bits virtual
power management:

processor	: 6
vendor_id	: GenuineIntel
cpu family	: 6
model		: 63
model name	: Intel(R) Core(TM) i7-5930K CPU @ 3.50GHz
stepping	: 2
microcode	: 0x27
cpu MHz		: 3599.941
cache size	: 15360 KB
physical id	: 0
siblings	: 12
core id		: 0
cpu cores	: 6
apicid		: 1
initial apicid	: 1
fpu		: yes
fpu_exception	: yes
cpuid level	: 15
wp		: yes
flags		: fpu vme de pse tsc msr pae mce cx8 apic sep mtrr pge mca cmov pat pse36 clflush dts acpi mmx fxsr sse sse2 ss ht tm pbe syscall nx pdpe1gb rdtscp lm constant_tsc arch_perfmon pebs bts rep_good nopl xtopology nonstop_tsc aperfmperf eagerfpu pni pclmulqdq dtes64 monitor ds_cpl vmx est tm2 ssse3 fma cx16 xtpr pdcm pcid dca sse4_1 sse4_2 x2apic movbe popcnt tsc_deadline_timer aes xsave avx f16c rdrand lahf_lm abm ida arat epb pln pts dtherm tpr_shadow vnmi flexpriority ept vpid fsgsbase tsc_adjust bmi1 avx2 smep bmi2 erms invpcid cqm xsaveopt cqm_llc cqm_occup_llc
bugs		:
bogomips	: 6984.49
clflush size	: 64
cache_alignment	: 64
address sizes	: 46 bits physical, 48 bits virtual
power management:

processor	: 7
vendor_id	: GenuineIntel
cpu family	: 6
model		: 63
model name	: Intel(R) Core(TM) i7-5930K CPU @ 3.50GHz
stepping	: 2
microcode	: 0x27
cpu MHz		: 3599.941
cache size	: 15360 KB
physical id	: 0
siblings	: 12
core id		: 1
cpu cores	: 6
apicid		: 3
initial apicid	: 3
fpu		: yes
fpu_exception	: yes
cpuid level	: 15
wp		: yes
flags		: fpu vme de pse tsc msr pae mce cx8 apic sep mtrr pge mca cmov pat pse36 clflush dts acpi mmx fxsr sse sse2 ss ht tm pbe syscall nx pdpe1gb rdtscp lm constant_tsc arch_perfmon pebs bts rep_good nopl xtopology nonstop_tsc aperfmperf eagerfpu pni pclmulqdq dtes64 monitor ds_cpl vmx est tm2 ssse3 fma cx16 xtpr pdcm pcid dca sse4_1 sse4_2 x2apic movbe popcnt tsc_deadline_timer aes xsave avx f16c rdrand lahf_lm abm ida arat epb pln pts dtherm tpr_shadow vnmi flexpriority ept vpid fsgsbase tsc_adjust bmi1 avx2 smep bmi2 erms invpcid cqm xsaveopt cqm_llc cqm_occup_llc
bugs		:
bogomips	: 6984.49
clflush size	: 64
cache_alignment	: 64
address sizes	: 46 bits physical, 48 bits virtual
power management:

processor	: 8
vendor_id	: GenuineIntel
cpu family	: 6
model		: 63
model name	: Intel(R) Core(TM) i7-5930K CPU @ 3.50GHz
stepping	: 2
microcode	: 0x27
cpu MHz		: 3599.941
cache size	: 15360 KB
physical id	: 0
siblings	: 12
core id		: 2
cpu cores	: 6
apicid		: 5
initial apicid	: 5
fpu		: yes
fpu_exception	: yes
cpuid level	: 15
wp		: yes
flags		: fpu vme de pse tsc msr pae mce cx8 apic sep mtrr pge mca cmov pat pse36 clflush dts acpi mmx fxsr sse sse2 ss ht tm pbe syscall nx pdpe1gb rdtscp lm constant_tsc arch_perfmon pebs bts rep_good nopl xtopology nonstop_tsc aperfmperf eagerfpu pni pclmulqdq dtes64 monitor ds_cpl vmx est tm2 ssse3 fma cx16 xtpr pdcm pcid dca sse4_1 sse4_2 x2apic movbe popcnt tsc_deadline_timer aes xsave avx f16c rdrand lahf_lm abm ida arat epb pln pts dtherm tpr_shadow vnmi flexpriority ept vpid fsgsbase tsc_adjust bmi1 avx2 smep bmi2 erms invpcid cqm xsaveopt cqm_llc cqm_occup_llc
bugs		:
bogomips	: 6984.49
clflush size	: 64
cache_alignment	: 64
address sizes	: 46 bits physical, 48 bits virtual
power management:

processor	: 9
vendor_id	: GenuineIntel
cpu family	: 6
model		: 63
model name	: Intel(R) Core(TM) i7-5930K CPU @ 3.50GHz
stepping	: 2
microcode	: 0x27
cpu MHz		: 3599.941
cache size	: 15360 KB
physical id	: 0
siblings	: 12
core id		: 3
cpu cores	: 6
apicid		: 7
initial apicid	: 7
fpu		: yes
fpu_exception	: yes
cpuid level	: 15
wp		: yes
flags		: fpu vme de pse tsc msr pae mce cx8 apic sep mtrr pge mca cmov pat pse36 clflush dts acpi mmx fxsr sse sse2 ss ht tm pbe syscall nx pdpe1gb rdtscp lm constant_tsc arch_perfmon pebs bts rep_good nopl xtopology nonstop_tsc aperfmperf eagerfpu pni pclmulqdq dtes64 monitor ds_cpl vmx est tm2 ssse3 fma cx16 xtpr pdcm pcid dca sse4_1 sse4_2 x2apic movbe popcnt tsc_deadline_timer aes xsave avx f16c rdrand lahf_lm abm ida arat epb pln pts dtherm tpr_shadow vnmi flexpriority ept vpid fsgsbase tsc_adjust bmi1 avx2 smep bmi2 erms invpcid cqm xsaveopt cqm_llc cqm_occup_llc
bugs		:
bogomips	: 6984.49
clflush size	: 64
cache_alignment	: 64
address sizes	: 46 bits physical, 48 bits virtual
power management:

processor	: 10
vendor_id	: GenuineIntel
cpu family	: 6
model		: 63
model name	: Intel(R) Core(TM) i7-5930K CPU @ 3.50GHz
stepping	: 2
microcode	: 0x27
cpu MHz		: 3599.941
cache size	: 15360 KB
physical id	: 0
siblings	: 12
core id		: 4
cpu cores	: 6
apicid		: 9
initial apicid	: 9
fpu		: yes
fpu_exception	: yes
cpuid level	: 15
wp		: yes
flags		: fpu vme de pse tsc msr pae mce cx8 apic sep mtrr pge mca cmov pat pse36 clflush dts acpi mmx fxsr sse sse2 ss ht tm pbe syscall nx pdpe1gb rdtscp lm constant_tsc arch_perfmon pebs bts rep_good nopl xtopology nonstop_tsc aperfmperf eagerfpu pni pclmulqdq dtes64 monitor ds_cpl vmx est tm2 ssse3 fma cx16 xtpr pdcm pcid dca sse4_1 sse4_2 x2apic movbe popcnt tsc_deadline_timer aes xsave avx f16c rdrand lahf_lm abm ida arat epb pln pts dtherm tpr_shadow vnmi flexpriority ept vpid fsgsbase tsc_adjust bmi1 avx2 smep bmi2 erms invpcid cqm xsaveopt cqm_llc cqm_occup_llc
bugs		:
bogomips	: 6984.49
clflush size	: 64
cache_alignment	: 64
address sizes	: 46 bits physical, 48 bits virtual
power management:

processor	: 11
vendor_id	: GenuineIntel
cpu family	: 6
model		: 63
model name	: Intel(R) Core(TM) i7-5930K CPU @ 3.50GHz
stepping	: 2
microcode	: 0x27
cpu MHz		: 3599.941
cache size	: 15360 KB
physical id	: 0
siblings	: 12
core id		: 5
cpu cores	: 6
apicid		: 11
initial apicid	: 11
fpu		: yes
fpu_exception	: yes
cpuid level	: 15
wp		: yes
flags		: fpu vme de pse tsc msr pae mce cx8 apic sep mtrr pge mca cmov pat pse36 clflush dts acpi mmx fxsr sse sse2 ss ht tm pbe syscall nx pdpe1gb rdtscp lm constant_tsc arch_perfmon pebs bts rep_good nopl xtopology nonstop_tsc aperfmperf eagerfpu pni pclmulqdq dtes64 monitor ds_cpl vmx est tm2 ssse3 fma cx16 xtpr pdcm pcid dca sse4_1 sse4_2 x2apic movbe popcnt tsc_deadline_timer aes xsave avx f16c rdrand lahf_lm abm ida arat epb pln pts dtherm tpr_shadow vnmi flexpriority ept vpid fsgsbase tsc_adjust bmi1 avx2 smep bmi2 erms invpcid cqm xsaveopt cqm_llc cqm_occup_llc
bugs		:
bogomips	: 6984.49
clflush size	: 64
cache_alignment	: 64
address sizes	: 46 bits physical, 48 bits virtual
power management:



Memory: 4k page, physical 65899724k(30195224k free), swap 67382268k(67382268k free)

vm_info: Java HotSpot(TM) 64-Bit Server VM (25.92-b14) for linux-amd64 JRE (1.8.0_92-b14), built on Mar 31 2016 21:08:29 by "java_re" with gcc 4.3.0 20080428 (Red Hat 4.3.0-8)

time: Thu May 26 00:04:44 2016
elapsed time: 1596 seconds (0d 0h 26m 36s)

